[0.494s] Invoking command in '/home/madhav/mrt_ws/src/aruco_markers': AMENT_PREFIX_PATH=/home/madhav/mrt_ws/install/aruco_interfaces:${AMENT_PREFIX_PATH} CMAKE_PREFIX_PATH=/home/madhav/mrt_ws/install/aruco_interfaces:${CMAKE_PREFIX_PATH} LD_LIBRARY_PATH=/home/madhav/mrt_ws/install/aruco_interfaces/lib:${LD_LIBRARY_PATH} PYTHONPATH=/home/madhav/mrt_ws/build/aruco_markers/prefix_override:/home/madhav/mrt_ws/install/aruco_markers/lib/python3.10/site-packages:/home/madhav/mrt_ws/install/aruco_interfaces/local/lib/python3.10/dist-packages:${PYTHONPATH} /usr/bin/python3 setup.py egg_info --egg-base ../../build/aruco_markers build --build-base /home/madhav/mrt_ws/build/aruco_markers/build install --record /home/madhav/mrt_ws/build/aruco_markers/install.log --single-version-externally-managed
[0.620s] running egg_info
[0.620s] writing ../../build/aruco_markers/aruco_markers.egg-info/PKG-INFO
[0.621s] writing dependency_links to ../../build/aruco_markers/aruco_markers.egg-info/dependency_links.txt
[0.621s] writing entry points to ../../build/aruco_markers/aruco_markers.egg-info/entry_points.txt
[0.621s] writing requirements to ../../build/aruco_markers/aruco_markers.egg-info/requires.txt
[0.621s] writing top-level names to ../../build/aruco_markers/aruco_markers.egg-info/top_level.txt
[0.622s] reading manifest file '../../build/aruco_markers/aruco_markers.egg-info/SOURCES.txt'
[0.623s] writing manifest file '../../build/aruco_markers/aruco_markers.egg-info/SOURCES.txt'
[0.623s] running build
[0.623s] running build_py
[0.623s] copying aruco_markers/infoserver.py -> /home/madhav/mrt_ws/build/aruco_markers/build/lib/aruco_markers
[0.623s] copying aruco_markers/client.py -> /home/madhav/mrt_ws/build/aruco_markers/build/lib/aruco_markers
[0.623s] running install
[0.624s] /usr/lib/python3/dist-packages/setuptools/command/install.py:34: SetuptoolsDeprecationWarning: setup.py install is deprecated. Use build and pip and other standards-based tools.
[0.624s]   warnings.warn(
[0.624s] running install_lib
[0.624s] copying /home/madhav/mrt_ws/build/aruco_markers/build/lib/aruco_markers/infoserver.py -> /home/madhav/mrt_ws/install/aruco_markers/lib/python3.10/site-packages/aruco_markers
[0.624s] copying /home/madhav/mrt_ws/build/aruco_markers/build/lib/aruco_markers/client.py -> /home/madhav/mrt_ws/install/aruco_markers/lib/python3.10/site-packages/aruco_markers
[0.624s] byte-compiling /home/madhav/mrt_ws/install/aruco_markers/lib/python3.10/site-packages/aruco_markers/infoserver.py to infoserver.cpython-310.pyc
[0.624s] byte-compiling /home/madhav/mrt_ws/install/aruco_markers/lib/python3.10/site-packages/aruco_markers/client.py to client.cpython-310.pyc
[0.624s] running install_data
[0.625s] running install_egg_info
[0.626s] removing '/home/madhav/mrt_ws/install/aruco_markers/lib/python3.10/site-packages/aruco_markers-0.0.0-py3.10.egg-info' (and everything under it)
[0.626s] Copying ../../build/aruco_markers/aruco_markers.egg-info to /home/madhav/mrt_ws/install/aruco_markers/lib/python3.10/site-packages/aruco_markers-0.0.0-py3.10.egg-info
[0.627s] running install_scripts
[0.639s] Installing client script to /home/madhav/mrt_ws/install/aruco_markers/lib/aruco_markers
[0.640s] Installing infoserver script to /home/madhav/mrt_ws/install/aruco_markers/lib/aruco_markers
[0.640s] writing list of installed files to '/home/madhav/mrt_ws/build/aruco_markers/install.log'
[0.655s] Invoked command in '/home/madhav/mrt_ws/src/aruco_markers' returned '0': AMENT_PREFIX_PATH=/home/madhav/mrt_ws/install/aruco_interfaces:${AMENT_PREFIX_PATH} CMAKE_PREFIX_PATH=/home/madhav/mrt_ws/install/aruco_interfaces:${CMAKE_PREFIX_PATH} LD_LIBRARY_PATH=/home/madhav/mrt_ws/install/aruco_interfaces/lib:${LD_LIBRARY_PATH} PYTHONPATH=/home/madhav/mrt_ws/build/aruco_markers/prefix_override:/home/madhav/mrt_ws/install/aruco_markers/lib/python3.10/site-packages:/home/madhav/mrt_ws/install/aruco_interfaces/local/lib/python3.10/dist-packages:${PYTHONPATH} /usr/bin/python3 setup.py egg_info --egg-base ../../build/aruco_markers build --build-base /home/madhav/mrt_ws/build/aruco_markers/build install --record /home/madhav/mrt_ws/build/aruco_markers/install.log --single-version-externally-managed
