[0.040s] Invoking command in '/home/madhav/mrt_ws/build/aruco_interfaces': CMAKE_PREFIX_PATH=${CMAKE_PREFIX_PATH}:/home/madhav/mrt_ws/install/madhav_agrawal_assn_2:/home/madhav/mrt_ws/install/imgprocess:/home/madhav/mrt_ws/install/imgpprocess:/home/madhav/erc_ws/install/week1_tutorials:/home/madhav/erc_ws/install/week0_tutorials:/home/madhav/erc_ws/install/sherlock:/opt/ros/humble /usr/bin/cmake --build /home/madhav/mrt_ws/build/aruco_interfaces -- -j12 -l12
[0.060s] -- Found ament_cmake: 1.3.6 (/opt/ros/humble/share/ament_cmake/cmake)
[0.153s] -- Found rosidl_default_generators: 1.2.0 (/opt/ros/humble/share/rosidl_default_generators/cmake)
[0.154s] -- Using all available rosidl_typesupport_c: rosidl_typesupport_fastrtps_c;rosidl_typesupport_introspection_c
[0.156s] -- Found rosidl_adapter: 3.1.5 (/opt/ros/humble/share/rosidl_adapter/cmake)
[0.173s] -- Using all available rosidl_typesupport_cpp: rosidl_typesupport_fastrtps_cpp;rosidl_typesupport_introspection_cpp
[0.188s] -- Found sensor_msgs: 4.2.3 (/opt/ros/humble/share/sensor_msgs/cmake)
[0.491s] -- Found ament_cmake_ros: 0.10.0 (/opt/ros/humble/share/ament_cmake_ros/cmake)
[0.656s] -- Using all available rosidl_typesupport_c: rosidl_typesupport_fastrtps_c;rosidl_typesupport_introspection_c
[0.873s] -- Using all available rosidl_typesupport_cpp: rosidl_typesupport_fastrtps_cpp;rosidl_typesupport_introspection_cpp
[0.887s] -- Found python_cmake_module: 0.10.0 (/opt/ros/humble/share/python_cmake_module/cmake)
[0.901s] -- Using PYTHON_EXECUTABLE: /usr/bin/python3
[0.901s] -- Using PYTHON_INCLUDE_DIRS: /usr/include/python3.10
[0.901s] -- Using PYTHON_LIBRARIES: /usr/lib/x86_64-linux-gnu/libpython3.10.so
[0.931s] -- Found ament_lint_auto: 0.12.9 (/opt/ros/humble/share/ament_lint_auto/cmake)
[0.935s] -- Added test 'lint_cmake' to check CMake code style
[0.936s] -- Added test 'xmllint' to check XML markup files
[0.936s] -- Configuring done
[0.967s] -- Generating done
[0.969s] -- Build files have been written to: /home/madhav/mrt_ws/build/aruco_interfaces
[0.985s] [35m[1mConsolidate compiler generated dependencies of target aruco_interfaces__rosidl_generator_c[0m
[0.992s] [  1%] Built target aruco_interfaces__cpp
[0.993s] [ 12%] Built target aruco_interfaces__rosidl_generator_c
[1.002s] [35m[1mConsolidate compiler generated dependencies of target aruco_interfaces__rosidl_typesupport_fastrtps_c[0m
[1.002s] [35m[1mConsolidate compiler generated dependencies of target aruco_interfaces__rosidl_typesupport_fastrtps_cpp[0m
[1.003s] [35m[1mConsolidate compiler generated dependencies of target aruco_interfaces__rosidl_typesupport_cpp[0m
[1.004s] [35m[1mConsolidate compiler generated dependencies of target aruco_interfaces__rosidl_typesupport_introspection_cpp[0m
[1.004s] [35m[1mConsolidate compiler generated dependencies of target aruco_interfaces__rosidl_typesupport_c[0m
[1.004s] [35m[1mConsolidate compiler generated dependencies of target aruco_interfaces__rosidl_typesupport_introspection_c[0m
[1.007s] [ 12%] Built target ament_cmake_python_copy_aruco_interfaces
[1.015s] [ 23%] Built target aruco_interfaces__rosidl_typesupport_c
[1.016s] [ 34%] Built target aruco_interfaces__rosidl_typesupport_fastrtps_c
[1.018s] [ 45%] Built target aruco_interfaces__rosidl_typesupport_introspection_c
[1.019s] [ 56%] Built target aruco_interfaces__rosidl_typesupport_fastrtps_cpp
[1.020s] [ 67%] Built target aruco_interfaces__rosidl_typesupport_cpp
[1.021s] [ 78%] Built target aruco_interfaces__rosidl_typesupport_introspection_cpp
[1.034s] [ 78%] Built target aruco_interfaces
[1.049s] [ 80%] Built target aruco_interfaces__py
[1.057s] [35m[1mConsolidate compiler generated dependencies of target aruco_interfaces__rosidl_generator_py[0m
[1.067s] [ 89%] Built target aruco_interfaces__rosidl_generator_py
[1.074s] [35m[1mConsolidate compiler generated dependencies of target aruco_interfaces__rosidl_typesupport_fastrtps_c__pyext[0m
[1.077s] [35m[1mConsolidate compiler generated dependencies of target aruco_interfaces__rosidl_typesupport_introspection_c__pyext[0m
[1.077s] [35m[1mConsolidate compiler generated dependencies of target aruco_interfaces__rosidl_typesupport_c__pyext[0m
[1.084s] [ 92%] Built target aruco_interfaces__rosidl_typesupport_fastrtps_c__pyext
[1.090s] [100%] Built target aruco_interfaces__rosidl_typesupport_introspection_c__pyext
[1.090s] [100%] Built target aruco_interfaces__rosidl_typesupport_c__pyext
[1.170s] running egg_info
[1.171s] writing aruco_interfaces.egg-info/PKG-INFO
[1.171s] writing dependency_links to aruco_interfaces.egg-info/dependency_links.txt
[1.171s] writing top-level names to aruco_interfaces.egg-info/top_level.txt
[1.173s] reading manifest file 'aruco_interfaces.egg-info/SOURCES.txt'
[1.173s] writing manifest file 'aruco_interfaces.egg-info/SOURCES.txt'
[1.189s] [100%] Built target ament_cmake_python_build_aruco_interfaces_egg
[1.196s] Invoked command in '/home/madhav/mrt_ws/build/aruco_interfaces' returned '0': CMAKE_PREFIX_PATH=${CMAKE_PREFIX_PATH}:/home/madhav/mrt_ws/install/madhav_agrawal_assn_2:/home/madhav/mrt_ws/install/imgprocess:/home/madhav/mrt_ws/install/imgpprocess:/home/madhav/erc_ws/install/week1_tutorials:/home/madhav/erc_ws/install/week0_tutorials:/home/madhav/erc_ws/install/sherlock:/opt/ros/humble /usr/bin/cmake --build /home/madhav/mrt_ws/build/aruco_interfaces -- -j12 -l12
[1.267s] Invoking command in '/home/madhav/mrt_ws/build/aruco_interfaces': CMAKE_PREFIX_PATH=${CMAKE_PREFIX_PATH}:/home/madhav/mrt_ws/install/madhav_agrawal_assn_2:/home/madhav/mrt_ws/install/imgprocess:/home/madhav/mrt_ws/install/imgpprocess:/home/madhav/erc_ws/install/week1_tutorials:/home/madhav/erc_ws/install/week0_tutorials:/home/madhav/erc_ws/install/sherlock:/opt/ros/humble /usr/bin/cmake --install /home/madhav/mrt_ws/build/aruco_interfaces
[1.272s] -- Install configuration: ""
[1.272s] -- Up-to-date: /home/madhav/mrt_ws/install/aruco_interfaces/share/ament_index/resource_index/rosidl_interfaces/aruco_interfaces
[1.272s] -- Up-to-date: /home/madhav/mrt_ws/install/aruco_interfaces/include/aruco_interfaces/aruco_interfaces
[1.272s] -- Up-to-date: /home/madhav/mrt_ws/install/aruco_interfaces/include/aruco_interfaces/aruco_interfaces/msg
[1.273s] -- Up-to-date: /home/madhav/mrt_ws/install/aruco_interfaces/include/aruco_interfaces/aruco_interfaces/msg/image.h
[1.273s] -- Up-to-date: /home/madhav/mrt_ws/install/aruco_interfaces/include/aruco_interfaces/aruco_interfaces/msg/rosidl_generator_c__visibility_control.h
[1.273s] -- Up-to-date: /home/madhav/mrt_ws/install/aruco_interfaces/include/aruco_interfaces/aruco_interfaces/msg/detail
[1.273s] -- Up-to-date: /home/madhav/mrt_ws/install/aruco_interfaces/include/aruco_interfaces/aruco_interfaces/msg/detail/image__functions.c
[1.273s] -- Up-to-date: /home/madhav/mrt_ws/install/aruco_interfaces/include/aruco_interfaces/aruco_interfaces/msg/detail/float64__functions.c
[1.273s] -- Up-to-date: /home/madhav/mrt_ws/install/aruco_interfaces/include/aruco_interfaces/aruco_interfaces/msg/detail/image__functions.h
[1.273s] -- Up-to-date: /home/madhav/mrt_ws/install/aruco_interfaces/include/aruco_interfaces/aruco_interfaces/msg/detail/float64__type_support.h
[1.273s] -- Up-to-date: /home/madhav/mrt_ws/install/aruco_interfaces/include/aruco_interfaces/aruco_interfaces/msg/detail/float64_multi_array__functions.c
[1.273s] -- Up-to-date: /home/madhav/mrt_ws/install/aruco_interfaces/include/aruco_interfaces/aruco_interfaces/msg/detail/float64_multi_array__type_support.h
[1.273s] -- Up-to-date: /home/madhav/mrt_ws/install/aruco_interfaces/include/aruco_interfaces/aruco_interfaces/msg/detail/image__type_support.h
[1.274s] -- Up-to-date: /home/madhav/mrt_ws/install/aruco_interfaces/include/aruco_interfaces/aruco_interfaces/msg/detail/float64__functions.h
[1.274s] -- Up-to-date: /home/madhav/mrt_ws/install/aruco_interfaces/include/aruco_interfaces/aruco_interfaces/msg/detail/image__struct.h
[1.274s] -- Up-to-date: /home/madhav/mrt_ws/install/aruco_interfaces/include/aruco_interfaces/aruco_interfaces/msg/detail/float64__struct.h
[1.274s] -- Up-to-date: /home/madhav/mrt_ws/install/aruco_interfaces/include/aruco_interfaces/aruco_interfaces/msg/detail/float64_multi_array__struct.h
[1.274s] -- Up-to-date: /home/madhav/mrt_ws/install/aruco_interfaces/include/aruco_interfaces/aruco_interfaces/msg/detail/float64_multi_array__functions.h
[1.274s] -- Up-to-date: /home/madhav/mrt_ws/install/aruco_interfaces/include/aruco_interfaces/aruco_interfaces/msg/float64_multi_array.h
[1.274s] -- Up-to-date: /home/madhav/mrt_ws/install/aruco_interfaces/include/aruco_interfaces/aruco_interfaces/msg/float64.h
[1.274s] -- Up-to-date: /home/madhav/mrt_ws/install/aruco_interfaces/include/aruco_interfaces/aruco_interfaces/srv
[1.274s] -- Up-to-date: /home/madhav/mrt_ws/install/aruco_interfaces/include/aruco_interfaces/aruco_interfaces/srv/detail
[1.274s] -- Up-to-date: /home/madhav/mrt_ws/install/aruco_interfaces/include/aruco_interfaces/aruco_interfaces/srv/detail/tagid__functions.h
[1.275s] -- Up-to-date: /home/madhav/mrt_ws/install/aruco_interfaces/include/aruco_interfaces/aruco_interfaces/srv/detail/tagid__struct.h
[1.275s] -- Up-to-date: /home/madhav/mrt_ws/install/aruco_interfaces/include/aruco_interfaces/aruco_interfaces/srv/detail/tagid__functions.c
[1.275s] -- Up-to-date: /home/madhav/mrt_ws/install/aruco_interfaces/include/aruco_interfaces/aruco_interfaces/srv/detail/tagid__type_support.h
[1.275s] -- Up-to-date: /home/madhav/mrt_ws/install/aruco_interfaces/include/aruco_interfaces/aruco_interfaces/srv/tagid.h
[1.275s] -- Up-to-date: /home/madhav/mrt_ws/install/aruco_interfaces/share/aruco_interfaces/environment/library_path.sh
[1.275s] -- Installing: /home/madhav/mrt_ws/install/aruco_interfaces/share/aruco_interfaces/environment/library_path.dsv
[1.275s] -- Up-to-date: /home/madhav/mrt_ws/install/aruco_interfaces/lib/libaruco_interfaces__rosidl_generator_c.so
[1.275s] -- Up-to-date: /home/madhav/mrt_ws/install/aruco_interfaces/include/aruco_interfaces/aruco_interfaces
[1.275s] -- Up-to-date: /home/madhav/mrt_ws/install/aruco_interfaces/include/aruco_interfaces/aruco_interfaces/msg
[1.275s] -- Up-to-date: /home/madhav/mrt_ws/install/aruco_interfaces/include/aruco_interfaces/aruco_interfaces/msg/detail
[1.275s] -- Up-to-date: /home/madhav/mrt_ws/install/aruco_interfaces/include/aruco_interfaces/aruco_interfaces/msg/detail/float64__rosidl_typesupport_fastrtps_c.h
[1.276s] -- Up-to-date: /home/madhav/mrt_ws/install/aruco_interfaces/include/aruco_interfaces/aruco_interfaces/msg/detail/float64_multi_array__rosidl_typesupport_fastrtps_c.h
[1.276s] -- Up-to-date: /home/madhav/mrt_ws/install/aruco_interfaces/include/aruco_interfaces/aruco_interfaces/msg/detail/image__rosidl_typesupport_fastrtps_c.h
[1.276s] -- Up-to-date: /home/madhav/mrt_ws/install/aruco_interfaces/include/aruco_interfaces/aruco_interfaces/msg/rosidl_typesupport_fastrtps_c__visibility_control.h
[1.276s] -- Up-to-date: /home/madhav/mrt_ws/install/aruco_interfaces/include/aruco_interfaces/aruco_interfaces/srv
[1.276s] -- Up-to-date: /home/madhav/mrt_ws/install/aruco_interfaces/include/aruco_interfaces/aruco_interfaces/srv/detail
[1.276s] -- Up-to-date: /home/madhav/mrt_ws/install/aruco_interfaces/include/aruco_interfaces/aruco_interfaces/srv/detail/tagid__rosidl_typesupport_fastrtps_c.h
[1.276s] -- Up-to-date: /home/madhav/mrt_ws/install/aruco_interfaces/lib/libaruco_interfaces__rosidl_typesupport_fastrtps_c.so
[1.276s] -- Up-to-date: /home/madhav/mrt_ws/install/aruco_interfaces/include/aruco_interfaces/aruco_interfaces
[1.276s] -- Up-to-date: /home/madhav/mrt_ws/install/aruco_interfaces/include/aruco_interfaces/aruco_interfaces/msg
[1.276s] -- Up-to-date: /home/madhav/mrt_ws/install/aruco_interfaces/include/aruco_interfaces/aruco_interfaces/msg/detail
[1.276s] -- Up-to-date: /home/madhav/mrt_ws/install/aruco_interfaces/include/aruco_interfaces/aruco_interfaces/msg/detail/float64_multi_array__rosidl_typesupport_introspection_c.h
[1.276s] -- Up-to-date: /home/madhav/mrt_ws/install/aruco_interfaces/include/aruco_interfaces/aruco_interfaces/msg/detail/float64__type_support.c
[1.276s] -- Up-to-date: /home/madhav/mrt_ws/install/aruco_interfaces/include/aruco_interfaces/aruco_interfaces/msg/detail/image__rosidl_typesupport_introspection_c.h
[1.276s] -- Up-to-date: /home/madhav/mrt_ws/install/aruco_interfaces/include/aruco_interfaces/aruco_interfaces/msg/detail/image__type_support.c
[1.277s] -- Up-to-date: /home/madhav/mrt_ws/install/aruco_interfaces/include/aruco_interfaces/aruco_interfaces/msg/detail/float64__rosidl_typesupport_introspection_c.h
[1.277s] -- Up-to-date: /home/madhav/mrt_ws/install/aruco_interfaces/include/aruco_interfaces/aruco_interfaces/msg/detail/float64_multi_array__type_support.c
[1.277s] -- Up-to-date: /home/madhav/mrt_ws/install/aruco_interfaces/include/aruco_interfaces/aruco_interfaces/msg/rosidl_typesupport_introspection_c__visibility_control.h
[1.277s] -- Up-to-date: /home/madhav/mrt_ws/install/aruco_interfaces/include/aruco_interfaces/aruco_interfaces/srv
[1.277s] -- Up-to-date: /home/madhav/mrt_ws/install/aruco_interfaces/include/aruco_interfaces/aruco_interfaces/srv/detail
[1.277s] -- Up-to-date: /home/madhav/mrt_ws/install/aruco_interfaces/include/aruco_interfaces/aruco_interfaces/srv/detail/tagid__rosidl_typesupport_introspection_c.h
[1.277s] -- Up-to-date: /home/madhav/mrt_ws/install/aruco_interfaces/include/aruco_interfaces/aruco_interfaces/srv/detail/tagid__type_support.c
[1.277s] -- Up-to-date: /home/madhav/mrt_ws/install/aruco_interfaces/lib/libaruco_interfaces__rosidl_typesupport_introspection_c.so
[1.277s] -- Up-to-date: /home/madhav/mrt_ws/install/aruco_interfaces/lib/libaruco_interfaces__rosidl_typesupport_c.so
[1.277s] -- Up-to-date: /home/madhav/mrt_ws/install/aruco_interfaces/include/aruco_interfaces/aruco_interfaces
[1.277s] -- Up-to-date: /home/madhav/mrt_ws/install/aruco_interfaces/include/aruco_interfaces/aruco_interfaces/msg
[1.277s] -- Up-to-date: /home/madhav/mrt_ws/install/aruco_interfaces/include/aruco_interfaces/aruco_interfaces/msg/detail
[1.277s] -- Up-to-date: /home/madhav/mrt_ws/install/aruco_interfaces/include/aruco_interfaces/aruco_interfaces/msg/detail/float64_multi_array__builder.hpp
[1.277s] -- Up-to-date: /home/madhav/mrt_ws/install/aruco_interfaces/include/aruco_interfaces/aruco_interfaces/msg/detail/image__builder.hpp
[1.277s] -- Up-to-date: /home/madhav/mrt_ws/install/aruco_interfaces/include/aruco_interfaces/aruco_interfaces/msg/detail/image__traits.hpp
[1.278s] -- Up-to-date: /home/madhav/mrt_ws/install/aruco_interfaces/include/aruco_interfaces/aruco_interfaces/msg/detail/float64_multi_array__struct.hpp
[1.278s] -- Up-to-date: /home/madhav/mrt_ws/install/aruco_interfaces/include/aruco_interfaces/aruco_interfaces/msg/detail/float64__builder.hpp
[1.278s] -- Up-to-date: /home/madhav/mrt_ws/install/aruco_interfaces/include/aruco_interfaces/aruco_interfaces/msg/detail/float64_multi_array__traits.hpp
[1.278s] -- Up-to-date: /home/madhav/mrt_ws/install/aruco_interfaces/include/aruco_interfaces/aruco_interfaces/msg/detail/float64__struct.hpp
[1.278s] -- Up-to-date: /home/madhav/mrt_ws/install/aruco_interfaces/include/aruco_interfaces/aruco_interfaces/msg/detail/image__struct.hpp
[1.278s] -- Up-to-date: /home/madhav/mrt_ws/install/aruco_interfaces/include/aruco_interfaces/aruco_interfaces/msg/detail/float64__traits.hpp
[1.278s] -- Up-to-date: /home/madhav/mrt_ws/install/aruco_interfaces/include/aruco_interfaces/aruco_interfaces/msg/float64_multi_array.hpp
[1.278s] -- Up-to-date: /home/madhav/mrt_ws/install/aruco_interfaces/include/aruco_interfaces/aruco_interfaces/msg/float64.hpp
[1.278s] -- Up-to-date: /home/madhav/mrt_ws/install/aruco_interfaces/include/aruco_interfaces/aruco_interfaces/msg/image.hpp
[1.278s] -- Up-to-date: /home/madhav/mrt_ws/install/aruco_interfaces/include/aruco_interfaces/aruco_interfaces/srv
[1.278s] -- Up-to-date: /home/madhav/mrt_ws/install/aruco_interfaces/include/aruco_interfaces/aruco_interfaces/srv/tagid.hpp
[1.278s] -- Up-to-date: /home/madhav/mrt_ws/install/aruco_interfaces/include/aruco_interfaces/aruco_interfaces/srv/detail
[1.278s] -- Up-to-date: /home/madhav/mrt_ws/install/aruco_interfaces/include/aruco_interfaces/aruco_interfaces/srv/detail/tagid__struct.hpp
[1.278s] -- Up-to-date: /home/madhav/mrt_ws/install/aruco_interfaces/include/aruco_interfaces/aruco_interfaces/srv/detail/tagid__traits.hpp
[1.279s] -- Up-to-date: /home/madhav/mrt_ws/install/aruco_interfaces/include/aruco_interfaces/aruco_interfaces/srv/detail/tagid__builder.hpp
[1.279s] -- Up-to-date: /home/madhav/mrt_ws/install/aruco_interfaces/include/aruco_interfaces/aruco_interfaces
[1.279s] -- Up-to-date: /home/madhav/mrt_ws/install/aruco_interfaces/include/aruco_interfaces/aruco_interfaces/msg
[1.279s] -- Up-to-date: /home/madhav/mrt_ws/install/aruco_interfaces/include/aruco_interfaces/aruco_interfaces/msg/detail
[1.279s] -- Up-to-date: /home/madhav/mrt_ws/install/aruco_interfaces/include/aruco_interfaces/aruco_interfaces/msg/detail/dds_fastrtps
[1.279s] -- Up-to-date: /home/madhav/mrt_ws/install/aruco_interfaces/include/aruco_interfaces/aruco_interfaces/msg/detail/image__rosidl_typesupport_fastrtps_cpp.hpp
[1.279s] -- Up-to-date: /home/madhav/mrt_ws/install/aruco_interfaces/include/aruco_interfaces/aruco_interfaces/msg/detail/float64__rosidl_typesupport_fastrtps_cpp.hpp
[1.279s] -- Up-to-date: /home/madhav/mrt_ws/install/aruco_interfaces/include/aruco_interfaces/aruco_interfaces/msg/detail/float64_multi_array__rosidl_typesupport_fastrtps_cpp.hpp
[1.279s] -- Up-to-date: /home/madhav/mrt_ws/install/aruco_interfaces/include/aruco_interfaces/aruco_interfaces/msg/rosidl_typesupport_fastrtps_cpp__visibility_control.h
[1.279s] -- Up-to-date: /home/madhav/mrt_ws/install/aruco_interfaces/include/aruco_interfaces/aruco_interfaces/srv
[1.279s] -- Up-to-date: /home/madhav/mrt_ws/install/aruco_interfaces/include/aruco_interfaces/aruco_interfaces/srv/detail
[1.279s] -- Up-to-date: /home/madhav/mrt_ws/install/aruco_interfaces/include/aruco_interfaces/aruco_interfaces/srv/detail/dds_fastrtps
[1.279s] -- Up-to-date: /home/madhav/mrt_ws/install/aruco_interfaces/include/aruco_interfaces/aruco_interfaces/srv/detail/tagid__rosidl_typesupport_fastrtps_cpp.hpp
[1.279s] -- Up-to-date: /home/madhav/mrt_ws/install/aruco_interfaces/lib/libaruco_interfaces__rosidl_typesupport_fastrtps_cpp.so
[1.279s] -- Up-to-date: /home/madhav/mrt_ws/install/aruco_interfaces/include/aruco_interfaces/aruco_interfaces
[1.279s] -- Up-to-date: /home/madhav/mrt_ws/install/aruco_interfaces/include/aruco_interfaces/aruco_interfaces/msg
[1.280s] -- Up-to-date: /home/madhav/mrt_ws/install/aruco_interfaces/include/aruco_interfaces/aruco_interfaces/msg/detail
[1.280s] -- Up-to-date: /home/madhav/mrt_ws/install/aruco_interfaces/include/aruco_interfaces/aruco_interfaces/msg/detail/image__type_support.cpp
[1.280s] -- Up-to-date: /home/madhav/mrt_ws/install/aruco_interfaces/include/aruco_interfaces/aruco_interfaces/msg/detail/float64__rosidl_typesupport_introspection_cpp.hpp
[1.280s] -- Up-to-date: /home/madhav/mrt_ws/install/aruco_interfaces/include/aruco_interfaces/aruco_interfaces/msg/detail/image__rosidl_typesupport_introspection_cpp.hpp
[1.280s] -- Up-to-date: /home/madhav/mrt_ws/install/aruco_interfaces/include/aruco_interfaces/aruco_interfaces/msg/detail/float64_multi_array__type_support.cpp
[1.280s] -- Up-to-date: /home/madhav/mrt_ws/install/aruco_interfaces/include/aruco_interfaces/aruco_interfaces/msg/detail/float64_multi_array__rosidl_typesupport_introspection_cpp.hpp
[1.280s] -- Up-to-date: /home/madhav/mrt_ws/install/aruco_interfaces/include/aruco_interfaces/aruco_interfaces/msg/detail/float64__type_support.cpp
[1.280s] -- Up-to-date: /home/madhav/mrt_ws/install/aruco_interfaces/include/aruco_interfaces/aruco_interfaces/srv
[1.280s] -- Up-to-date: /home/madhav/mrt_ws/install/aruco_interfaces/include/aruco_interfaces/aruco_interfaces/srv/detail
[1.280s] -- Up-to-date: /home/madhav/mrt_ws/install/aruco_interfaces/include/aruco_interfaces/aruco_interfaces/srv/detail/tagid__rosidl_typesupport_introspection_cpp.hpp
[1.280s] -- Up-to-date: /home/madhav/mrt_ws/install/aruco_interfaces/include/aruco_interfaces/aruco_interfaces/srv/detail/tagid__type_support.cpp
[1.280s] -- Up-to-date: /home/madhav/mrt_ws/install/aruco_interfaces/lib/libaruco_interfaces__rosidl_typesupport_introspection_cpp.so
[1.280s] -- Up-to-date: /home/madhav/mrt_ws/install/aruco_interfaces/lib/libaruco_interfaces__rosidl_typesupport_cpp.so
[1.280s] -- Up-to-date: /home/madhav/mrt_ws/install/aruco_interfaces/share/aruco_interfaces/environment/pythonpath.sh
[1.280s] -- Installing: /home/madhav/mrt_ws/install/aruco_interfaces/share/aruco_interfaces/environment/pythonpath.dsv
[1.281s] -- Up-to-date: /home/madhav/mrt_ws/install/aruco_interfaces/local/lib/python3.10/dist-packages/aruco_interfaces-0.0.0-py3.10.egg-info
[1.281s] -- Installing: /home/madhav/mrt_ws/install/aruco_interfaces/local/lib/python3.10/dist-packages/aruco_interfaces-0.0.0-py3.10.egg-info/SOURCES.txt
[1.281s] -- Installing: /home/madhav/mrt_ws/install/aruco_interfaces/local/lib/python3.10/dist-packages/aruco_interfaces-0.0.0-py3.10.egg-info/PKG-INFO
[1.281s] -- Installing: /home/madhav/mrt_ws/install/aruco_interfaces/local/lib/python3.10/dist-packages/aruco_interfaces-0.0.0-py3.10.egg-info/top_level.txt
[1.281s] -- Installing: /home/madhav/mrt_ws/install/aruco_interfaces/local/lib/python3.10/dist-packages/aruco_interfaces-0.0.0-py3.10.egg-info/dependency_links.txt
[1.281s] -- Up-to-date: /home/madhav/mrt_ws/install/aruco_interfaces/local/lib/python3.10/dist-packages/aruco_interfaces
[1.281s] -- Up-to-date: /home/madhav/mrt_ws/install/aruco_interfaces/local/lib/python3.10/dist-packages/aruco_interfaces/_aruco_interfaces_s.ep.rosidl_typesupport_introspection_c.c
[1.281s] -- Up-to-date: /home/madhav/mrt_ws/install/aruco_interfaces/local/lib/python3.10/dist-packages/aruco_interfaces/libaruco_interfaces__rosidl_generator_py.so
[1.281s] -- Up-to-date: /home/madhav/mrt_ws/install/aruco_interfaces/local/lib/python3.10/dist-packages/aruco_interfaces/msg
[1.281s] -- Up-to-date: /home/madhav/mrt_ws/install/aruco_interfaces/local/lib/python3.10/dist-packages/aruco_interfaces/msg/_image.py
[1.281s] -- Up-to-date: /home/madhav/mrt_ws/install/aruco_interfaces/local/lib/python3.10/dist-packages/aruco_interfaces/msg/_float64_s.c
[1.281s] -- Up-to-date: /home/madhav/mrt_ws/install/aruco_interfaces/local/lib/python3.10/dist-packages/aruco_interfaces/msg/__init__.py
[1.281s] -- Up-to-date: /home/madhav/mrt_ws/install/aruco_interfaces/local/lib/python3.10/dist-packages/aruco_interfaces/msg/_image_s.c
[1.281s] -- Up-to-date: /home/madhav/mrt_ws/install/aruco_interfaces/local/lib/python3.10/dist-packages/aruco_interfaces/msg/_float64_multi_array.py
[1.281s] -- Up-to-date: /home/madhav/mrt_ws/install/aruco_interfaces/local/lib/python3.10/dist-packages/aruco_interfaces/msg/_float64.py
[1.282s] -- Up-to-date: /home/madhav/mrt_ws/install/aruco_interfaces/local/lib/python3.10/dist-packages/aruco_interfaces/msg/_float64_multi_array_s.c
[1.282s] -- Up-to-date: /home/madhav/mrt_ws/install/aruco_interfaces/local/lib/python3.10/dist-packages/aruco_interfaces/aruco_interfaces_s__rosidl_typesupport_c.cpython-310-x86_64-linux-gnu.so
[1.282s] -- Up-to-date: /home/madhav/mrt_ws/install/aruco_interfaces/local/lib/python3.10/dist-packages/aruco_interfaces/_aruco_interfaces_s.ep.rosidl_typesupport_fastrtps_c.c
[1.282s] -- Installing: /home/madhav/mrt_ws/install/aruco_interfaces/local/lib/python3.10/dist-packages/aruco_interfaces/__init__.py
[1.282s] -- Up-to-date: /home/madhav/mrt_ws/install/aruco_interfaces/local/lib/python3.10/dist-packages/aruco_interfaces/srv
[1.282s] -- Up-to-date: /home/madhav/mrt_ws/install/aruco_interfaces/local/lib/python3.10/dist-packages/aruco_interfaces/srv/__init__.py
[1.282s] -- Up-to-date: /home/madhav/mrt_ws/install/aruco_interfaces/local/lib/python3.10/dist-packages/aruco_interfaces/srv/_tagid.py
[1.282s] -- Up-to-date: /home/madhav/mrt_ws/install/aruco_interfaces/local/lib/python3.10/dist-packages/aruco_interfaces/srv/_tagid_s.c
[1.282s] -- Up-to-date: /home/madhav/mrt_ws/install/aruco_interfaces/local/lib/python3.10/dist-packages/aruco_interfaces/_aruco_interfaces_s.ep.rosidl_typesupport_c.c
[1.282s] -- Up-to-date: /home/madhav/mrt_ws/install/aruco_interfaces/local/lib/python3.10/dist-packages/aruco_interfaces/aruco_interfaces_s__rosidl_typesupport_fastrtps_c.cpython-310-x86_64-linux-gnu.so
[1.282s] -- Up-to-date: /home/madhav/mrt_ws/install/aruco_interfaces/local/lib/python3.10/dist-packages/aruco_interfaces/aruco_interfaces_s__rosidl_typesupport_introspection_c.cpython-310-x86_64-linux-gnu.so
[1.297s] Listing '/home/madhav/mrt_ws/install/aruco_interfaces/local/lib/python3.10/dist-packages/aruco_interfaces'...
[1.297s] Compiling '/home/madhav/mrt_ws/install/aruco_interfaces/local/lib/python3.10/dist-packages/aruco_interfaces/__init__.py'...
[1.298s] Listing '/home/madhav/mrt_ws/install/aruco_interfaces/local/lib/python3.10/dist-packages/aruco_interfaces/msg'...
[1.298s] Listing '/home/madhav/mrt_ws/install/aruco_interfaces/local/lib/python3.10/dist-packages/aruco_interfaces/srv'...
[1.301s] -- Up-to-date: /home/madhav/mrt_ws/install/aruco_interfaces/local/lib/python3.10/dist-packages/aruco_interfaces/aruco_interfaces_s__rosidl_typesupport_fastrtps_c.cpython-310-x86_64-linux-gnu.so
[1.301s] -- Up-to-date: /home/madhav/mrt_ws/install/aruco_interfaces/local/lib/python3.10/dist-packages/aruco_interfaces/aruco_interfaces_s__rosidl_typesupport_introspection_c.cpython-310-x86_64-linux-gnu.so
[1.301s] -- Up-to-date: /home/madhav/mrt_ws/install/aruco_interfaces/local/lib/python3.10/dist-packages/aruco_interfaces/aruco_interfaces_s__rosidl_typesupport_c.cpython-310-x86_64-linux-gnu.so
[1.301s] -- Up-to-date: /home/madhav/mrt_ws/install/aruco_interfaces/lib/libaruco_interfaces__rosidl_generator_py.so
[1.301s] -- Up-to-date: /home/madhav/mrt_ws/install/aruco_interfaces/share/aruco_interfaces/msg/Float64.idl
[1.301s] -- Up-to-date: /home/madhav/mrt_ws/install/aruco_interfaces/share/aruco_interfaces/msg/Float64MultiArray.idl
[1.301s] -- Up-to-date: /home/madhav/mrt_ws/install/aruco_interfaces/share/aruco_interfaces/msg/Image.idl
[1.301s] -- Up-to-date: /home/madhav/mrt_ws/install/aruco_interfaces/share/aruco_interfaces/srv/Tagid.idl
[1.302s] -- Up-to-date: /home/madhav/mrt_ws/install/aruco_interfaces/share/aruco_interfaces/msg/Float64.msg
[1.302s] -- Up-to-date: /home/madhav/mrt_ws/install/aruco_interfaces/share/aruco_interfaces/msg/Float64MultiArray.msg
[1.302s] -- Up-to-date: /home/madhav/mrt_ws/install/aruco_interfaces/share/aruco_interfaces/msg/Image.msg
[1.302s] -- Installing: /home/madhav/mrt_ws/install/aruco_interfaces/share/aruco_interfaces/srv/Tagid.srv
[1.302s] -- Up-to-date: /home/madhav/mrt_ws/install/aruco_interfaces/share/aruco_interfaces/srv/Tagid_Request.msg
[1.302s] -- Up-to-date: /home/madhav/mrt_ws/install/aruco_interfaces/share/aruco_interfaces/srv/Tagid_Response.msg
[1.302s] -- Up-to-date: /home/madhav/mrt_ws/install/aruco_interfaces/share/ament_index/resource_index/package_run_dependencies/aruco_interfaces
[1.302s] -- Up-to-date: /home/madhav/mrt_ws/install/aruco_interfaces/share/ament_index/resource_index/parent_prefix_path/aruco_interfaces
[1.302s] -- Up-to-date: /home/madhav/mrt_ws/install/aruco_interfaces/share/aruco_interfaces/environment/ament_prefix_path.sh
[1.303s] -- Installing: /home/madhav/mrt_ws/install/aruco_interfaces/share/aruco_interfaces/environment/ament_prefix_path.dsv
[1.303s] -- Up-to-date: /home/madhav/mrt_ws/install/aruco_interfaces/share/aruco_interfaces/environment/path.sh
[1.303s] -- Installing: /home/madhav/mrt_ws/install/aruco_interfaces/share/aruco_interfaces/environment/path.dsv
[1.303s] -- Up-to-date: /home/madhav/mrt_ws/install/aruco_interfaces/share/aruco_interfaces/local_setup.bash
[1.303s] -- Up-to-date: /home/madhav/mrt_ws/install/aruco_interfaces/share/aruco_interfaces/local_setup.sh
[1.303s] -- Up-to-date: /home/madhav/mrt_ws/install/aruco_interfaces/share/aruco_interfaces/local_setup.zsh
[1.303s] -- Installing: /home/madhav/mrt_ws/install/aruco_interfaces/share/aruco_interfaces/local_setup.dsv
[1.303s] -- Installing: /home/madhav/mrt_ws/install/aruco_interfaces/share/aruco_interfaces/package.dsv
[1.303s] -- Up-to-date: /home/madhav/mrt_ws/install/aruco_interfaces/share/ament_index/resource_index/packages/aruco_interfaces
[1.303s] -- Up-to-date: /home/madhav/mrt_ws/install/aruco_interfaces/share/aruco_interfaces/cmake/export_aruco_interfaces__rosidl_generator_cExport.cmake
[1.303s] -- Up-to-date: /home/madhav/mrt_ws/install/aruco_interfaces/share/aruco_interfaces/cmake/export_aruco_interfaces__rosidl_generator_cExport-noconfig.cmake
[1.304s] -- Up-to-date: /home/madhav/mrt_ws/install/aruco_interfaces/share/aruco_interfaces/cmake/export_aruco_interfaces__rosidl_typesupport_fastrtps_cExport.cmake
[1.304s] -- Up-to-date: /home/madhav/mrt_ws/install/aruco_interfaces/share/aruco_interfaces/cmake/export_aruco_interfaces__rosidl_typesupport_fastrtps_cExport-noconfig.cmake
[1.304s] -- Up-to-date: /home/madhav/mrt_ws/install/aruco_interfaces/share/aruco_interfaces/cmake/aruco_interfaces__rosidl_typesupport_introspection_cExport.cmake
[1.304s] -- Up-to-date: /home/madhav/mrt_ws/install/aruco_interfaces/share/aruco_interfaces/cmake/aruco_interfaces__rosidl_typesupport_introspection_cExport-noconfig.cmake
[1.304s] -- Up-to-date: /home/madhav/mrt_ws/install/aruco_interfaces/share/aruco_interfaces/cmake/aruco_interfaces__rosidl_typesupport_cExport.cmake
[1.304s] -- Up-to-date: /home/madhav/mrt_ws/install/aruco_interfaces/share/aruco_interfaces/cmake/aruco_interfaces__rosidl_typesupport_cExport-noconfig.cmake
[1.304s] -- Up-to-date: /home/madhav/mrt_ws/install/aruco_interfaces/share/aruco_interfaces/cmake/export_aruco_interfaces__rosidl_generator_cppExport.cmake
[1.304s] -- Up-to-date: /home/madhav/mrt_ws/install/aruco_interfaces/share/aruco_interfaces/cmake/export_aruco_interfaces__rosidl_typesupport_fastrtps_cppExport.cmake
[1.304s] -- Up-to-date: /home/madhav/mrt_ws/install/aruco_interfaces/share/aruco_interfaces/cmake/export_aruco_interfaces__rosidl_typesupport_fastrtps_cppExport-noconfig.cmake
[1.304s] -- Up-to-date: /home/madhav/mrt_ws/install/aruco_interfaces/share/aruco_interfaces/cmake/aruco_interfaces__rosidl_typesupport_introspection_cppExport.cmake
[1.304s] -- Up-to-date: /home/madhav/mrt_ws/install/aruco_interfaces/share/aruco_interfaces/cmake/aruco_interfaces__rosidl_typesupport_introspection_cppExport-noconfig.cmake
[1.304s] -- Up-to-date: /home/madhav/mrt_ws/install/aruco_interfaces/share/aruco_interfaces/cmake/aruco_interfaces__rosidl_typesupport_cppExport.cmake
[1.305s] -- Up-to-date: /home/madhav/mrt_ws/install/aruco_interfaces/share/aruco_interfaces/cmake/aruco_interfaces__rosidl_typesupport_cppExport-noconfig.cmake
[1.305s] -- Up-to-date: /home/madhav/mrt_ws/install/aruco_interfaces/share/aruco_interfaces/cmake/export_aruco_interfaces__rosidl_generator_pyExport.cmake
[1.305s] -- Up-to-date: /home/madhav/mrt_ws/install/aruco_interfaces/share/aruco_interfaces/cmake/export_aruco_interfaces__rosidl_generator_pyExport-noconfig.cmake
[1.305s] -- Up-to-date: /home/madhav/mrt_ws/install/aruco_interfaces/share/aruco_interfaces/cmake/rosidl_cmake-extras.cmake
[1.305s] -- Up-to-date: /home/madhav/mrt_ws/install/aruco_interfaces/share/aruco_interfaces/cmake/ament_cmake_export_dependencies-extras.cmake
[1.305s] -- Up-to-date: /home/madhav/mrt_ws/install/aruco_interfaces/share/aruco_interfaces/cmake/ament_cmake_export_include_directories-extras.cmake
[1.305s] -- Up-to-date: /home/madhav/mrt_ws/install/aruco_interfaces/share/aruco_interfaces/cmake/ament_cmake_export_libraries-extras.cmake
[1.305s] -- Up-to-date: /home/madhav/mrt_ws/install/aruco_interfaces/share/aruco_interfaces/cmake/ament_cmake_export_targets-extras.cmake
[1.305s] -- Up-to-date: /home/madhav/mrt_ws/install/aruco_interfaces/share/aruco_interfaces/cmake/rosidl_cmake_export_typesupport_targets-extras.cmake
[1.305s] -- Up-to-date: /home/madhav/mrt_ws/install/aruco_interfaces/share/aruco_interfaces/cmake/rosidl_cmake_export_typesupport_libraries-extras.cmake
[1.305s] -- Up-to-date: /home/madhav/mrt_ws/install/aruco_interfaces/share/aruco_interfaces/cmake/aruco_interfacesConfig.cmake
[1.305s] -- Up-to-date: /home/madhav/mrt_ws/install/aruco_interfaces/share/aruco_interfaces/cmake/aruco_interfacesConfig-version.cmake
[1.305s] -- Up-to-date: /home/madhav/mrt_ws/install/aruco_interfaces/share/aruco_interfaces/package.xml
[1.307s] Invoked command in '/home/madhav/mrt_ws/build/aruco_interfaces' returned '0': CMAKE_PREFIX_PATH=${CMAKE_PREFIX_PATH}:/home/madhav/mrt_ws/install/madhav_agrawal_assn_2:/home/madhav/mrt_ws/install/imgprocess:/home/madhav/mrt_ws/install/imgpprocess:/home/madhav/erc_ws/install/week1_tutorials:/home/madhav/erc_ws/install/week0_tutorials:/home/madhav/erc_ws/install/sherlock:/opt/ros/humble /usr/bin/cmake --install /home/madhav/mrt_ws/build/aruco_interfaces
