[0.651s] Invoking command in '/home/madhav/mrt_ws/src/aruco_markers': PYTHONPATH=/home/madhav/mrt_ws/build/aruco_markers/prefix_override:/home/madhav/mrt_ws/install/aruco_markers/lib/python3.10/site-packages:${PYTHONPATH} /usr/bin/python3 setup.py egg_info --egg-base ../../build/aruco_markers build --build-base /home/madhav/mrt_ws/build/aruco_markers/build install --record /home/madhav/mrt_ws/build/aruco_markers/install.log --single-version-externally-managed
[0.889s] running egg_info
[0.889s] writing ../../build/aruco_markers/aruco_markers.egg-info/PKG-INFO
[0.890s] writing dependency_links to ../../build/aruco_markers/aruco_markers.egg-info/dependency_links.txt
[0.890s] writing entry points to ../../build/aruco_markers/aruco_markers.egg-info/entry_points.txt
[0.890s] writing requirements to ../../build/aruco_markers/aruco_markers.egg-info/requires.txt
[0.890s] writing top-level names to ../../build/aruco_markers/aruco_markers.egg-info/top_level.txt
[0.891s] reading manifest file '../../build/aruco_markers/aruco_markers.egg-info/SOURCES.txt'
[0.891s] writing manifest file '../../build/aruco_markers/aruco_markers.egg-info/SOURCES.txt'
[0.891s] running build
[0.891s] running build_py
[0.892s] running install
[0.892s] /usr/lib/python3/dist-packages/setuptools/command/install.py:34: SetuptoolsDeprecationWarning: setup.py install is deprecated. Use build and pip and other standards-based tools.
[0.892s]   warnings.warn(
[0.892s] running install_lib
[0.892s] creating /home/madhav/mrt_ws/install/aruco_markers/lib/python3.10/site-packages/aruco_markers
[0.892s] copying /home/madhav/mrt_ws/build/aruco_markers/build/lib/aruco_markers/rrtserver.py -> /home/madhav/mrt_ws/install/aruco_markers/lib/python3.10/site-packages/aruco_markers
[0.892s] copying /home/madhav/mrt_ws/build/aruco_markers/build/lib/aruco_markers/__init__.py -> /home/madhav/mrt_ws/install/aruco_markers/lib/python3.10/site-packages/aruco_markers
[0.892s] copying /home/madhav/mrt_ws/build/aruco_markers/build/lib/aruco_markers/infoserver.py -> /home/madhav/mrt_ws/install/aruco_markers/lib/python3.10/site-packages/aruco_markers
[0.893s] copying /home/madhav/mrt_ws/build/aruco_markers/build/lib/aruco_markers/rrt.py -> /home/madhav/mrt_ws/install/aruco_markers/lib/python3.10/site-packages/aruco_markers
[0.893s] copying /home/madhav/mrt_ws/build/aruco_markers/build/lib/aruco_markers/client.py -> /home/madhav/mrt_ws/install/aruco_markers/lib/python3.10/site-packages/aruco_markers
[0.893s] byte-compiling /home/madhav/mrt_ws/install/aruco_markers/lib/python3.10/site-packages/aruco_markers/rrtserver.py to rrtserver.cpython-310.pyc
[0.893s] byte-compiling /home/madhav/mrt_ws/install/aruco_markers/lib/python3.10/site-packages/aruco_markers/__init__.py to __init__.cpython-310.pyc
[0.894s] byte-compiling /home/madhav/mrt_ws/install/aruco_markers/lib/python3.10/site-packages/aruco_markers/infoserver.py to infoserver.cpython-310.pyc
[0.894s] byte-compiling /home/madhav/mrt_ws/install/aruco_markers/lib/python3.10/site-packages/aruco_markers/rrt.py to rrt.cpython-310.pyc
[0.895s] byte-compiling /home/madhav/mrt_ws/install/aruco_markers/lib/python3.10/site-packages/aruco_markers/client.py to client.cpython-310.pyc
[0.896s] running install_data
[0.896s] creating /home/madhav/mrt_ws/install/aruco_markers/share/ament_index
[0.896s] creating /home/madhav/mrt_ws/install/aruco_markers/share/ament_index/resource_index
[0.896s] creating /home/madhav/mrt_ws/install/aruco_markers/share/ament_index/resource_index/packages
[0.896s] copying resource/aruco_markers -> /home/madhav/mrt_ws/install/aruco_markers/share/ament_index/resource_index/packages
[0.896s] copying package.xml -> /home/madhav/mrt_ws/install/aruco_markers/share/aruco_markers
[0.896s] running install_egg_info
[0.897s] Copying ../../build/aruco_markers/aruco_markers.egg-info to /home/madhav/mrt_ws/install/aruco_markers/lib/python3.10/site-packages/aruco_markers-0.0.0-py3.10.egg-info
[0.897s] running install_scripts
[0.910s] Installing client script to /home/madhav/mrt_ws/install/aruco_markers/lib/aruco_markers
[0.910s] Installing infoserver script to /home/madhav/mrt_ws/install/aruco_markers/lib/aruco_markers
[0.910s] Installing rrtserver script to /home/madhav/mrt_ws/install/aruco_markers/lib/aruco_markers
[0.910s] writing list of installed files to '/home/madhav/mrt_ws/build/aruco_markers/install.log'
[0.927s] Invoked command in '/home/madhav/mrt_ws/src/aruco_markers' returned '0': PYTHONPATH=/home/madhav/mrt_ws/build/aruco_markers/prefix_override:/home/madhav/mrt_ws/install/aruco_markers/lib/python3.10/site-packages:${PYTHONPATH} /usr/bin/python3 setup.py egg_info --egg-base ../../build/aruco_markers build --build-base /home/madhav/mrt_ws/build/aruco_markers/build install --record /home/madhav/mrt_ws/build/aruco_markers/install.log --single-version-externally-managed
