[0.070s] Invoking command in '/home/madhav/mrt_ws/build/aruco_interfaces': CMAKE_PREFIX_PATH=${CMAKE_PREFIX_PATH}:/home/madhav/mrt_ws/install/madhav_agrawal_assn_2:/home/madhav/mrt_ws/install/imgprocess:/home/madhav/mrt_ws/install/imgpprocess:/home/madhav/erc_ws/install/week1_tutorials:/home/madhav/erc_ws/install/week0_tutorials:/home/madhav/erc_ws/install/sherlock:/opt/ros/humble /usr/bin/cmake --build /home/madhav/mrt_ws/build/aruco_interfaces -- -j12 -l12
[0.096s] -- Found ament_cmake: 1.3.6 (/opt/ros/humble/share/ament_cmake/cmake)
[0.253s] -- Found rosidl_default_generators: 1.2.0 (/opt/ros/humble/share/rosidl_default_generators/cmake)
[0.256s] -- Using all available rosidl_typesupport_c: rosidl_typesupport_fastrtps_c;rosidl_typesupport_introspection_c
[0.259s] -- Found rosidl_adapter: 3.1.5 (/opt/ros/humble/share/rosidl_adapter/cmake)
[0.293s] -- Using all available rosidl_typesupport_cpp: rosidl_typesupport_fastrtps_cpp;rosidl_typesupport_introspection_cpp
[0.322s] -- Found sensor_msgs: 4.2.3 (/opt/ros/humble/share/sensor_msgs/cmake)
[0.881s] -- Found ament_cmake_ros: 0.10.0 (/opt/ros/humble/share/ament_cmake_ros/cmake)
[1.202s] -- Using all available rosidl_typesupport_c: rosidl_typesupport_fastrtps_c;rosidl_typesupport_introspection_c
[1.625s] -- Using all available rosidl_typesupport_cpp: rosidl_typesupport_fastrtps_cpp;rosidl_typesupport_introspection_cpp
[1.655s] -- Found python_cmake_module: 0.10.0 (/opt/ros/humble/share/python_cmake_module/cmake)
[1.682s] -- Using PYTHON_EXECUTABLE: /usr/bin/python3
[1.682s] -- Using PYTHON_INCLUDE_DIRS: /usr/include/python3.10
[1.682s] -- Using PYTHON_LIBRARIES: /usr/lib/x86_64-linux-gnu/libpython3.10.so
[1.739s] -- Found ament_lint_auto: 0.12.9 (/opt/ros/humble/share/ament_lint_auto/cmake)
[1.748s] -- Added test 'lint_cmake' to check CMake code style
[1.749s] -- Added test 'xmllint' to check XML markup files
[1.751s] -- Configuring done
[1.792s] -- Generating done
[1.794s] -- Build files have been written to: /home/madhav/mrt_ws/build/aruco_interfaces
[1.811s] [  1%] [34m[1mGenerating C code for ROS interfaces[0m
[1.818s] [  3%] [34m[1mGenerating C++ code for ROS interfaces[0m
[1.831s] [  3%] Built target ament_cmake_python_copy_aruco_interfaces
[2.058s] [35m[1mConsolidate compiler generated dependencies of target aruco_interfaces__rosidl_generator_c[0m
[2.070s] [  5%] [32mBuilding C object CMakeFiles/aruco_interfaces__rosidl_generator_c.dir/rosidl_generator_c/aruco_interfaces/msg/detail/float64__functions.c.o[0m
[2.072s] [  9%] [32mBuilding C object CMakeFiles/aruco_interfaces__rosidl_generator_c.dir/rosidl_generator_c/aruco_interfaces/msg/detail/float64_multi_array__functions.c.o[0m
[2.072s] [  9%] [32mBuilding C object CMakeFiles/aruco_interfaces__rosidl_generator_c.dir/rosidl_generator_c/aruco_interfaces/msg/detail/image__functions.c.o[0m
[2.073s] [ 10%] [32mBuilding C object CMakeFiles/aruco_interfaces__rosidl_generator_c.dir/rosidl_generator_c/aruco_interfaces/srv/detail/tagid__functions.c.o[0m
[2.076s] running egg_info
[2.077s] writing aruco_interfaces.egg-info/PKG-INFO
[2.077s] writing dependency_links to aruco_interfaces.egg-info/dependency_links.txt
[2.078s] writing top-level names to aruco_interfaces.egg-info/top_level.txt
[2.078s] [ 10%] Built target aruco_interfaces__cpp
[2.080s] reading manifest file 'aruco_interfaces.egg-info/SOURCES.txt'
[2.081s] writing manifest file 'aruco_interfaces.egg-info/SOURCES.txt'
[2.086s] [ 12%] [34m[1mGenerating C++ type support dispatch for ROS interfaces[0m
[2.090s] [ 16%] [34m[1mGenerating C++ introspection for ROS interfaces[0m
[2.090s] [ 16%] [34m[1mGenerating C++ type support for eProsima Fast-RTPS[0m
[2.115s] [ 16%] Built target ament_cmake_python_build_aruco_interfaces_egg
[2.128s] [ 18%] [32m[1mLinking C shared library libaruco_interfaces__rosidl_generator_c.so[0m
[2.157s] [ 18%] Built target aruco_interfaces__rosidl_generator_c
[2.165s] [ 20%] [34m[1mGenerating C type support for eProsima Fast-RTPS[0m
[2.168s] [ 23%] [34m[1mGenerating C introspection for ROS interfaces[0m
[2.168s] [ 23%] [34m[1mGenerating C type support dispatch for ROS interfaces[0m
[2.286s] [35m[1mConsolidate compiler generated dependencies of target aruco_interfaces__rosidl_typesupport_cpp[0m
[2.297s] [ 25%] [32mBuilding CXX object CMakeFiles/aruco_interfaces__rosidl_typesupport_cpp.dir/rosidl_typesupport_cpp/aruco_interfaces/msg/image__type_support.cpp.o[0m
[2.299s] [ 29%] [32mBuilding CXX object CMakeFiles/aruco_interfaces__rosidl_typesupport_cpp.dir/rosidl_typesupport_cpp/aruco_interfaces/msg/float64__type_support.cpp.o[0m
[2.299s] [ 29%] [32mBuilding CXX object CMakeFiles/aruco_interfaces__rosidl_typesupport_cpp.dir/rosidl_typesupport_cpp/aruco_interfaces/msg/float64_multi_array__type_support.cpp.o[0m
[2.299s] [ 30%] [32mBuilding CXX object CMakeFiles/aruco_interfaces__rosidl_typesupport_cpp.dir/rosidl_typesupport_cpp/aruco_interfaces/srv/tagid__type_support.cpp.o[0m
[2.436s] [35m[1mConsolidate compiler generated dependencies of target aruco_interfaces__rosidl_typesupport_fastrtps_c[0m
[2.454s] [ 36%] [32mBuilding CXX object CMakeFiles/aruco_interfaces__rosidl_typesupport_fastrtps_c.dir/rosidl_typesupport_fastrtps_c/aruco_interfaces/msg/detail/float64__type_support_c.cpp.o[0m
[2.455s] [ 36%] [32mBuilding CXX object CMakeFiles/aruco_interfaces__rosidl_typesupport_fastrtps_c.dir/rosidl_typesupport_fastrtps_c/aruco_interfaces/msg/detail/float64_multi_array__type_support_c.cpp.o[0m
[2.455s] [ 36%] [32mBuilding CXX object CMakeFiles/aruco_interfaces__rosidl_typesupport_fastrtps_c.dir/rosidl_typesupport_fastrtps_c/aruco_interfaces/srv/detail/tagid__type_support_c.cpp.o[0m
[2.456s] [ 38%] [32mBuilding CXX object CMakeFiles/aruco_interfaces__rosidl_typesupport_fastrtps_c.dir/rosidl_typesupport_fastrtps_c/aruco_interfaces/msg/detail/image__type_support_c.cpp.o[0m
[2.469s] [35m[1mConsolidate compiler generated dependencies of target aruco_interfaces__rosidl_typesupport_fastrtps_cpp[0m
[2.504s] [ 40%] [32mBuilding CXX object CMakeFiles/aruco_interfaces__rosidl_typesupport_fastrtps_cpp.dir/rosidl_typesupport_fastrtps_cpp/aruco_interfaces/msg/detail/dds_fastrtps/float64__type_support.cpp.o[0m
[2.544s] [35m[1mConsolidate compiler generated dependencies of target aruco_interfaces__rosidl_typesupport_introspection_cpp[0m
[2.555s] [35m[1mConsolidate compiler generated dependencies of target aruco_interfaces__rosidl_typesupport_c[0m
[2.579s] [ 41%] [32mBuilding CXX object CMakeFiles/aruco_interfaces__rosidl_typesupport_introspection_cpp.dir/rosidl_typesupport_introspection_cpp/aruco_interfaces/msg/detail/float64__type_support.cpp.o[0m
[2.591s] [ 43%] [32mBuilding CXX object CMakeFiles/aruco_interfaces__rosidl_typesupport_c.dir/rosidl_typesupport_c/aruco_interfaces/msg/float64__type_support.cpp.o[0m
[2.630s] [ 45%] [32mBuilding CXX object CMakeFiles/aruco_interfaces__rosidl_typesupport_c.dir/rosidl_typesupport_c/aruco_interfaces/msg/float64_multi_array__type_support.cpp.o[0m
[2.639s] [ 47%] [32mBuilding CXX object CMakeFiles/aruco_interfaces__rosidl_typesupport_c.dir/rosidl_typesupport_c/aruco_interfaces/msg/image__type_support.cpp.o[0m
[2.652s] [ 49%] [32mBuilding CXX object CMakeFiles/aruco_interfaces__rosidl_typesupport_fastrtps_cpp.dir/rosidl_typesupport_fastrtps_cpp/aruco_interfaces/msg/detail/dds_fastrtps/float64_multi_array__type_support.cpp.o[0m
[2.655s] [ 50%] [32mBuilding CXX object CMakeFiles/aruco_interfaces__rosidl_typesupport_fastrtps_cpp.dir/rosidl_typesupport_fastrtps_cpp/aruco_interfaces/msg/detail/dds_fastrtps/image__type_support.cpp.o[0m
[2.657s] [ 52%] [32m[1mLinking CXX shared library libaruco_interfaces__rosidl_typesupport_cpp.so[0m
[2.667s] [35m[1mConsolidate compiler generated dependencies of target aruco_interfaces__rosidl_typesupport_introspection_c[0m
[2.672s] [ 54%] [32mBuilding CXX object CMakeFiles/aruco_interfaces__rosidl_typesupport_c.dir/rosidl_typesupport_c/aruco_interfaces/srv/tagid__type_support.cpp.o[0m
[2.684s] [ 56%] [32mBuilding C object CMakeFiles/aruco_interfaces__rosidl_typesupport_introspection_c.dir/rosidl_typesupport_introspection_c/aruco_interfaces/msg/detail/float64__type_support.c.o[0m
[2.702s] [ 58%] [32mBuilding C object CMakeFiles/aruco_interfaces__rosidl_typesupport_introspection_c.dir/rosidl_typesupport_introspection_c/aruco_interfaces/msg/detail/float64_multi_array__type_support.c.o[0m
[2.712s] [ 60%] Built target aruco_interfaces__rosidl_typesupport_cpp
[2.713s] [ 60%] [32m[1mLinking CXX shared library libaruco_interfaces__rosidl_typesupport_c.so[0m
[2.724s] [ 61%] [32mBuilding CXX object CMakeFiles/aruco_interfaces__rosidl_typesupport_introspection_cpp.dir/rosidl_typesupport_introspection_cpp/aruco_interfaces/msg/detail/float64_multi_array__type_support.cpp.o[0m
[2.727s] [ 63%] [32mBuilding C object CMakeFiles/aruco_interfaces__rosidl_typesupport_introspection_c.dir/rosidl_typesupport_introspection_c/aruco_interfaces/msg/detail/image__type_support.c.o[0m
[2.770s] [ 65%] [32mBuilding C object CMakeFiles/aruco_interfaces__rosidl_typesupport_introspection_c.dir/rosidl_typesupport_introspection_c/aruco_interfaces/srv/detail/tagid__type_support.c.o[0m
[2.773s] [ 67%] [32mBuilding CXX object CMakeFiles/aruco_interfaces__rosidl_typesupport_introspection_cpp.dir/rosidl_typesupport_introspection_cpp/aruco_interfaces/msg/detail/image__type_support.cpp.o[0m
[2.796s] [ 67%] Built target aruco_interfaces__rosidl_typesupport_c
[2.807s] [ 69%] [32mBuilding CXX object CMakeFiles/aruco_interfaces__rosidl_typesupport_introspection_cpp.dir/rosidl_typesupport_introspection_cpp/aruco_interfaces/srv/detail/tagid__type_support.cpp.o[0m
[2.841s] [ 70%] [32m[1mLinking C shared library libaruco_interfaces__rosidl_typesupport_introspection_c.so[0m
[2.872s] [ 72%] [32mBuilding CXX object CMakeFiles/aruco_interfaces__rosidl_typesupport_fastrtps_cpp.dir/rosidl_typesupport_fastrtps_cpp/aruco_interfaces/srv/detail/dds_fastrtps/tagid__type_support.cpp.o[0m
[2.903s] [ 72%] Built target aruco_interfaces__rosidl_typesupport_introspection_c
[2.926s] [ 74%] [32m[1mLinking CXX shared library libaruco_interfaces__rosidl_typesupport_fastrtps_c.so[0m
[3.042s] [ 74%] Built target aruco_interfaces__rosidl_typesupport_fastrtps_c
[3.213s] [ 76%] [32m[1mLinking CXX shared library libaruco_interfaces__rosidl_typesupport_fastrtps_cpp.so[0m
[3.247s] [ 78%] [32m[1mLinking CXX shared library libaruco_interfaces__rosidl_typesupport_introspection_cpp.so[0m
[3.271s] [ 78%] Built target aruco_interfaces__rosidl_typesupport_fastrtps_cpp
[3.297s] [ 78%] Built target aruco_interfaces__rosidl_typesupport_introspection_cpp
[3.314s] [ 78%] Built target aruco_interfaces
[3.337s] [ 80%] [34m[1mGenerating Python code for ROS interfaces[0m
[3.706s] [ 80%] Built target aruco_interfaces__py
[3.713s] [35m[1mConsolidate compiler generated dependencies of target aruco_interfaces__rosidl_generator_py[0m
[3.722s] [ 83%] [32mBuilding C object CMakeFiles/aruco_interfaces__rosidl_generator_py.dir/rosidl_generator_py/aruco_interfaces/msg/_float64_multi_array_s.c.o[0m
[3.722s] [ 83%] [32mBuilding C object CMakeFiles/aruco_interfaces__rosidl_generator_py.dir/rosidl_generator_py/aruco_interfaces/msg/_float64_s.c.o[0m
[3.724s] [ 85%] [32mBuilding C object CMakeFiles/aruco_interfaces__rosidl_generator_py.dir/rosidl_generator_py/aruco_interfaces/msg/_image_s.c.o[0m
[3.724s] [ 87%] [32mBuilding C object CMakeFiles/aruco_interfaces__rosidl_generator_py.dir/rosidl_generator_py/aruco_interfaces/srv/_tagid_s.c.o[0m
[3.809s] [ 89%] [32m[1mLinking C shared library rosidl_generator_py/aruco_interfaces/libaruco_interfaces__rosidl_generator_py.so[0m
[3.843s] [ 89%] Built target aruco_interfaces__rosidl_generator_py
[3.856s] [35m[1mConsolidate compiler generated dependencies of target aruco_interfaces__rosidl_typesupport_fastrtps_c__pyext[0m
[3.856s] [35m[1mConsolidate compiler generated dependencies of target aruco_interfaces__rosidl_typesupport_introspection_c__pyext[0m
[3.859s] [35m[1mConsolidate compiler generated dependencies of target aruco_interfaces__rosidl_typesupport_c__pyext[0m
[3.869s] [ 92%] [32mBuilding C object CMakeFiles/aruco_interfaces__rosidl_typesupport_fastrtps_c__pyext.dir/rosidl_generator_py/aruco_interfaces/_aruco_interfaces_s.ep.rosidl_typesupport_fastrtps_c.c.o[0m
[3.870s] [ 92%] [32mBuilding C object CMakeFiles/aruco_interfaces__rosidl_typesupport_introspection_c__pyext.dir/rosidl_generator_py/aruco_interfaces/_aruco_interfaces_s.ep.rosidl_typesupport_introspection_c.c.o[0m
[3.880s] [ 94%] [32mBuilding C object CMakeFiles/aruco_interfaces__rosidl_typesupport_c__pyext.dir/rosidl_generator_py/aruco_interfaces/_aruco_interfaces_s.ep.rosidl_typesupport_c.c.o[0m
[3.942s] [ 98%] [32m[1mLinking C shared library rosidl_generator_py/aruco_interfaces/aruco_interfaces_s__rosidl_typesupport_fastrtps_c.cpython-310-x86_64-linux-gnu.so[0m
[3.942s] [ 98%] [32m[1mLinking C shared library rosidl_generator_py/aruco_interfaces/aruco_interfaces_s__rosidl_typesupport_introspection_c.cpython-310-x86_64-linux-gnu.so[0m
[3.971s] [ 98%] Built target aruco_interfaces__rosidl_typesupport_introspection_c__pyext
[3.971s] [ 98%] Built target aruco_interfaces__rosidl_typesupport_fastrtps_c__pyext
[3.988s] [100%] [32m[1mLinking C shared library rosidl_generator_py/aruco_interfaces/aruco_interfaces_s__rosidl_typesupport_c.cpython-310-x86_64-linux-gnu.so[0m
[4.014s] [100%] Built target aruco_interfaces__rosidl_typesupport_c__pyext
[4.022s] Invoked command in '/home/madhav/mrt_ws/build/aruco_interfaces' returned '0': CMAKE_PREFIX_PATH=${CMAKE_PREFIX_PATH}:/home/madhav/mrt_ws/install/madhav_agrawal_assn_2:/home/madhav/mrt_ws/install/imgprocess:/home/madhav/mrt_ws/install/imgpprocess:/home/madhav/erc_ws/install/week1_tutorials:/home/madhav/erc_ws/install/week0_tutorials:/home/madhav/erc_ws/install/sherlock:/opt/ros/humble /usr/bin/cmake --build /home/madhav/mrt_ws/build/aruco_interfaces -- -j12 -l12
[4.089s] Invoking command in '/home/madhav/mrt_ws/build/aruco_interfaces': CMAKE_PREFIX_PATH=${CMAKE_PREFIX_PATH}:/home/madhav/mrt_ws/install/madhav_agrawal_assn_2:/home/madhav/mrt_ws/install/imgprocess:/home/madhav/mrt_ws/install/imgpprocess:/home/madhav/erc_ws/install/week1_tutorials:/home/madhav/erc_ws/install/week0_tutorials:/home/madhav/erc_ws/install/sherlock:/opt/ros/humble /usr/bin/cmake --install /home/madhav/mrt_ws/build/aruco_interfaces
[4.099s] -- Install configuration: ""
[4.100s] -- Up-to-date: /home/madhav/mrt_ws/install/aruco_interfaces/share/ament_index/resource_index/rosidl_interfaces/aruco_interfaces
[4.100s] -- Up-to-date: /home/madhav/mrt_ws/install/aruco_interfaces/include/aruco_interfaces/aruco_interfaces
[4.100s] -- Up-to-date: /home/madhav/mrt_ws/install/aruco_interfaces/include/aruco_interfaces/aruco_interfaces/msg
[4.100s] -- Installing: /home/madhav/mrt_ws/install/aruco_interfaces/include/aruco_interfaces/aruco_interfaces/msg/image.h
[4.100s] -- Up-to-date: /home/madhav/mrt_ws/install/aruco_interfaces/include/aruco_interfaces/aruco_interfaces/msg/rosidl_generator_c__visibility_control.h
[4.100s] -- Up-to-date: /home/madhav/mrt_ws/install/aruco_interfaces/include/aruco_interfaces/aruco_interfaces/msg/detail
[4.101s] -- Installing: /home/madhav/mrt_ws/install/aruco_interfaces/include/aruco_interfaces/aruco_interfaces/msg/detail/image__functions.c
[4.101s] -- Installing: /home/madhav/mrt_ws/install/aruco_interfaces/include/aruco_interfaces/aruco_interfaces/msg/detail/float64__functions.c
[4.101s] -- Installing: /home/madhav/mrt_ws/install/aruco_interfaces/include/aruco_interfaces/aruco_interfaces/msg/detail/image__functions.h
[4.101s] -- Installing: /home/madhav/mrt_ws/install/aruco_interfaces/include/aruco_interfaces/aruco_interfaces/msg/detail/float64__type_support.h
[4.101s] -- Installing: /home/madhav/mrt_ws/install/aruco_interfaces/include/aruco_interfaces/aruco_interfaces/msg/detail/float64_multi_array__functions.c
[4.101s] -- Installing: /home/madhav/mrt_ws/install/aruco_interfaces/include/aruco_interfaces/aruco_interfaces/msg/detail/float64_multi_array__type_support.h
[4.101s] -- Installing: /home/madhav/mrt_ws/install/aruco_interfaces/include/aruco_interfaces/aruco_interfaces/msg/detail/image__type_support.h
[4.101s] -- Installing: /home/madhav/mrt_ws/install/aruco_interfaces/include/aruco_interfaces/aruco_interfaces/msg/detail/float64__functions.h
[4.101s] -- Installing: /home/madhav/mrt_ws/install/aruco_interfaces/include/aruco_interfaces/aruco_interfaces/msg/detail/image__struct.h
[4.102s] -- Installing: /home/madhav/mrt_ws/install/aruco_interfaces/include/aruco_interfaces/aruco_interfaces/msg/detail/float64__struct.h
[4.102s] -- Installing: /home/madhav/mrt_ws/install/aruco_interfaces/include/aruco_interfaces/aruco_interfaces/msg/detail/float64_multi_array__struct.h
[4.102s] -- Installing: /home/madhav/mrt_ws/install/aruco_interfaces/include/aruco_interfaces/aruco_interfaces/msg/detail/float64_multi_array__functions.h
[4.102s] -- Installing: /home/madhav/mrt_ws/install/aruco_interfaces/include/aruco_interfaces/aruco_interfaces/msg/float64_multi_array.h
[4.102s] -- Installing: /home/madhav/mrt_ws/install/aruco_interfaces/include/aruco_interfaces/aruco_interfaces/msg/float64.h
[4.102s] -- Up-to-date: /home/madhav/mrt_ws/install/aruco_interfaces/include/aruco_interfaces/aruco_interfaces/srv
[4.102s] -- Up-to-date: /home/madhav/mrt_ws/install/aruco_interfaces/include/aruco_interfaces/aruco_interfaces/srv/detail
[4.102s] -- Installing: /home/madhav/mrt_ws/install/aruco_interfaces/include/aruco_interfaces/aruco_interfaces/srv/detail/tagid__functions.h
[4.103s] -- Installing: /home/madhav/mrt_ws/install/aruco_interfaces/include/aruco_interfaces/aruco_interfaces/srv/detail/tagid__struct.h
[4.103s] -- Installing: /home/madhav/mrt_ws/install/aruco_interfaces/include/aruco_interfaces/aruco_interfaces/srv/detail/tagid__functions.c
[4.103s] -- Installing: /home/madhav/mrt_ws/install/aruco_interfaces/include/aruco_interfaces/aruco_interfaces/srv/detail/tagid__type_support.h
[4.103s] -- Installing: /home/madhav/mrt_ws/install/aruco_interfaces/include/aruco_interfaces/aruco_interfaces/srv/tagid.h
[4.103s] -- Up-to-date: /home/madhav/mrt_ws/install/aruco_interfaces/share/aruco_interfaces/environment/library_path.sh
[4.103s] -- Installing: /home/madhav/mrt_ws/install/aruco_interfaces/share/aruco_interfaces/environment/library_path.dsv
[4.103s] -- Installing: /home/madhav/mrt_ws/install/aruco_interfaces/lib/libaruco_interfaces__rosidl_generator_c.so
[4.103s] -- Set runtime path of "/home/madhav/mrt_ws/install/aruco_interfaces/lib/libaruco_interfaces__rosidl_generator_c.so" to ""
[4.104s] -- Up-to-date: /home/madhav/mrt_ws/install/aruco_interfaces/include/aruco_interfaces/aruco_interfaces
[4.104s] -- Up-to-date: /home/madhav/mrt_ws/install/aruco_interfaces/include/aruco_interfaces/aruco_interfaces/msg
[4.104s] -- Up-to-date: /home/madhav/mrt_ws/install/aruco_interfaces/include/aruco_interfaces/aruco_interfaces/msg/detail
[4.104s] -- Installing: /home/madhav/mrt_ws/install/aruco_interfaces/include/aruco_interfaces/aruco_interfaces/msg/detail/float64__rosidl_typesupport_fastrtps_c.h
[4.104s] -- Installing: /home/madhav/mrt_ws/install/aruco_interfaces/include/aruco_interfaces/aruco_interfaces/msg/detail/float64_multi_array__rosidl_typesupport_fastrtps_c.h
[4.104s] -- Installing: /home/madhav/mrt_ws/install/aruco_interfaces/include/aruco_interfaces/aruco_interfaces/msg/detail/image__rosidl_typesupport_fastrtps_c.h
[4.104s] -- Up-to-date: /home/madhav/mrt_ws/install/aruco_interfaces/include/aruco_interfaces/aruco_interfaces/msg/rosidl_typesupport_fastrtps_c__visibility_control.h
[4.104s] -- Up-to-date: /home/madhav/mrt_ws/install/aruco_interfaces/include/aruco_interfaces/aruco_interfaces/srv
[4.105s] -- Up-to-date: /home/madhav/mrt_ws/install/aruco_interfaces/include/aruco_interfaces/aruco_interfaces/srv/detail
[4.105s] -- Installing: /home/madhav/mrt_ws/install/aruco_interfaces/include/aruco_interfaces/aruco_interfaces/srv/detail/tagid__rosidl_typesupport_fastrtps_c.h
[4.105s] -- Installing: /home/madhav/mrt_ws/install/aruco_interfaces/lib/libaruco_interfaces__rosidl_typesupport_fastrtps_c.so
[4.105s] -- Set runtime path of "/home/madhav/mrt_ws/install/aruco_interfaces/lib/libaruco_interfaces__rosidl_typesupport_fastrtps_c.so" to ""
[4.105s] -- Up-to-date: /home/madhav/mrt_ws/install/aruco_interfaces/include/aruco_interfaces/aruco_interfaces
[4.105s] -- Up-to-date: /home/madhav/mrt_ws/install/aruco_interfaces/include/aruco_interfaces/aruco_interfaces/msg
[4.105s] -- Up-to-date: /home/madhav/mrt_ws/install/aruco_interfaces/include/aruco_interfaces/aruco_interfaces/msg/detail
[4.105s] -- Installing: /home/madhav/mrt_ws/install/aruco_interfaces/include/aruco_interfaces/aruco_interfaces/msg/detail/float64_multi_array__rosidl_typesupport_introspection_c.h
[4.106s] -- Installing: /home/madhav/mrt_ws/install/aruco_interfaces/include/aruco_interfaces/aruco_interfaces/msg/detail/float64__type_support.c
[4.106s] -- Installing: /home/madhav/mrt_ws/install/aruco_interfaces/include/aruco_interfaces/aruco_interfaces/msg/detail/image__rosidl_typesupport_introspection_c.h
[4.106s] -- Installing: /home/madhav/mrt_ws/install/aruco_interfaces/include/aruco_interfaces/aruco_interfaces/msg/detail/image__type_support.c
[4.106s] -- Installing: /home/madhav/mrt_ws/install/aruco_interfaces/include/aruco_interfaces/aruco_interfaces/msg/detail/float64__rosidl_typesupport_introspection_c.h
[4.106s] -- Installing: /home/madhav/mrt_ws/install/aruco_interfaces/include/aruco_interfaces/aruco_interfaces/msg/detail/float64_multi_array__type_support.c
[4.106s] -- Up-to-date: /home/madhav/mrt_ws/install/aruco_interfaces/include/aruco_interfaces/aruco_interfaces/msg/rosidl_typesupport_introspection_c__visibility_control.h
[4.106s] -- Up-to-date: /home/madhav/mrt_ws/install/aruco_interfaces/include/aruco_interfaces/aruco_interfaces/srv
[4.107s] -- Up-to-date: /home/madhav/mrt_ws/install/aruco_interfaces/include/aruco_interfaces/aruco_interfaces/srv/detail
[4.107s] -- Installing: /home/madhav/mrt_ws/install/aruco_interfaces/include/aruco_interfaces/aruco_interfaces/srv/detail/tagid__rosidl_typesupport_introspection_c.h
[4.107s] -- Installing: /home/madhav/mrt_ws/install/aruco_interfaces/include/aruco_interfaces/aruco_interfaces/srv/detail/tagid__type_support.c
[4.107s] -- Installing: /home/madhav/mrt_ws/install/aruco_interfaces/lib/libaruco_interfaces__rosidl_typesupport_introspection_c.so
[4.107s] -- Set runtime path of "/home/madhav/mrt_ws/install/aruco_interfaces/lib/libaruco_interfaces__rosidl_typesupport_introspection_c.so" to ""
[4.107s] -- Installing: /home/madhav/mrt_ws/install/aruco_interfaces/lib/libaruco_interfaces__rosidl_typesupport_c.so
[4.107s] -- Set runtime path of "/home/madhav/mrt_ws/install/aruco_interfaces/lib/libaruco_interfaces__rosidl_typesupport_c.so" to ""
[4.107s] -- Up-to-date: /home/madhav/mrt_ws/install/aruco_interfaces/include/aruco_interfaces/aruco_interfaces
[4.108s] -- Up-to-date: /home/madhav/mrt_ws/install/aruco_interfaces/include/aruco_interfaces/aruco_interfaces/msg
[4.108s] -- Up-to-date: /home/madhav/mrt_ws/install/aruco_interfaces/include/aruco_interfaces/aruco_interfaces/msg/detail
[4.108s] -- Installing: /home/madhav/mrt_ws/install/aruco_interfaces/include/aruco_interfaces/aruco_interfaces/msg/detail/float64_multi_array__builder.hpp
[4.108s] -- Installing: /home/madhav/mrt_ws/install/aruco_interfaces/include/aruco_interfaces/aruco_interfaces/msg/detail/image__builder.hpp
[4.108s] -- Installing: /home/madhav/mrt_ws/install/aruco_interfaces/include/aruco_interfaces/aruco_interfaces/msg/detail/image__traits.hpp
[4.108s] -- Installing: /home/madhav/mrt_ws/install/aruco_interfaces/include/aruco_interfaces/aruco_interfaces/msg/detail/float64_multi_array__struct.hpp
[4.109s] -- Installing: /home/madhav/mrt_ws/install/aruco_interfaces/include/aruco_interfaces/aruco_interfaces/msg/detail/float64__builder.hpp
[4.109s] -- Installing: /home/madhav/mrt_ws/install/aruco_interfaces/include/aruco_interfaces/aruco_interfaces/msg/detail/float64_multi_array__traits.hpp
[4.109s] -- Installing: /home/madhav/mrt_ws/install/aruco_interfaces/include/aruco_interfaces/aruco_interfaces/msg/detail/float64__struct.hpp
[4.109s] -- Installing: /home/madhav/mrt_ws/install/aruco_interfaces/include/aruco_interfaces/aruco_interfaces/msg/detail/image__struct.hpp
[4.109s] -- Installing: /home/madhav/mrt_ws/install/aruco_interfaces/include/aruco_interfaces/aruco_interfaces/msg/detail/float64__traits.hpp
[4.109s] -- Installing: /home/madhav/mrt_ws/install/aruco_interfaces/include/aruco_interfaces/aruco_interfaces/msg/float64_multi_array.hpp
[4.109s] -- Installing: /home/madhav/mrt_ws/install/aruco_interfaces/include/aruco_interfaces/aruco_interfaces/msg/float64.hpp
[4.109s] -- Installing: /home/madhav/mrt_ws/install/aruco_interfaces/include/aruco_interfaces/aruco_interfaces/msg/image.hpp
[4.110s] -- Up-to-date: /home/madhav/mrt_ws/install/aruco_interfaces/include/aruco_interfaces/aruco_interfaces/srv
[4.110s] -- Installing: /home/madhav/mrt_ws/install/aruco_interfaces/include/aruco_interfaces/aruco_interfaces/srv/tagid.hpp
[4.110s] -- Up-to-date: /home/madhav/mrt_ws/install/aruco_interfaces/include/aruco_interfaces/aruco_interfaces/srv/detail
[4.110s] -- Installing: /home/madhav/mrt_ws/install/aruco_interfaces/include/aruco_interfaces/aruco_interfaces/srv/detail/tagid__struct.hpp
[4.110s] -- Installing: /home/madhav/mrt_ws/install/aruco_interfaces/include/aruco_interfaces/aruco_interfaces/srv/detail/tagid__traits.hpp
[4.110s] -- Installing: /home/madhav/mrt_ws/install/aruco_interfaces/include/aruco_interfaces/aruco_interfaces/srv/detail/tagid__builder.hpp
[4.110s] -- Up-to-date: /home/madhav/mrt_ws/install/aruco_interfaces/include/aruco_interfaces/aruco_interfaces
[4.111s] -- Up-to-date: /home/madhav/mrt_ws/install/aruco_interfaces/include/aruco_interfaces/aruco_interfaces/msg
[4.111s] -- Up-to-date: /home/madhav/mrt_ws/install/aruco_interfaces/include/aruco_interfaces/aruco_interfaces/msg/detail
[4.111s] -- Up-to-date: /home/madhav/mrt_ws/install/aruco_interfaces/include/aruco_interfaces/aruco_interfaces/msg/detail/dds_fastrtps
[4.111s] -- Installing: /home/madhav/mrt_ws/install/aruco_interfaces/include/aruco_interfaces/aruco_interfaces/msg/detail/image__rosidl_typesupport_fastrtps_cpp.hpp
[4.111s] -- Installing: /home/madhav/mrt_ws/install/aruco_interfaces/include/aruco_interfaces/aruco_interfaces/msg/detail/float64__rosidl_typesupport_fastrtps_cpp.hpp
[4.111s] -- Installing: /home/madhav/mrt_ws/install/aruco_interfaces/include/aruco_interfaces/aruco_interfaces/msg/detail/float64_multi_array__rosidl_typesupport_fastrtps_cpp.hpp
[4.111s] -- Up-to-date: /home/madhav/mrt_ws/install/aruco_interfaces/include/aruco_interfaces/aruco_interfaces/msg/rosidl_typesupport_fastrtps_cpp__visibility_control.h
[4.112s] -- Up-to-date: /home/madhav/mrt_ws/install/aruco_interfaces/include/aruco_interfaces/aruco_interfaces/srv
[4.112s] -- Up-to-date: /home/madhav/mrt_ws/install/aruco_interfaces/include/aruco_interfaces/aruco_interfaces/srv/detail
[4.112s] -- Up-to-date: /home/madhav/mrt_ws/install/aruco_interfaces/include/aruco_interfaces/aruco_interfaces/srv/detail/dds_fastrtps
[4.112s] -- Installing: /home/madhav/mrt_ws/install/aruco_interfaces/include/aruco_interfaces/aruco_interfaces/srv/detail/tagid__rosidl_typesupport_fastrtps_cpp.hpp
[4.112s] -- Installing: /home/madhav/mrt_ws/install/aruco_interfaces/lib/libaruco_interfaces__rosidl_typesupport_fastrtps_cpp.so
[4.112s] -- Set runtime path of "/home/madhav/mrt_ws/install/aruco_interfaces/lib/libaruco_interfaces__rosidl_typesupport_fastrtps_cpp.so" to ""
[4.112s] -- Up-to-date: /home/madhav/mrt_ws/install/aruco_interfaces/include/aruco_interfaces/aruco_interfaces
[4.112s] -- Up-to-date: /home/madhav/mrt_ws/install/aruco_interfaces/include/aruco_interfaces/aruco_interfaces/msg
[4.113s] -- Up-to-date: /home/madhav/mrt_ws/install/aruco_interfaces/include/aruco_interfaces/aruco_interfaces/msg/detail
[4.113s] -- Installing: /home/madhav/mrt_ws/install/aruco_interfaces/include/aruco_interfaces/aruco_interfaces/msg/detail/image__type_support.cpp
[4.113s] -- Installing: /home/madhav/mrt_ws/install/aruco_interfaces/include/aruco_interfaces/aruco_interfaces/msg/detail/float64__rosidl_typesupport_introspection_cpp.hpp
[4.113s] -- Installing: /home/madhav/mrt_ws/install/aruco_interfaces/include/aruco_interfaces/aruco_interfaces/msg/detail/image__rosidl_typesupport_introspection_cpp.hpp
[4.113s] -- Installing: /home/madhav/mrt_ws/install/aruco_interfaces/include/aruco_interfaces/aruco_interfaces/msg/detail/float64_multi_array__type_support.cpp
[4.113s] -- Installing: /home/madhav/mrt_ws/install/aruco_interfaces/include/aruco_interfaces/aruco_interfaces/msg/detail/float64_multi_array__rosidl_typesupport_introspection_cpp.hpp
[4.113s] -- Installing: /home/madhav/mrt_ws/install/aruco_interfaces/include/aruco_interfaces/aruco_interfaces/msg/detail/float64__type_support.cpp
[4.113s] -- Up-to-date: /home/madhav/mrt_ws/install/aruco_interfaces/include/aruco_interfaces/aruco_interfaces/srv
[4.113s] -- Up-to-date: /home/madhav/mrt_ws/install/aruco_interfaces/include/aruco_interfaces/aruco_interfaces/srv/detail
[4.114s] -- Installing: /home/madhav/mrt_ws/install/aruco_interfaces/include/aruco_interfaces/aruco_interfaces/srv/detail/tagid__rosidl_typesupport_introspection_cpp.hpp
[4.114s] -- Installing: /home/madhav/mrt_ws/install/aruco_interfaces/include/aruco_interfaces/aruco_interfaces/srv/detail/tagid__type_support.cpp
[4.114s] -- Installing: /home/madhav/mrt_ws/install/aruco_interfaces/lib/libaruco_interfaces__rosidl_typesupport_introspection_cpp.so
[4.114s] -- Set runtime path of "/home/madhav/mrt_ws/install/aruco_interfaces/lib/libaruco_interfaces__rosidl_typesupport_introspection_cpp.so" to ""
[4.114s] -- Installing: /home/madhav/mrt_ws/install/aruco_interfaces/lib/libaruco_interfaces__rosidl_typesupport_cpp.so
[4.114s] -- Set runtime path of "/home/madhav/mrt_ws/install/aruco_interfaces/lib/libaruco_interfaces__rosidl_typesupport_cpp.so" to ""
[4.114s] -- Up-to-date: /home/madhav/mrt_ws/install/aruco_interfaces/share/aruco_interfaces/environment/pythonpath.sh
[4.114s] -- Installing: /home/madhav/mrt_ws/install/aruco_interfaces/share/aruco_interfaces/environment/pythonpath.dsv
[4.115s] -- Up-to-date: /home/madhav/mrt_ws/install/aruco_interfaces/local/lib/python3.10/dist-packages/aruco_interfaces-0.0.0-py3.10.egg-info
[4.115s] -- Installing: /home/madhav/mrt_ws/install/aruco_interfaces/local/lib/python3.10/dist-packages/aruco_interfaces-0.0.0-py3.10.egg-info/SOURCES.txt
[4.115s] -- Installing: /home/madhav/mrt_ws/install/aruco_interfaces/local/lib/python3.10/dist-packages/aruco_interfaces-0.0.0-py3.10.egg-info/PKG-INFO
[4.115s] -- Installing: /home/madhav/mrt_ws/install/aruco_interfaces/local/lib/python3.10/dist-packages/aruco_interfaces-0.0.0-py3.10.egg-info/top_level.txt
[4.115s] -- Installing: /home/madhav/mrt_ws/install/aruco_interfaces/local/lib/python3.10/dist-packages/aruco_interfaces-0.0.0-py3.10.egg-info/dependency_links.txt
[4.115s] -- Up-to-date: /home/madhav/mrt_ws/install/aruco_interfaces/local/lib/python3.10/dist-packages/aruco_interfaces
[4.115s] -- Installing: /home/madhav/mrt_ws/install/aruco_interfaces/local/lib/python3.10/dist-packages/aruco_interfaces/_aruco_interfaces_s.ep.rosidl_typesupport_introspection_c.c
[4.115s] -- Installing: /home/madhav/mrt_ws/install/aruco_interfaces/local/lib/python3.10/dist-packages/aruco_interfaces/libaruco_interfaces__rosidl_generator_py.so
[4.115s] -- Up-to-date: /home/madhav/mrt_ws/install/aruco_interfaces/local/lib/python3.10/dist-packages/aruco_interfaces/msg
[4.116s] -- Installing: /home/madhav/mrt_ws/install/aruco_interfaces/local/lib/python3.10/dist-packages/aruco_interfaces/msg/_image.py
[4.116s] -- Installing: /home/madhav/mrt_ws/install/aruco_interfaces/local/lib/python3.10/dist-packages/aruco_interfaces/msg/_float64_s.c
[4.116s] -- Installing: /home/madhav/mrt_ws/install/aruco_interfaces/local/lib/python3.10/dist-packages/aruco_interfaces/msg/__init__.py
[4.116s] -- Installing: /home/madhav/mrt_ws/install/aruco_interfaces/local/lib/python3.10/dist-packages/aruco_interfaces/msg/_image_s.c
[4.116s] -- Installing: /home/madhav/mrt_ws/install/aruco_interfaces/local/lib/python3.10/dist-packages/aruco_interfaces/msg/_float64_multi_array.py
[4.116s] -- Installing: /home/madhav/mrt_ws/install/aruco_interfaces/local/lib/python3.10/dist-packages/aruco_interfaces/msg/_float64.py
[4.116s] -- Installing: /home/madhav/mrt_ws/install/aruco_interfaces/local/lib/python3.10/dist-packages/aruco_interfaces/msg/_float64_multi_array_s.c
[4.116s] -- Installing: /home/madhav/mrt_ws/install/aruco_interfaces/local/lib/python3.10/dist-packages/aruco_interfaces/aruco_interfaces_s__rosidl_typesupport_c.cpython-310-x86_64-linux-gnu.so
[4.117s] -- Installing: /home/madhav/mrt_ws/install/aruco_interfaces/local/lib/python3.10/dist-packages/aruco_interfaces/_aruco_interfaces_s.ep.rosidl_typesupport_fastrtps_c.c
[4.117s] -- Installing: /home/madhav/mrt_ws/install/aruco_interfaces/local/lib/python3.10/dist-packages/aruco_interfaces/__init__.py
[4.117s] -- Up-to-date: /home/madhav/mrt_ws/install/aruco_interfaces/local/lib/python3.10/dist-packages/aruco_interfaces/srv
[4.117s] -- Installing: /home/madhav/mrt_ws/install/aruco_interfaces/local/lib/python3.10/dist-packages/aruco_interfaces/srv/__init__.py
[4.117s] -- Installing: /home/madhav/mrt_ws/install/aruco_interfaces/local/lib/python3.10/dist-packages/aruco_interfaces/srv/_tagid.py
[4.117s] -- Installing: /home/madhav/mrt_ws/install/aruco_interfaces/local/lib/python3.10/dist-packages/aruco_interfaces/srv/_tagid_s.c
[4.117s] -- Installing: /home/madhav/mrt_ws/install/aruco_interfaces/local/lib/python3.10/dist-packages/aruco_interfaces/_aruco_interfaces_s.ep.rosidl_typesupport_c.c
[4.117s] -- Installing: /home/madhav/mrt_ws/install/aruco_interfaces/local/lib/python3.10/dist-packages/aruco_interfaces/aruco_interfaces_s__rosidl_typesupport_fastrtps_c.cpython-310-x86_64-linux-gnu.so
[4.118s] -- Installing: /home/madhav/mrt_ws/install/aruco_interfaces/local/lib/python3.10/dist-packages/aruco_interfaces/aruco_interfaces_s__rosidl_typesupport_introspection_c.cpython-310-x86_64-linux-gnu.so
[4.166s] Listing '/home/madhav/mrt_ws/install/aruco_interfaces/local/lib/python3.10/dist-packages/aruco_interfaces'...
[4.166s] Compiling '/home/madhav/mrt_ws/install/aruco_interfaces/local/lib/python3.10/dist-packages/aruco_interfaces/__init__.py'...
[4.166s] Listing '/home/madhav/mrt_ws/install/aruco_interfaces/local/lib/python3.10/dist-packages/aruco_interfaces/msg'...
[4.166s] Compiling '/home/madhav/mrt_ws/install/aruco_interfaces/local/lib/python3.10/dist-packages/aruco_interfaces/msg/__init__.py'...
[4.166s] Compiling '/home/madhav/mrt_ws/install/aruco_interfaces/local/lib/python3.10/dist-packages/aruco_interfaces/msg/_float64.py'...
[4.166s] Compiling '/home/madhav/mrt_ws/install/aruco_interfaces/local/lib/python3.10/dist-packages/aruco_interfaces/msg/_float64_multi_array.py'...
[4.166s] Compiling '/home/madhav/mrt_ws/install/aruco_interfaces/local/lib/python3.10/dist-packages/aruco_interfaces/msg/_image.py'...
[4.167s] Listing '/home/madhav/mrt_ws/install/aruco_interfaces/local/lib/python3.10/dist-packages/aruco_interfaces/srv'...
[4.167s] Compiling '/home/madhav/mrt_ws/install/aruco_interfaces/local/lib/python3.10/dist-packages/aruco_interfaces/srv/__init__.py'...
[4.167s] Compiling '/home/madhav/mrt_ws/install/aruco_interfaces/local/lib/python3.10/dist-packages/aruco_interfaces/srv/_tagid.py'...
[4.172s] -- Installing: /home/madhav/mrt_ws/install/aruco_interfaces/local/lib/python3.10/dist-packages/aruco_interfaces/aruco_interfaces_s__rosidl_typesupport_fastrtps_c.cpython-310-x86_64-linux-gnu.so
[4.172s] -- Set runtime path of "/home/madhav/mrt_ws/install/aruco_interfaces/local/lib/python3.10/dist-packages/aruco_interfaces/aruco_interfaces_s__rosidl_typesupport_fastrtps_c.cpython-310-x86_64-linux-gnu.so" to ""
[4.172s] -- Installing: /home/madhav/mrt_ws/install/aruco_interfaces/local/lib/python3.10/dist-packages/aruco_interfaces/aruco_interfaces_s__rosidl_typesupport_introspection_c.cpython-310-x86_64-linux-gnu.so
[4.173s] -- Set runtime path of "/home/madhav/mrt_ws/install/aruco_interfaces/local/lib/python3.10/dist-packages/aruco_interfaces/aruco_interfaces_s__rosidl_typesupport_introspection_c.cpython-310-x86_64-linux-gnu.so" to ""
[4.173s] -- Installing: /home/madhav/mrt_ws/install/aruco_interfaces/local/lib/python3.10/dist-packages/aruco_interfaces/aruco_interfaces_s__rosidl_typesupport_c.cpython-310-x86_64-linux-gnu.so
[4.173s] -- Set runtime path of "/home/madhav/mrt_ws/install/aruco_interfaces/local/lib/python3.10/dist-packages/aruco_interfaces/aruco_interfaces_s__rosidl_typesupport_c.cpython-310-x86_64-linux-gnu.so" to ""
[4.174s] -- Installing: /home/madhav/mrt_ws/install/aruco_interfaces/lib/libaruco_interfaces__rosidl_generator_py.so
[4.174s] -- Set runtime path of "/home/madhav/mrt_ws/install/aruco_interfaces/lib/libaruco_interfaces__rosidl_generator_py.so" to ""
[4.174s] -- Up-to-date: /home/madhav/mrt_ws/install/aruco_interfaces/share/aruco_interfaces/msg/Float64.idl
[4.175s] -- Up-to-date: /home/madhav/mrt_ws/install/aruco_interfaces/share/aruco_interfaces/msg/Float64MultiArray.idl
[4.175s] -- Up-to-date: /home/madhav/mrt_ws/install/aruco_interfaces/share/aruco_interfaces/msg/Image.idl
[4.175s] -- Installing: /home/madhav/mrt_ws/install/aruco_interfaces/share/aruco_interfaces/srv/Tagid.idl
[4.175s] -- Up-to-date: /home/madhav/mrt_ws/install/aruco_interfaces/share/aruco_interfaces/msg/Float64.msg
[4.175s] -- Up-to-date: /home/madhav/mrt_ws/install/aruco_interfaces/share/aruco_interfaces/msg/Float64MultiArray.msg
[4.175s] -- Up-to-date: /home/madhav/mrt_ws/install/aruco_interfaces/share/aruco_interfaces/msg/Image.msg
[4.175s] -- Installing: /home/madhav/mrt_ws/install/aruco_interfaces/share/aruco_interfaces/srv/Tagid.srv
[4.176s] -- Installing: /home/madhav/mrt_ws/install/aruco_interfaces/share/aruco_interfaces/srv/Tagid_Request.msg
[4.176s] -- Up-to-date: /home/madhav/mrt_ws/install/aruco_interfaces/share/aruco_interfaces/srv/Tagid_Response.msg
[4.176s] -- Up-to-date: /home/madhav/mrt_ws/install/aruco_interfaces/share/ament_index/resource_index/package_run_dependencies/aruco_interfaces
[4.176s] -- Up-to-date: /home/madhav/mrt_ws/install/aruco_interfaces/share/ament_index/resource_index/parent_prefix_path/aruco_interfaces
[4.176s] -- Up-to-date: /home/madhav/mrt_ws/install/aruco_interfaces/share/aruco_interfaces/environment/ament_prefix_path.sh
[4.176s] -- Installing: /home/madhav/mrt_ws/install/aruco_interfaces/share/aruco_interfaces/environment/ament_prefix_path.dsv
[4.176s] -- Up-to-date: /home/madhav/mrt_ws/install/aruco_interfaces/share/aruco_interfaces/environment/path.sh
[4.176s] -- Installing: /home/madhav/mrt_ws/install/aruco_interfaces/share/aruco_interfaces/environment/path.dsv
[4.177s] -- Up-to-date: /home/madhav/mrt_ws/install/aruco_interfaces/share/aruco_interfaces/local_setup.bash
[4.177s] -- Up-to-date: /home/madhav/mrt_ws/install/aruco_interfaces/share/aruco_interfaces/local_setup.sh
[4.177s] -- Up-to-date: /home/madhav/mrt_ws/install/aruco_interfaces/share/aruco_interfaces/local_setup.zsh
[4.177s] -- Installing: /home/madhav/mrt_ws/install/aruco_interfaces/share/aruco_interfaces/local_setup.dsv
[4.177s] -- Installing: /home/madhav/mrt_ws/install/aruco_interfaces/share/aruco_interfaces/package.dsv
[4.177s] -- Up-to-date: /home/madhav/mrt_ws/install/aruco_interfaces/share/ament_index/resource_index/packages/aruco_interfaces
[4.177s] -- Up-to-date: /home/madhav/mrt_ws/install/aruco_interfaces/share/aruco_interfaces/cmake/export_aruco_interfaces__rosidl_generator_cExport.cmake
[4.178s] -- Up-to-date: /home/madhav/mrt_ws/install/aruco_interfaces/share/aruco_interfaces/cmake/export_aruco_interfaces__rosidl_generator_cExport-noconfig.cmake
[4.178s] -- Up-to-date: /home/madhav/mrt_ws/install/aruco_interfaces/share/aruco_interfaces/cmake/export_aruco_interfaces__rosidl_typesupport_fastrtps_cExport.cmake
[4.178s] -- Up-to-date: /home/madhav/mrt_ws/install/aruco_interfaces/share/aruco_interfaces/cmake/export_aruco_interfaces__rosidl_typesupport_fastrtps_cExport-noconfig.cmake
[4.178s] -- Up-to-date: /home/madhav/mrt_ws/install/aruco_interfaces/share/aruco_interfaces/cmake/aruco_interfaces__rosidl_typesupport_introspection_cExport.cmake
[4.178s] -- Up-to-date: /home/madhav/mrt_ws/install/aruco_interfaces/share/aruco_interfaces/cmake/aruco_interfaces__rosidl_typesupport_introspection_cExport-noconfig.cmake
[4.178s] -- Up-to-date: /home/madhav/mrt_ws/install/aruco_interfaces/share/aruco_interfaces/cmake/aruco_interfaces__rosidl_typesupport_cExport.cmake
[4.178s] -- Up-to-date: /home/madhav/mrt_ws/install/aruco_interfaces/share/aruco_interfaces/cmake/aruco_interfaces__rosidl_typesupport_cExport-noconfig.cmake
[4.178s] -- Up-to-date: /home/madhav/mrt_ws/install/aruco_interfaces/share/aruco_interfaces/cmake/export_aruco_interfaces__rosidl_generator_cppExport.cmake
[4.178s] -- Up-to-date: /home/madhav/mrt_ws/install/aruco_interfaces/share/aruco_interfaces/cmake/export_aruco_interfaces__rosidl_typesupport_fastrtps_cppExport.cmake
[4.179s] -- Up-to-date: /home/madhav/mrt_ws/install/aruco_interfaces/share/aruco_interfaces/cmake/export_aruco_interfaces__rosidl_typesupport_fastrtps_cppExport-noconfig.cmake
[4.179s] -- Up-to-date: /home/madhav/mrt_ws/install/aruco_interfaces/share/aruco_interfaces/cmake/aruco_interfaces__rosidl_typesupport_introspection_cppExport.cmake
[4.179s] -- Up-to-date: /home/madhav/mrt_ws/install/aruco_interfaces/share/aruco_interfaces/cmake/aruco_interfaces__rosidl_typesupport_introspection_cppExport-noconfig.cmake
[4.179s] -- Up-to-date: /home/madhav/mrt_ws/install/aruco_interfaces/share/aruco_interfaces/cmake/aruco_interfaces__rosidl_typesupport_cppExport.cmake
[4.179s] -- Up-to-date: /home/madhav/mrt_ws/install/aruco_interfaces/share/aruco_interfaces/cmake/aruco_interfaces__rosidl_typesupport_cppExport-noconfig.cmake
[4.179s] -- Up-to-date: /home/madhav/mrt_ws/install/aruco_interfaces/share/aruco_interfaces/cmake/export_aruco_interfaces__rosidl_generator_pyExport.cmake
[4.179s] -- Up-to-date: /home/madhav/mrt_ws/install/aruco_interfaces/share/aruco_interfaces/cmake/export_aruco_interfaces__rosidl_generator_pyExport-noconfig.cmake
[4.179s] -- Up-to-date: /home/madhav/mrt_ws/install/aruco_interfaces/share/aruco_interfaces/cmake/rosidl_cmake-extras.cmake
[4.179s] -- Up-to-date: /home/madhav/mrt_ws/install/aruco_interfaces/share/aruco_interfaces/cmake/ament_cmake_export_dependencies-extras.cmake
[4.180s] -- Up-to-date: /home/madhav/mrt_ws/install/aruco_interfaces/share/aruco_interfaces/cmake/ament_cmake_export_include_directories-extras.cmake
[4.180s] -- Up-to-date: /home/madhav/mrt_ws/install/aruco_interfaces/share/aruco_interfaces/cmake/ament_cmake_export_libraries-extras.cmake
[4.180s] -- Up-to-date: /home/madhav/mrt_ws/install/aruco_interfaces/share/aruco_interfaces/cmake/ament_cmake_export_targets-extras.cmake
[4.180s] -- Up-to-date: /home/madhav/mrt_ws/install/aruco_interfaces/share/aruco_interfaces/cmake/rosidl_cmake_export_typesupport_targets-extras.cmake
[4.180s] -- Up-to-date: /home/madhav/mrt_ws/install/aruco_interfaces/share/aruco_interfaces/cmake/rosidl_cmake_export_typesupport_libraries-extras.cmake
[4.180s] -- Up-to-date: /home/madhav/mrt_ws/install/aruco_interfaces/share/aruco_interfaces/cmake/aruco_interfacesConfig.cmake
[4.180s] -- Up-to-date: /home/madhav/mrt_ws/install/aruco_interfaces/share/aruco_interfaces/cmake/aruco_interfacesConfig-version.cmake
[4.180s] -- Up-to-date: /home/madhav/mrt_ws/install/aruco_interfaces/share/aruco_interfaces/package.xml
[4.182s] Invoked command in '/home/madhav/mrt_ws/build/aruco_interfaces' returned '0': CMAKE_PREFIX_PATH=${CMAKE_PREFIX_PATH}:/home/madhav/mrt_ws/install/madhav_agrawal_assn_2:/home/madhav/mrt_ws/install/imgprocess:/home/madhav/mrt_ws/install/imgpprocess:/home/madhav/erc_ws/install/week1_tutorials:/home/madhav/erc_ws/install/week0_tutorials:/home/madhav/erc_ws/install/sherlock:/opt/ros/humble /usr/bin/cmake --install /home/madhav/mrt_ws/build/aruco_interfaces
