[0.510s] Invoking command in '/home/madhav/mrt_ws/src/aruco_markers': PYTHONPATH=/home/madhav/mrt_ws/build/aruco_markers/prefix_override:/home/madhav/mrt_ws/install/aruco_markers/lib/python3.10/site-packages:${PYTHONPATH} /usr/bin/python3 setup.py egg_info --egg-base ../../build/aruco_markers build --build-base /home/madhav/mrt_ws/build/aruco_markers/build install --record /home/madhav/mrt_ws/build/aruco_markers/install.log --single-version-externally-managed
[0.634s] running egg_info
[0.634s] writing ../../build/aruco_markers/aruco_markers.egg-info/PKG-INFO
[0.634s] writing dependency_links to ../../build/aruco_markers/aruco_markers.egg-info/dependency_links.txt
[0.634s] writing entry points to ../../build/aruco_markers/aruco_markers.egg-info/entry_points.txt
[0.635s] writing requirements to ../../build/aruco_markers/aruco_markers.egg-info/requires.txt
[0.635s] writing top-level names to ../../build/aruco_markers/aruco_markers.egg-info/top_level.txt
[0.636s] reading manifest file '../../build/aruco_markers/aruco_markers.egg-info/SOURCES.txt'
[0.636s] writing manifest file '../../build/aruco_markers/aruco_markers.egg-info/SOURCES.txt'
[0.636s] running build
[0.637s] running build_py
[0.637s] /usr/lib/python3/dist-packages/setuptools/command/install.py:34: SetuptoolsDeprecationWarning: setup.py install is deprecated. Use build and pip and other standards-based tools.
[0.637s]   warnings.warn(
[0.637s] running install
[0.637s] running install_lib
[0.638s] running install_data
[0.638s] running install_egg_info
[0.639s] removing '/home/madhav/mrt_ws/install/aruco_markers/lib/python3.10/site-packages/aruco_markers-0.0.0-py3.10.egg-info' (and everything under it)
[0.639s] Copying ../../build/aruco_markers/aruco_markers.egg-info to /home/madhav/mrt_ws/install/aruco_markers/lib/python3.10/site-packages/aruco_markers-0.0.0-py3.10.egg-info
[0.639s] running install_scripts
[0.654s] Installing client script to /home/madhav/mrt_ws/install/aruco_markers/lib/aruco_markers
[0.654s] Installing infoserver script to /home/madhav/mrt_ws/install/aruco_markers/lib/aruco_markers
[0.654s] Installing rrtserver script to /home/madhav/mrt_ws/install/aruco_markers/lib/aruco_markers
[0.654s] writing list of installed files to '/home/madhav/mrt_ws/build/aruco_markers/install.log'
[0.669s] Invoked command in '/home/madhav/mrt_ws/src/aruco_markers' returned '0': PYTHONPATH=/home/madhav/mrt_ws/build/aruco_markers/prefix_override:/home/madhav/mrt_ws/install/aruco_markers/lib/python3.10/site-packages:${PYTHONPATH} /usr/bin/python3 setup.py egg_info --egg-base ../../build/aruco_markers build --build-base /home/madhav/mrt_ws/build/aruco_markers/build install --record /home/madhav/mrt_ws/build/aruco_markers/install.log --single-version-externally-managed
