[0.051s] Invoking command in '/home/madhav/mrt_ws/build/aruco_interfaces': CMAKE_PREFIX_PATH=${CMAKE_PREFIX_PATH}:/home/madhav/mrt_ws/install/madhav_agrawal_assn_2:/home/madhav/mrt_ws/install/imgprocess:/home/madhav/mrt_ws/install/imgpprocess:/home/madhav/erc_ws/install/week1_tutorials:/home/madhav/erc_ws/install/week0_tutorials:/home/madhav/erc_ws/install/sherlock:/opt/ros/humble /usr/bin/cmake --build /home/madhav/mrt_ws/build/aruco_interfaces -- -j12 -l12
[0.070s] -- Found ament_cmake: 1.3.6 (/opt/ros/humble/share/ament_cmake/cmake)
[0.166s] -- Found rosidl_default_generators: 1.2.0 (/opt/ros/humble/share/rosidl_default_generators/cmake)
[0.168s] -- Using all available rosidl_typesupport_c: rosidl_typesupport_fastrtps_c;rosidl_typesupport_introspection_c
[0.172s] -- Found rosidl_adapter: 3.1.5 (/opt/ros/humble/share/rosidl_adapter/cmake)
[0.209s] -- Using all available rosidl_typesupport_cpp: rosidl_typesupport_fastrtps_cpp;rosidl_typesupport_introspection_cpp
[0.239s] -- Found sensor_msgs: 4.2.3 (/opt/ros/humble/share/sensor_msgs/cmake)
[0.726s] -- Found ament_cmake_ros: 0.10.0 (/opt/ros/humble/share/ament_cmake_ros/cmake)
[1.042s] -- Using all available rosidl_typesupport_c: rosidl_typesupport_fastrtps_c;rosidl_typesupport_introspection_c
[1.468s] -- Using all available rosidl_typesupport_cpp: rosidl_typesupport_fastrtps_cpp;rosidl_typesupport_introspection_cpp
[1.495s] -- Found python_cmake_module: 0.10.0 (/opt/ros/humble/share/python_cmake_module/cmake)
[1.521s] -- Using PYTHON_EXECUTABLE: /usr/bin/python3
[1.521s] -- Using PYTHON_INCLUDE_DIRS: /usr/include/python3.10
[1.521s] -- Using PYTHON_LIBRARIES: /usr/lib/x86_64-linux-gnu/libpython3.10.so
[1.581s] -- Found ament_lint_auto: 0.12.9 (/opt/ros/humble/share/ament_lint_auto/cmake)
[1.589s] -- Added test 'lint_cmake' to check CMake code style
[1.590s] -- Added test 'xmllint' to check XML markup files
[1.592s] -- Configuring done
[1.637s] -- Generating done
[1.639s] -- Build files have been written to: /home/madhav/mrt_ws/build/aruco_interfaces
[1.671s] [  1%] [34m[1mGenerating C code for ROS interfaces[0m
[1.678s] [  3%] [34m[1mGenerating C++ code for ROS interfaces[0m
[1.692s] [  3%] Built target ament_cmake_python_copy_aruco_interfaces
[1.868s] running egg_info
[1.868s] writing aruco_interfaces.egg-info/PKG-INFO
[1.869s] writing dependency_links to aruco_interfaces.egg-info/dependency_links.txt
[1.869s] writing top-level names to aruco_interfaces.egg-info/top_level.txt
[1.870s] reading manifest file 'aruco_interfaces.egg-info/SOURCES.txt'
[1.871s] writing manifest file 'aruco_interfaces.egg-info/SOURCES.txt'
[1.889s] [  3%] Built target ament_cmake_python_build_aruco_interfaces_egg
[1.962s] [  3%] Built target aruco_interfaces__cpp
[1.969s] [  7%] [34m[1mGenerating C++ type support dispatch for ROS interfaces[0m
[1.969s] [  7%] [34m[1mGenerating C++ type support for eProsima Fast-RTPS[0m
[1.971s] [  9%] [34m[1mGenerating C++ introspection for ROS interfaces[0m
[2.119s] [35m[1mConsolidate compiler generated dependencies of target aruco_interfaces__rosidl_generator_c[0m
[2.133s] [ 14%] [32mBuilding C object CMakeFiles/aruco_interfaces__rosidl_generator_c.dir/rosidl_generator_c/aruco_interfaces/msg/detail/float64_multi_array__functions.c.o[0m
[2.133s] [ 14%] [32mBuilding C object CMakeFiles/aruco_interfaces__rosidl_generator_c.dir/rosidl_generator_c/aruco_interfaces/msg/detail/image__functions.c.o[0m
[2.133s] [ 14%] [32mBuilding C object CMakeFiles/aruco_interfaces__rosidl_generator_c.dir/rosidl_generator_c/aruco_interfaces/msg/detail/float64__functions.c.o[0m
[2.134s] [ 16%] [32mBuilding C object CMakeFiles/aruco_interfaces__rosidl_generator_c.dir/rosidl_generator_c/aruco_interfaces/srv/detail/tagid__functions.c.o[0m
[2.182s] [35m[1mConsolidate compiler generated dependencies of target aruco_interfaces__rosidl_typesupport_cpp[0m
[2.194s] [ 18%] [32mBuilding CXX object CMakeFiles/aruco_interfaces__rosidl_typesupport_cpp.dir/rosidl_typesupport_cpp/aruco_interfaces/msg/float64__type_support.cpp.o[0m
[2.197s] [ 21%] [32mBuilding CXX object CMakeFiles/aruco_interfaces__rosidl_typesupport_cpp.dir/rosidl_typesupport_cpp/aruco_interfaces/msg/image__type_support.cpp.o[0m
[2.197s] [ 21%] [32mBuilding CXX object CMakeFiles/aruco_interfaces__rosidl_typesupport_cpp.dir/rosidl_typesupport_cpp/aruco_interfaces/msg/float64_multi_array__type_support.cpp.o[0m
[2.197s] [ 23%] [32mBuilding CXX object CMakeFiles/aruco_interfaces__rosidl_typesupport_cpp.dir/rosidl_typesupport_cpp/aruco_interfaces/srv/tagid__type_support.cpp.o[0m
[2.207s] [ 25%] [32m[1mLinking C shared library libaruco_interfaces__rosidl_generator_c.so[0m
[2.249s] [35m[1mConsolidate compiler generated dependencies of target aruco_interfaces__rosidl_typesupport_fastrtps_cpp[0m
[2.254s] [ 25%] Built target aruco_interfaces__rosidl_generator_c
[2.265s] [ 27%] [32mBuilding CXX object CMakeFiles/aruco_interfaces__rosidl_typesupport_fastrtps_cpp.dir/rosidl_typesupport_fastrtps_cpp/aruco_interfaces/msg/detail/dds_fastrtps/float64__type_support.cpp.o[0m
[2.265s] [ 29%] [32mBuilding CXX object CMakeFiles/aruco_interfaces__rosidl_typesupport_fastrtps_cpp.dir/rosidl_typesupport_fastrtps_cpp/aruco_interfaces/msg/detail/dds_fastrtps/float64_multi_array__type_support.cpp.o[0m
[2.266s] [ 30%] [32mBuilding CXX object CMakeFiles/aruco_interfaces__rosidl_typesupport_fastrtps_cpp.dir/rosidl_typesupport_fastrtps_cpp/aruco_interfaces/msg/detail/dds_fastrtps/image__type_support.cpp.o[0m
[2.267s] [ 36%] [34m[1mGenerating C introspection for ROS interfaces[0m
[2.267s] [ 36%] [34m[1mGenerating C type support dispatch for ROS interfaces[0m
[2.267s] [ 36%] [32mBuilding CXX object CMakeFiles/aruco_interfaces__rosidl_typesupport_fastrtps_cpp.dir/rosidl_typesupport_fastrtps_cpp/aruco_interfaces/srv/detail/dds_fastrtps/tagid__type_support.cpp.o[0m
[2.269s] [ 38%] [34m[1mGenerating C type support for eProsima Fast-RTPS[0m
[2.454s] [35m[1mConsolidate compiler generated dependencies of target aruco_interfaces__rosidl_typesupport_introspection_cpp[0m
[2.489s] [ 40%] [32mBuilding CXX object CMakeFiles/aruco_interfaces__rosidl_typesupport_introspection_cpp.dir/rosidl_typesupport_introspection_cpp/aruco_interfaces/msg/detail/float64__type_support.cpp.o[0m
[2.544s] [ 41%] [32mBuilding CXX object CMakeFiles/aruco_interfaces__rosidl_typesupport_introspection_cpp.dir/rosidl_typesupport_introspection_cpp/aruco_interfaces/msg/detail/float64_multi_array__type_support.cpp.o[0m
[2.575s] [ 43%] [32mBuilding CXX object CMakeFiles/aruco_interfaces__rosidl_typesupport_introspection_cpp.dir/rosidl_typesupport_introspection_cpp/aruco_interfaces/msg/detail/image__type_support.cpp.o[0m
[2.578s] [ 45%] [32mBuilding CXX object CMakeFiles/aruco_interfaces__rosidl_typesupport_introspection_cpp.dir/rosidl_typesupport_introspection_cpp/aruco_interfaces/srv/detail/tagid__type_support.cpp.o[0m
[2.594s] [ 47%] [32m[1mLinking CXX shared library libaruco_interfaces__rosidl_typesupport_cpp.so[0m
[2.652s] [ 47%] Built target aruco_interfaces__rosidl_typesupport_cpp
[2.695s] [35m[1mConsolidate compiler generated dependencies of target aruco_interfaces__rosidl_typesupport_c[0m
[2.713s] [ 49%] [32mBuilding CXX object CMakeFiles/aruco_interfaces__rosidl_typesupport_c.dir/rosidl_typesupport_c/aruco_interfaces/msg/float64__type_support.cpp.o[0m
[2.731s] [ 50%] [32mBuilding CXX object CMakeFiles/aruco_interfaces__rosidl_typesupport_c.dir/rosidl_typesupport_c/aruco_interfaces/msg/float64_multi_array__type_support.cpp.o[0m
[2.757s] [ 52%] [32mBuilding CXX object CMakeFiles/aruco_interfaces__rosidl_typesupport_c.dir/rosidl_typesupport_c/aruco_interfaces/msg/image__type_support.cpp.o[0m
[2.792s] [ 54%] [32mBuilding CXX object CMakeFiles/aruco_interfaces__rosidl_typesupport_c.dir/rosidl_typesupport_c/aruco_interfaces/srv/tagid__type_support.cpp.o[0m
[2.816s] [35m[1mConsolidate compiler generated dependencies of target aruco_interfaces__rosidl_typesupport_introspection_c[0m
[2.837s] [ 56%] [32mBuilding C object CMakeFiles/aruco_interfaces__rosidl_typesupport_introspection_c.dir/rosidl_typesupport_introspection_c/aruco_interfaces/msg/detail/float64__type_support.c.o[0m
[2.849s] [ 58%] [32m[1mLinking CXX shared library libaruco_interfaces__rosidl_typesupport_c.so[0m
[2.853s] [ 60%] [32mBuilding C object CMakeFiles/aruco_interfaces__rosidl_typesupport_introspection_c.dir/rosidl_typesupport_introspection_c/aruco_interfaces/msg/detail/float64_multi_array__type_support.c.o[0m
[2.853s] [ 61%] [32mBuilding C object CMakeFiles/aruco_interfaces__rosidl_typesupport_introspection_c.dir/rosidl_typesupport_introspection_c/aruco_interfaces/msg/detail/image__type_support.c.o[0m
[2.861s] [ 63%] [32mBuilding C object CMakeFiles/aruco_interfaces__rosidl_typesupport_introspection_c.dir/rosidl_typesupport_introspection_c/aruco_interfaces/srv/detail/tagid__type_support.c.o[0m
[2.865s] [35m[1mConsolidate compiler generated dependencies of target aruco_interfaces__rosidl_typesupport_fastrtps_c[0m
[2.909s] [ 63%] Built target aruco_interfaces__rosidl_typesupport_c
[2.911s] [ 69%] [32mBuilding CXX object CMakeFiles/aruco_interfaces__rosidl_typesupport_fastrtps_c.dir/rosidl_typesupport_fastrtps_c/aruco_interfaces/msg/detail/image__type_support_c.cpp.o[0m
[2.911s] [ 69%] [32mBuilding CXX object CMakeFiles/aruco_interfaces__rosidl_typesupport_fastrtps_c.dir/rosidl_typesupport_fastrtps_c/aruco_interfaces/msg/detail/float64_multi_array__type_support_c.cpp.o[0m
[2.912s] [ 69%] [32mBuilding CXX object CMakeFiles/aruco_interfaces__rosidl_typesupport_fastrtps_c.dir/rosidl_typesupport_fastrtps_c/aruco_interfaces/msg/detail/float64__type_support_c.cpp.o[0m
[2.918s] [ 70%] [32mBuilding CXX object CMakeFiles/aruco_interfaces__rosidl_typesupport_fastrtps_c.dir/rosidl_typesupport_fastrtps_c/aruco_interfaces/srv/detail/tagid__type_support_c.cpp.o[0m
[2.921s] [ 72%] [32m[1mLinking CXX shared library libaruco_interfaces__rosidl_typesupport_fastrtps_cpp.so[0m
[2.924s] [ 74%] [32m[1mLinking C shared library libaruco_interfaces__rosidl_typesupport_introspection_c.so[0m
[2.992s] [ 74%] Built target aruco_interfaces__rosidl_typesupport_introspection_c
[3.041s] [ 74%] Built target aruco_interfaces__rosidl_typesupport_fastrtps_cpp
[3.216s] [ 76%] [32m[1mLinking CXX shared library libaruco_interfaces__rosidl_typesupport_introspection_cpp.so[0m
[3.274s] [ 76%] Built target aruco_interfaces__rosidl_typesupport_introspection_cpp
[3.307s] [ 78%] [32m[1mLinking CXX shared library libaruco_interfaces__rosidl_typesupport_fastrtps_c.so[0m
[3.393s] [ 78%] Built target aruco_interfaces__rosidl_typesupport_fastrtps_c
[3.414s] [ 78%] Built target aruco_interfaces
[3.436s] [ 80%] [34m[1mGenerating Python code for ROS interfaces[0m
[3.798s] [ 80%] Built target aruco_interfaces__py
[3.805s] [35m[1mConsolidate compiler generated dependencies of target aruco_interfaces__rosidl_generator_py[0m
[3.814s] [ 81%] [32mBuilding C object CMakeFiles/aruco_interfaces__rosidl_generator_py.dir/rosidl_generator_py/aruco_interfaces/msg/_float64_s.c.o[0m
[3.814s] [ 83%] [32mBuilding C object CMakeFiles/aruco_interfaces__rosidl_generator_py.dir/rosidl_generator_py/aruco_interfaces/srv/_tagid_s.c.o[0m
[3.816s] [ 85%] [32mBuilding C object CMakeFiles/aruco_interfaces__rosidl_generator_py.dir/rosidl_generator_py/aruco_interfaces/msg/_float64_multi_array_s.c.o[0m
[3.817s] [ 87%] [32mBuilding C object CMakeFiles/aruco_interfaces__rosidl_generator_py.dir/rosidl_generator_py/aruco_interfaces/msg/_image_s.c.o[0m
[3.912s] [ 89%] [32m[1mLinking C shared library rosidl_generator_py/aruco_interfaces/libaruco_interfaces__rosidl_generator_py.so[0m
[3.949s] [ 89%] Built target aruco_interfaces__rosidl_generator_py
[3.962s] [35m[1mConsolidate compiler generated dependencies of target aruco_interfaces__rosidl_typesupport_fastrtps_c__pyext[0m
[3.962s] [35m[1mConsolidate compiler generated dependencies of target aruco_interfaces__rosidl_typesupport_introspection_c__pyext[0m
[3.965s] [35m[1mConsolidate compiler generated dependencies of target aruco_interfaces__rosidl_typesupport_c__pyext[0m
[3.976s] [ 92%] [32mBuilding C object CMakeFiles/aruco_interfaces__rosidl_typesupport_fastrtps_c__pyext.dir/rosidl_generator_py/aruco_interfaces/_aruco_interfaces_s.ep.rosidl_typesupport_fastrtps_c.c.o[0m
[3.976s] [ 92%] [32mBuilding C object CMakeFiles/aruco_interfaces__rosidl_typesupport_introspection_c__pyext.dir/rosidl_generator_py/aruco_interfaces/_aruco_interfaces_s.ep.rosidl_typesupport_introspection_c.c.o[0m
[3.985s] [ 94%] [32mBuilding C object CMakeFiles/aruco_interfaces__rosidl_typesupport_c__pyext.dir/rosidl_generator_py/aruco_interfaces/_aruco_interfaces_s.ep.rosidl_typesupport_c.c.o[0m
[4.055s] [ 98%] [32m[1mLinking C shared library rosidl_generator_py/aruco_interfaces/aruco_interfaces_s__rosidl_typesupport_introspection_c.cpython-310-x86_64-linux-gnu.so[0m
[4.055s] [ 98%] [32m[1mLinking C shared library rosidl_generator_py/aruco_interfaces/aruco_interfaces_s__rosidl_typesupport_fastrtps_c.cpython-310-x86_64-linux-gnu.so[0m
[4.086s] [ 98%] Built target aruco_interfaces__rosidl_typesupport_fastrtps_c__pyext
[4.086s] [ 98%] Built target aruco_interfaces__rosidl_typesupport_introspection_c__pyext
[4.100s] [100%] [32m[1mLinking C shared library rosidl_generator_py/aruco_interfaces/aruco_interfaces_s__rosidl_typesupport_c.cpython-310-x86_64-linux-gnu.so[0m
[4.127s] [100%] Built target aruco_interfaces__rosidl_typesupport_c__pyext
[4.135s] Invoked command in '/home/madhav/mrt_ws/build/aruco_interfaces' returned '0': CMAKE_PREFIX_PATH=${CMAKE_PREFIX_PATH}:/home/madhav/mrt_ws/install/madhav_agrawal_assn_2:/home/madhav/mrt_ws/install/imgprocess:/home/madhav/mrt_ws/install/imgpprocess:/home/madhav/erc_ws/install/week1_tutorials:/home/madhav/erc_ws/install/week0_tutorials:/home/madhav/erc_ws/install/sherlock:/opt/ros/humble /usr/bin/cmake --build /home/madhav/mrt_ws/build/aruco_interfaces -- -j12 -l12
[4.212s] Invoking command in '/home/madhav/mrt_ws/build/aruco_interfaces': CMAKE_PREFIX_PATH=${CMAKE_PREFIX_PATH}:/home/madhav/mrt_ws/install/madhav_agrawal_assn_2:/home/madhav/mrt_ws/install/imgprocess:/home/madhav/mrt_ws/install/imgpprocess:/home/madhav/erc_ws/install/week1_tutorials:/home/madhav/erc_ws/install/week0_tutorials:/home/madhav/erc_ws/install/sherlock:/opt/ros/humble /usr/bin/cmake --install /home/madhav/mrt_ws/build/aruco_interfaces
[4.220s] -- Install configuration: ""
[4.220s] -- Up-to-date: /home/madhav/mrt_ws/install/aruco_interfaces/share/ament_index/resource_index/rosidl_interfaces/aruco_interfaces
[4.221s] -- Up-to-date: /home/madhav/mrt_ws/install/aruco_interfaces/include/aruco_interfaces/aruco_interfaces
[4.221s] -- Up-to-date: /home/madhav/mrt_ws/install/aruco_interfaces/include/aruco_interfaces/aruco_interfaces/msg
[4.221s] -- Installing: /home/madhav/mrt_ws/install/aruco_interfaces/include/aruco_interfaces/aruco_interfaces/msg/image.h
[4.221s] -- Up-to-date: /home/madhav/mrt_ws/install/aruco_interfaces/include/aruco_interfaces/aruco_interfaces/msg/rosidl_generator_c__visibility_control.h
[4.222s] -- Up-to-date: /home/madhav/mrt_ws/install/aruco_interfaces/include/aruco_interfaces/aruco_interfaces/msg/detail
[4.222s] -- Installing: /home/madhav/mrt_ws/install/aruco_interfaces/include/aruco_interfaces/aruco_interfaces/msg/detail/image__functions.c
[4.222s] -- Installing: /home/madhav/mrt_ws/install/aruco_interfaces/include/aruco_interfaces/aruco_interfaces/msg/detail/float64__functions.c
[4.222s] -- Installing: /home/madhav/mrt_ws/install/aruco_interfaces/include/aruco_interfaces/aruco_interfaces/msg/detail/image__functions.h
[4.222s] -- Installing: /home/madhav/mrt_ws/install/aruco_interfaces/include/aruco_interfaces/aruco_interfaces/msg/detail/float64__type_support.h
[4.222s] -- Installing: /home/madhav/mrt_ws/install/aruco_interfaces/include/aruco_interfaces/aruco_interfaces/msg/detail/float64_multi_array__functions.c
[4.222s] -- Installing: /home/madhav/mrt_ws/install/aruco_interfaces/include/aruco_interfaces/aruco_interfaces/msg/detail/float64_multi_array__type_support.h
[4.222s] -- Installing: /home/madhav/mrt_ws/install/aruco_interfaces/include/aruco_interfaces/aruco_interfaces/msg/detail/image__type_support.h
[4.223s] -- Installing: /home/madhav/mrt_ws/install/aruco_interfaces/include/aruco_interfaces/aruco_interfaces/msg/detail/float64__functions.h
[4.223s] -- Installing: /home/madhav/mrt_ws/install/aruco_interfaces/include/aruco_interfaces/aruco_interfaces/msg/detail/image__struct.h
[4.223s] -- Installing: /home/madhav/mrt_ws/install/aruco_interfaces/include/aruco_interfaces/aruco_interfaces/msg/detail/float64__struct.h
[4.223s] -- Installing: /home/madhav/mrt_ws/install/aruco_interfaces/include/aruco_interfaces/aruco_interfaces/msg/detail/float64_multi_array__struct.h
[4.223s] -- Installing: /home/madhav/mrt_ws/install/aruco_interfaces/include/aruco_interfaces/aruco_interfaces/msg/detail/float64_multi_array__functions.h
[4.223s] -- Installing: /home/madhav/mrt_ws/install/aruco_interfaces/include/aruco_interfaces/aruco_interfaces/msg/float64_multi_array.h
[4.223s] -- Installing: /home/madhav/mrt_ws/install/aruco_interfaces/include/aruco_interfaces/aruco_interfaces/msg/float64.h
[4.223s] -- Up-to-date: /home/madhav/mrt_ws/install/aruco_interfaces/include/aruco_interfaces/aruco_interfaces/srv
[4.224s] -- Up-to-date: /home/madhav/mrt_ws/install/aruco_interfaces/include/aruco_interfaces/aruco_interfaces/srv/detail
[4.224s] -- Installing: /home/madhav/mrt_ws/install/aruco_interfaces/include/aruco_interfaces/aruco_interfaces/srv/detail/tagid__functions.h
[4.224s] -- Installing: /home/madhav/mrt_ws/install/aruco_interfaces/include/aruco_interfaces/aruco_interfaces/srv/detail/tagid__struct.h
[4.224s] -- Installing: /home/madhav/mrt_ws/install/aruco_interfaces/include/aruco_interfaces/aruco_interfaces/srv/detail/tagid__functions.c
[4.224s] -- Installing: /home/madhav/mrt_ws/install/aruco_interfaces/include/aruco_interfaces/aruco_interfaces/srv/detail/tagid__type_support.h
[4.224s] -- Installing: /home/madhav/mrt_ws/install/aruco_interfaces/include/aruco_interfaces/aruco_interfaces/srv/tagid.h
[4.224s] -- Up-to-date: /home/madhav/mrt_ws/install/aruco_interfaces/share/aruco_interfaces/environment/library_path.sh
[4.225s] -- Installing: /home/madhav/mrt_ws/install/aruco_interfaces/share/aruco_interfaces/environment/library_path.dsv
[4.225s] -- Installing: /home/madhav/mrt_ws/install/aruco_interfaces/lib/libaruco_interfaces__rosidl_generator_c.so
[4.225s] -- Set runtime path of "/home/madhav/mrt_ws/install/aruco_interfaces/lib/libaruco_interfaces__rosidl_generator_c.so" to ""
[4.225s] -- Up-to-date: /home/madhav/mrt_ws/install/aruco_interfaces/include/aruco_interfaces/aruco_interfaces
[4.225s] -- Up-to-date: /home/madhav/mrt_ws/install/aruco_interfaces/include/aruco_interfaces/aruco_interfaces/msg
[4.225s] -- Up-to-date: /home/madhav/mrt_ws/install/aruco_interfaces/include/aruco_interfaces/aruco_interfaces/msg/detail
[4.225s] -- Installing: /home/madhav/mrt_ws/install/aruco_interfaces/include/aruco_interfaces/aruco_interfaces/msg/detail/float64__rosidl_typesupport_fastrtps_c.h
[4.225s] -- Installing: /home/madhav/mrt_ws/install/aruco_interfaces/include/aruco_interfaces/aruco_interfaces/msg/detail/float64_multi_array__rosidl_typesupport_fastrtps_c.h
[4.226s] -- Installing: /home/madhav/mrt_ws/install/aruco_interfaces/include/aruco_interfaces/aruco_interfaces/msg/detail/image__rosidl_typesupport_fastrtps_c.h
[4.226s] -- Up-to-date: /home/madhav/mrt_ws/install/aruco_interfaces/include/aruco_interfaces/aruco_interfaces/msg/rosidl_typesupport_fastrtps_c__visibility_control.h
[4.226s] -- Up-to-date: /home/madhav/mrt_ws/install/aruco_interfaces/include/aruco_interfaces/aruco_interfaces/srv
[4.226s] -- Up-to-date: /home/madhav/mrt_ws/install/aruco_interfaces/include/aruco_interfaces/aruco_interfaces/srv/detail
[4.226s] -- Installing: /home/madhav/mrt_ws/install/aruco_interfaces/include/aruco_interfaces/aruco_interfaces/srv/detail/tagid__rosidl_typesupport_fastrtps_c.h
[4.226s] -- Installing: /home/madhav/mrt_ws/install/aruco_interfaces/lib/libaruco_interfaces__rosidl_typesupport_fastrtps_c.so
[4.226s] -- Set runtime path of "/home/madhav/mrt_ws/install/aruco_interfaces/lib/libaruco_interfaces__rosidl_typesupport_fastrtps_c.so" to ""
[4.226s] -- Up-to-date: /home/madhav/mrt_ws/install/aruco_interfaces/include/aruco_interfaces/aruco_interfaces
[4.227s] -- Up-to-date: /home/madhav/mrt_ws/install/aruco_interfaces/include/aruco_interfaces/aruco_interfaces/msg
[4.227s] -- Up-to-date: /home/madhav/mrt_ws/install/aruco_interfaces/include/aruco_interfaces/aruco_interfaces/msg/detail
[4.227s] -- Installing: /home/madhav/mrt_ws/install/aruco_interfaces/include/aruco_interfaces/aruco_interfaces/msg/detail/float64_multi_array__rosidl_typesupport_introspection_c.h
[4.227s] -- Installing: /home/madhav/mrt_ws/install/aruco_interfaces/include/aruco_interfaces/aruco_interfaces/msg/detail/float64__type_support.c
[4.227s] -- Installing: /home/madhav/mrt_ws/install/aruco_interfaces/include/aruco_interfaces/aruco_interfaces/msg/detail/image__rosidl_typesupport_introspection_c.h
[4.227s] -- Installing: /home/madhav/mrt_ws/install/aruco_interfaces/include/aruco_interfaces/aruco_interfaces/msg/detail/image__type_support.c
[4.228s] -- Installing: /home/madhav/mrt_ws/install/aruco_interfaces/include/aruco_interfaces/aruco_interfaces/msg/detail/float64__rosidl_typesupport_introspection_c.h
[4.228s] -- Installing: /home/madhav/mrt_ws/install/aruco_interfaces/include/aruco_interfaces/aruco_interfaces/msg/detail/float64_multi_array__type_support.c
[4.228s] -- Up-to-date: /home/madhav/mrt_ws/install/aruco_interfaces/include/aruco_interfaces/aruco_interfaces/msg/rosidl_typesupport_introspection_c__visibility_control.h
[4.228s] -- Up-to-date: /home/madhav/mrt_ws/install/aruco_interfaces/include/aruco_interfaces/aruco_interfaces/srv
[4.228s] -- Up-to-date: /home/madhav/mrt_ws/install/aruco_interfaces/include/aruco_interfaces/aruco_interfaces/srv/detail
[4.228s] -- Installing: /home/madhav/mrt_ws/install/aruco_interfaces/include/aruco_interfaces/aruco_interfaces/srv/detail/tagid__rosidl_typesupport_introspection_c.h
[4.228s] -- Installing: /home/madhav/mrt_ws/install/aruco_interfaces/include/aruco_interfaces/aruco_interfaces/srv/detail/tagid__type_support.c
[4.229s] -- Installing: /home/madhav/mrt_ws/install/aruco_interfaces/lib/libaruco_interfaces__rosidl_typesupport_introspection_c.so
[4.229s] -- Set runtime path of "/home/madhav/mrt_ws/install/aruco_interfaces/lib/libaruco_interfaces__rosidl_typesupport_introspection_c.so" to ""
[4.229s] -- Installing: /home/madhav/mrt_ws/install/aruco_interfaces/lib/libaruco_interfaces__rosidl_typesupport_c.so
[4.229s] -- Set runtime path of "/home/madhav/mrt_ws/install/aruco_interfaces/lib/libaruco_interfaces__rosidl_typesupport_c.so" to ""
[4.229s] -- Up-to-date: /home/madhav/mrt_ws/install/aruco_interfaces/include/aruco_interfaces/aruco_interfaces
[4.229s] -- Up-to-date: /home/madhav/mrt_ws/install/aruco_interfaces/include/aruco_interfaces/aruco_interfaces/msg
[4.229s] -- Up-to-date: /home/madhav/mrt_ws/install/aruco_interfaces/include/aruco_interfaces/aruco_interfaces/msg/detail
[4.230s] -- Installing: /home/madhav/mrt_ws/install/aruco_interfaces/include/aruco_interfaces/aruco_interfaces/msg/detail/float64_multi_array__builder.hpp
[4.230s] -- Installing: /home/madhav/mrt_ws/install/aruco_interfaces/include/aruco_interfaces/aruco_interfaces/msg/detail/image__builder.hpp
[4.230s] -- Installing: /home/madhav/mrt_ws/install/aruco_interfaces/include/aruco_interfaces/aruco_interfaces/msg/detail/image__traits.hpp
[4.230s] -- Installing: /home/madhav/mrt_ws/install/aruco_interfaces/include/aruco_interfaces/aruco_interfaces/msg/detail/float64_multi_array__struct.hpp
[4.230s] -- Installing: /home/madhav/mrt_ws/install/aruco_interfaces/include/aruco_interfaces/aruco_interfaces/msg/detail/float64__builder.hpp
[4.230s] -- Installing: /home/madhav/mrt_ws/install/aruco_interfaces/include/aruco_interfaces/aruco_interfaces/msg/detail/float64_multi_array__traits.hpp
[4.230s] -- Installing: /home/madhav/mrt_ws/install/aruco_interfaces/include/aruco_interfaces/aruco_interfaces/msg/detail/float64__struct.hpp
[4.230s] -- Installing: /home/madhav/mrt_ws/install/aruco_interfaces/include/aruco_interfaces/aruco_interfaces/msg/detail/image__struct.hpp
[4.231s] -- Installing: /home/madhav/mrt_ws/install/aruco_interfaces/include/aruco_interfaces/aruco_interfaces/msg/detail/float64__traits.hpp
[4.231s] -- Installing: /home/madhav/mrt_ws/install/aruco_interfaces/include/aruco_interfaces/aruco_interfaces/msg/float64_multi_array.hpp
[4.231s] -- Installing: /home/madhav/mrt_ws/install/aruco_interfaces/include/aruco_interfaces/aruco_interfaces/msg/float64.hpp
[4.231s] -- Installing: /home/madhav/mrt_ws/install/aruco_interfaces/include/aruco_interfaces/aruco_interfaces/msg/image.hpp
[4.231s] -- Up-to-date: /home/madhav/mrt_ws/install/aruco_interfaces/include/aruco_interfaces/aruco_interfaces/srv
[4.231s] -- Installing: /home/madhav/mrt_ws/install/aruco_interfaces/include/aruco_interfaces/aruco_interfaces/srv/tagid.hpp
[4.231s] -- Up-to-date: /home/madhav/mrt_ws/install/aruco_interfaces/include/aruco_interfaces/aruco_interfaces/srv/detail
[4.232s] -- Installing: /home/madhav/mrt_ws/install/aruco_interfaces/include/aruco_interfaces/aruco_interfaces/srv/detail/tagid__struct.hpp
[4.232s] -- Installing: /home/madhav/mrt_ws/install/aruco_interfaces/include/aruco_interfaces/aruco_interfaces/srv/detail/tagid__traits.hpp
[4.232s] -- Installing: /home/madhav/mrt_ws/install/aruco_interfaces/include/aruco_interfaces/aruco_interfaces/srv/detail/tagid__builder.hpp
[4.232s] -- Up-to-date: /home/madhav/mrt_ws/install/aruco_interfaces/include/aruco_interfaces/aruco_interfaces
[4.232s] -- Up-to-date: /home/madhav/mrt_ws/install/aruco_interfaces/include/aruco_interfaces/aruco_interfaces/msg
[4.232s] -- Up-to-date: /home/madhav/mrt_ws/install/aruco_interfaces/include/aruco_interfaces/aruco_interfaces/msg/detail
[4.232s] -- Up-to-date: /home/madhav/mrt_ws/install/aruco_interfaces/include/aruco_interfaces/aruco_interfaces/msg/detail/dds_fastrtps
[4.233s] -- Installing: /home/madhav/mrt_ws/install/aruco_interfaces/include/aruco_interfaces/aruco_interfaces/msg/detail/image__rosidl_typesupport_fastrtps_cpp.hpp
[4.233s] -- Installing: /home/madhav/mrt_ws/install/aruco_interfaces/include/aruco_interfaces/aruco_interfaces/msg/detail/float64__rosidl_typesupport_fastrtps_cpp.hpp
[4.233s] -- Installing: /home/madhav/mrt_ws/install/aruco_interfaces/include/aruco_interfaces/aruco_interfaces/msg/detail/float64_multi_array__rosidl_typesupport_fastrtps_cpp.hpp
[4.233s] -- Up-to-date: /home/madhav/mrt_ws/install/aruco_interfaces/include/aruco_interfaces/aruco_interfaces/msg/rosidl_typesupport_fastrtps_cpp__visibility_control.h
[4.233s] -- Up-to-date: /home/madhav/mrt_ws/install/aruco_interfaces/include/aruco_interfaces/aruco_interfaces/srv
[4.233s] -- Up-to-date: /home/madhav/mrt_ws/install/aruco_interfaces/include/aruco_interfaces/aruco_interfaces/srv/detail
[4.233s] -- Up-to-date: /home/madhav/mrt_ws/install/aruco_interfaces/include/aruco_interfaces/aruco_interfaces/srv/detail/dds_fastrtps
[4.234s] -- Installing: /home/madhav/mrt_ws/install/aruco_interfaces/include/aruco_interfaces/aruco_interfaces/srv/detail/tagid__rosidl_typesupport_fastrtps_cpp.hpp
[4.234s] -- Installing: /home/madhav/mrt_ws/install/aruco_interfaces/lib/libaruco_interfaces__rosidl_typesupport_fastrtps_cpp.so
[4.234s] -- Set runtime path of "/home/madhav/mrt_ws/install/aruco_interfaces/lib/libaruco_interfaces__rosidl_typesupport_fastrtps_cpp.so" to ""
[4.234s] -- Up-to-date: /home/madhav/mrt_ws/install/aruco_interfaces/include/aruco_interfaces/aruco_interfaces
[4.234s] -- Up-to-date: /home/madhav/mrt_ws/install/aruco_interfaces/include/aruco_interfaces/aruco_interfaces/msg
[4.234s] -- Up-to-date: /home/madhav/mrt_ws/install/aruco_interfaces/include/aruco_interfaces/aruco_interfaces/msg/detail
[4.234s] -- Installing: /home/madhav/mrt_ws/install/aruco_interfaces/include/aruco_interfaces/aruco_interfaces/msg/detail/image__type_support.cpp
[4.234s] -- Installing: /home/madhav/mrt_ws/install/aruco_interfaces/include/aruco_interfaces/aruco_interfaces/msg/detail/float64__rosidl_typesupport_introspection_cpp.hpp
[4.235s] -- Installing: /home/madhav/mrt_ws/install/aruco_interfaces/include/aruco_interfaces/aruco_interfaces/msg/detail/image__rosidl_typesupport_introspection_cpp.hpp
[4.235s] -- Installing: /home/madhav/mrt_ws/install/aruco_interfaces/include/aruco_interfaces/aruco_interfaces/msg/detail/float64_multi_array__type_support.cpp
[4.235s] -- Installing: /home/madhav/mrt_ws/install/aruco_interfaces/include/aruco_interfaces/aruco_interfaces/msg/detail/float64_multi_array__rosidl_typesupport_introspection_cpp.hpp
[4.235s] -- Installing: /home/madhav/mrt_ws/install/aruco_interfaces/include/aruco_interfaces/aruco_interfaces/msg/detail/float64__type_support.cpp
[4.235s] -- Up-to-date: /home/madhav/mrt_ws/install/aruco_interfaces/include/aruco_interfaces/aruco_interfaces/srv
[4.235s] -- Up-to-date: /home/madhav/mrt_ws/install/aruco_interfaces/include/aruco_interfaces/aruco_interfaces/srv/detail
[4.235s] -- Installing: /home/madhav/mrt_ws/install/aruco_interfaces/include/aruco_interfaces/aruco_interfaces/srv/detail/tagid__rosidl_typesupport_introspection_cpp.hpp
[4.235s] -- Installing: /home/madhav/mrt_ws/install/aruco_interfaces/include/aruco_interfaces/aruco_interfaces/srv/detail/tagid__type_support.cpp
[4.236s] -- Installing: /home/madhav/mrt_ws/install/aruco_interfaces/lib/libaruco_interfaces__rosidl_typesupport_introspection_cpp.so
[4.236s] -- Set runtime path of "/home/madhav/mrt_ws/install/aruco_interfaces/lib/libaruco_interfaces__rosidl_typesupport_introspection_cpp.so" to ""
[4.236s] -- Installing: /home/madhav/mrt_ws/install/aruco_interfaces/lib/libaruco_interfaces__rosidl_typesupport_cpp.so
[4.236s] -- Set runtime path of "/home/madhav/mrt_ws/install/aruco_interfaces/lib/libaruco_interfaces__rosidl_typesupport_cpp.so" to ""
[4.236s] -- Up-to-date: /home/madhav/mrt_ws/install/aruco_interfaces/share/aruco_interfaces/environment/pythonpath.sh
[4.236s] -- Installing: /home/madhav/mrt_ws/install/aruco_interfaces/share/aruco_interfaces/environment/pythonpath.dsv
[4.236s] -- Up-to-date: /home/madhav/mrt_ws/install/aruco_interfaces/local/lib/python3.10/dist-packages/aruco_interfaces-0.0.0-py3.10.egg-info
[4.236s] -- Installing: /home/madhav/mrt_ws/install/aruco_interfaces/local/lib/python3.10/dist-packages/aruco_interfaces-0.0.0-py3.10.egg-info/SOURCES.txt
[4.236s] -- Installing: /home/madhav/mrt_ws/install/aruco_interfaces/local/lib/python3.10/dist-packages/aruco_interfaces-0.0.0-py3.10.egg-info/PKG-INFO
[4.237s] -- Installing: /home/madhav/mrt_ws/install/aruco_interfaces/local/lib/python3.10/dist-packages/aruco_interfaces-0.0.0-py3.10.egg-info/top_level.txt
[4.237s] -- Installing: /home/madhav/mrt_ws/install/aruco_interfaces/local/lib/python3.10/dist-packages/aruco_interfaces-0.0.0-py3.10.egg-info/dependency_links.txt
[4.237s] -- Up-to-date: /home/madhav/mrt_ws/install/aruco_interfaces/local/lib/python3.10/dist-packages/aruco_interfaces
[4.237s] -- Installing: /home/madhav/mrt_ws/install/aruco_interfaces/local/lib/python3.10/dist-packages/aruco_interfaces/_aruco_interfaces_s.ep.rosidl_typesupport_introspection_c.c
[4.237s] -- Installing: /home/madhav/mrt_ws/install/aruco_interfaces/local/lib/python3.10/dist-packages/aruco_interfaces/libaruco_interfaces__rosidl_generator_py.so
[4.237s] -- Up-to-date: /home/madhav/mrt_ws/install/aruco_interfaces/local/lib/python3.10/dist-packages/aruco_interfaces/msg
[4.237s] -- Installing: /home/madhav/mrt_ws/install/aruco_interfaces/local/lib/python3.10/dist-packages/aruco_interfaces/msg/_image.py
[4.237s] -- Installing: /home/madhav/mrt_ws/install/aruco_interfaces/local/lib/python3.10/dist-packages/aruco_interfaces/msg/_float64_s.c
[4.238s] -- Installing: /home/madhav/mrt_ws/install/aruco_interfaces/local/lib/python3.10/dist-packages/aruco_interfaces/msg/__init__.py
[4.238s] -- Installing: /home/madhav/mrt_ws/install/aruco_interfaces/local/lib/python3.10/dist-packages/aruco_interfaces/msg/_image_s.c
[4.238s] -- Installing: /home/madhav/mrt_ws/install/aruco_interfaces/local/lib/python3.10/dist-packages/aruco_interfaces/msg/_float64_multi_array.py
[4.238s] -- Installing: /home/madhav/mrt_ws/install/aruco_interfaces/local/lib/python3.10/dist-packages/aruco_interfaces/msg/_float64.py
[4.238s] -- Installing: /home/madhav/mrt_ws/install/aruco_interfaces/local/lib/python3.10/dist-packages/aruco_interfaces/msg/_float64_multi_array_s.c
[4.238s] -- Installing: /home/madhav/mrt_ws/install/aruco_interfaces/local/lib/python3.10/dist-packages/aruco_interfaces/aruco_interfaces_s__rosidl_typesupport_c.cpython-310-x86_64-linux-gnu.so
[4.239s] -- Installing: /home/madhav/mrt_ws/install/aruco_interfaces/local/lib/python3.10/dist-packages/aruco_interfaces/_aruco_interfaces_s.ep.rosidl_typesupport_fastrtps_c.c
[4.239s] -- Installing: /home/madhav/mrt_ws/install/aruco_interfaces/local/lib/python3.10/dist-packages/aruco_interfaces/__init__.py
[4.239s] -- Up-to-date: /home/madhav/mrt_ws/install/aruco_interfaces/local/lib/python3.10/dist-packages/aruco_interfaces/srv
[4.239s] -- Installing: /home/madhav/mrt_ws/install/aruco_interfaces/local/lib/python3.10/dist-packages/aruco_interfaces/srv/__init__.py
[4.239s] -- Installing: /home/madhav/mrt_ws/install/aruco_interfaces/local/lib/python3.10/dist-packages/aruco_interfaces/srv/_tagid.py
[4.239s] -- Installing: /home/madhav/mrt_ws/install/aruco_interfaces/local/lib/python3.10/dist-packages/aruco_interfaces/srv/_tagid_s.c
[4.239s] -- Installing: /home/madhav/mrt_ws/install/aruco_interfaces/local/lib/python3.10/dist-packages/aruco_interfaces/_aruco_interfaces_s.ep.rosidl_typesupport_c.c
[4.239s] -- Installing: /home/madhav/mrt_ws/install/aruco_interfaces/local/lib/python3.10/dist-packages/aruco_interfaces/aruco_interfaces_s__rosidl_typesupport_fastrtps_c.cpython-310-x86_64-linux-gnu.so
[4.240s] -- Installing: /home/madhav/mrt_ws/install/aruco_interfaces/local/lib/python3.10/dist-packages/aruco_interfaces/aruco_interfaces_s__rosidl_typesupport_introspection_c.cpython-310-x86_64-linux-gnu.so
[4.284s] Listing '/home/madhav/mrt_ws/install/aruco_interfaces/local/lib/python3.10/dist-packages/aruco_interfaces'...
[4.284s] Compiling '/home/madhav/mrt_ws/install/aruco_interfaces/local/lib/python3.10/dist-packages/aruco_interfaces/__init__.py'...
[4.284s] Listing '/home/madhav/mrt_ws/install/aruco_interfaces/local/lib/python3.10/dist-packages/aruco_interfaces/msg'...
[4.284s] Compiling '/home/madhav/mrt_ws/install/aruco_interfaces/local/lib/python3.10/dist-packages/aruco_interfaces/msg/__init__.py'...
[4.285s] Compiling '/home/madhav/mrt_ws/install/aruco_interfaces/local/lib/python3.10/dist-packages/aruco_interfaces/msg/_float64.py'...
[4.285s] Compiling '/home/madhav/mrt_ws/install/aruco_interfaces/local/lib/python3.10/dist-packages/aruco_interfaces/msg/_float64_multi_array.py'...
[4.285s] Compiling '/home/madhav/mrt_ws/install/aruco_interfaces/local/lib/python3.10/dist-packages/aruco_interfaces/msg/_image.py'...
[4.285s] Listing '/home/madhav/mrt_ws/install/aruco_interfaces/local/lib/python3.10/dist-packages/aruco_interfaces/srv'...
[4.285s] Compiling '/home/madhav/mrt_ws/install/aruco_interfaces/local/lib/python3.10/dist-packages/aruco_interfaces/srv/__init__.py'...
[4.285s] Compiling '/home/madhav/mrt_ws/install/aruco_interfaces/local/lib/python3.10/dist-packages/aruco_interfaces/srv/_tagid.py'...
[4.289s] -- Installing: /home/madhav/mrt_ws/install/aruco_interfaces/local/lib/python3.10/dist-packages/aruco_interfaces/aruco_interfaces_s__rosidl_typesupport_fastrtps_c.cpython-310-x86_64-linux-gnu.so
[4.289s] -- Set runtime path of "/home/madhav/mrt_ws/install/aruco_interfaces/local/lib/python3.10/dist-packages/aruco_interfaces/aruco_interfaces_s__rosidl_typesupport_fastrtps_c.cpython-310-x86_64-linux-gnu.so" to ""
[4.289s] -- Installing: /home/madhav/mrt_ws/install/aruco_interfaces/local/lib/python3.10/dist-packages/aruco_interfaces/aruco_interfaces_s__rosidl_typesupport_introspection_c.cpython-310-x86_64-linux-gnu.so
[4.289s] -- Set runtime path of "/home/madhav/mrt_ws/install/aruco_interfaces/local/lib/python3.10/dist-packages/aruco_interfaces/aruco_interfaces_s__rosidl_typesupport_introspection_c.cpython-310-x86_64-linux-gnu.so" to ""
[4.290s] -- Installing: /home/madhav/mrt_ws/install/aruco_interfaces/local/lib/python3.10/dist-packages/aruco_interfaces/aruco_interfaces_s__rosidl_typesupport_c.cpython-310-x86_64-linux-gnu.so
[4.290s] -- Set runtime path of "/home/madhav/mrt_ws/install/aruco_interfaces/local/lib/python3.10/dist-packages/aruco_interfaces/aruco_interfaces_s__rosidl_typesupport_c.cpython-310-x86_64-linux-gnu.so" to ""
[4.290s] -- Installing: /home/madhav/mrt_ws/install/aruco_interfaces/lib/libaruco_interfaces__rosidl_generator_py.so
[4.290s] -- Set runtime path of "/home/madhav/mrt_ws/install/aruco_interfaces/lib/libaruco_interfaces__rosidl_generator_py.so" to ""
[4.291s] -- Up-to-date: /home/madhav/mrt_ws/install/aruco_interfaces/share/aruco_interfaces/msg/Float64.idl
[4.291s] -- Up-to-date: /home/madhav/mrt_ws/install/aruco_interfaces/share/aruco_interfaces/msg/Float64MultiArray.idl
[4.291s] -- Up-to-date: /home/madhav/mrt_ws/install/aruco_interfaces/share/aruco_interfaces/msg/Image.idl
[4.291s] -- Installing: /home/madhav/mrt_ws/install/aruco_interfaces/share/aruco_interfaces/srv/Tagid.idl
[4.291s] -- Up-to-date: /home/madhav/mrt_ws/install/aruco_interfaces/share/aruco_interfaces/msg/Float64.msg
[4.291s] -- Up-to-date: /home/madhav/mrt_ws/install/aruco_interfaces/share/aruco_interfaces/msg/Float64MultiArray.msg
[4.292s] -- Up-to-date: /home/madhav/mrt_ws/install/aruco_interfaces/share/aruco_interfaces/msg/Image.msg
[4.292s] -- Installing: /home/madhav/mrt_ws/install/aruco_interfaces/share/aruco_interfaces/srv/Tagid.srv
[4.292s] -- Up-to-date: /home/madhav/mrt_ws/install/aruco_interfaces/share/aruco_interfaces/srv/Tagid_Request.msg
[4.292s] -- Installing: /home/madhav/mrt_ws/install/aruco_interfaces/share/aruco_interfaces/srv/Tagid_Response.msg
[4.292s] -- Up-to-date: /home/madhav/mrt_ws/install/aruco_interfaces/share/ament_index/resource_index/package_run_dependencies/aruco_interfaces
[4.292s] -- Up-to-date: /home/madhav/mrt_ws/install/aruco_interfaces/share/ament_index/resource_index/parent_prefix_path/aruco_interfaces
[4.292s] -- Up-to-date: /home/madhav/mrt_ws/install/aruco_interfaces/share/aruco_interfaces/environment/ament_prefix_path.sh
[4.292s] -- Installing: /home/madhav/mrt_ws/install/aruco_interfaces/share/aruco_interfaces/environment/ament_prefix_path.dsv
[4.292s] -- Up-to-date: /home/madhav/mrt_ws/install/aruco_interfaces/share/aruco_interfaces/environment/path.sh
[4.292s] -- Installing: /home/madhav/mrt_ws/install/aruco_interfaces/share/aruco_interfaces/environment/path.dsv
[4.293s] -- Up-to-date: /home/madhav/mrt_ws/install/aruco_interfaces/share/aruco_interfaces/local_setup.bash
[4.293s] -- Up-to-date: /home/madhav/mrt_ws/install/aruco_interfaces/share/aruco_interfaces/local_setup.sh
[4.293s] -- Up-to-date: /home/madhav/mrt_ws/install/aruco_interfaces/share/aruco_interfaces/local_setup.zsh
[4.293s] -- Installing: /home/madhav/mrt_ws/install/aruco_interfaces/share/aruco_interfaces/local_setup.dsv
[4.293s] -- Installing: /home/madhav/mrt_ws/install/aruco_interfaces/share/aruco_interfaces/package.dsv
[4.293s] -- Up-to-date: /home/madhav/mrt_ws/install/aruco_interfaces/share/ament_index/resource_index/packages/aruco_interfaces
[4.293s] -- Up-to-date: /home/madhav/mrt_ws/install/aruco_interfaces/share/aruco_interfaces/cmake/export_aruco_interfaces__rosidl_generator_cExport.cmake
[4.293s] -- Up-to-date: /home/madhav/mrt_ws/install/aruco_interfaces/share/aruco_interfaces/cmake/export_aruco_interfaces__rosidl_generator_cExport-noconfig.cmake
[4.293s] -- Up-to-date: /home/madhav/mrt_ws/install/aruco_interfaces/share/aruco_interfaces/cmake/export_aruco_interfaces__rosidl_typesupport_fastrtps_cExport.cmake
[4.294s] -- Up-to-date: /home/madhav/mrt_ws/install/aruco_interfaces/share/aruco_interfaces/cmake/export_aruco_interfaces__rosidl_typesupport_fastrtps_cExport-noconfig.cmake
[4.294s] -- Up-to-date: /home/madhav/mrt_ws/install/aruco_interfaces/share/aruco_interfaces/cmake/aruco_interfaces__rosidl_typesupport_introspection_cExport.cmake
[4.294s] -- Up-to-date: /home/madhav/mrt_ws/install/aruco_interfaces/share/aruco_interfaces/cmake/aruco_interfaces__rosidl_typesupport_introspection_cExport-noconfig.cmake
[4.295s] -- Up-to-date: /home/madhav/mrt_ws/install/aruco_interfaces/share/aruco_interfaces/cmake/aruco_interfaces__rosidl_typesupport_cExport.cmake
[4.295s] -- Up-to-date: /home/madhav/mrt_ws/install/aruco_interfaces/share/aruco_interfaces/cmake/aruco_interfaces__rosidl_typesupport_cExport-noconfig.cmake
[4.295s] -- Up-to-date: /home/madhav/mrt_ws/install/aruco_interfaces/share/aruco_interfaces/cmake/export_aruco_interfaces__rosidl_generator_cppExport.cmake
[4.295s] -- Up-to-date: /home/madhav/mrt_ws/install/aruco_interfaces/share/aruco_interfaces/cmake/export_aruco_interfaces__rosidl_typesupport_fastrtps_cppExport.cmake
[4.296s] -- Up-to-date: /home/madhav/mrt_ws/install/aruco_interfaces/share/aruco_interfaces/cmake/export_aruco_interfaces__rosidl_typesupport_fastrtps_cppExport-noconfig.cmake
[4.296s] -- Up-to-date: /home/madhav/mrt_ws/install/aruco_interfaces/share/aruco_interfaces/cmake/aruco_interfaces__rosidl_typesupport_introspection_cppExport.cmake
[4.296s] -- Up-to-date: /home/madhav/mrt_ws/install/aruco_interfaces/share/aruco_interfaces/cmake/aruco_interfaces__rosidl_typesupport_introspection_cppExport-noconfig.cmake
[4.296s] -- Up-to-date: /home/madhav/mrt_ws/install/aruco_interfaces/share/aruco_interfaces/cmake/aruco_interfaces__rosidl_typesupport_cppExport.cmake
[4.296s] -- Up-to-date: /home/madhav/mrt_ws/install/aruco_interfaces/share/aruco_interfaces/cmake/aruco_interfaces__rosidl_typesupport_cppExport-noconfig.cmake
[4.297s] -- Up-to-date: /home/madhav/mrt_ws/install/aruco_interfaces/share/aruco_interfaces/cmake/export_aruco_interfaces__rosidl_generator_pyExport.cmake
[4.297s] -- Up-to-date: /home/madhav/mrt_ws/install/aruco_interfaces/share/aruco_interfaces/cmake/export_aruco_interfaces__rosidl_generator_pyExport-noconfig.cmake
[4.297s] -- Up-to-date: /home/madhav/mrt_ws/install/aruco_interfaces/share/aruco_interfaces/cmake/rosidl_cmake-extras.cmake
[4.297s] -- Up-to-date: /home/madhav/mrt_ws/install/aruco_interfaces/share/aruco_interfaces/cmake/ament_cmake_export_dependencies-extras.cmake
[4.297s] -- Up-to-date: /home/madhav/mrt_ws/install/aruco_interfaces/share/aruco_interfaces/cmake/ament_cmake_export_include_directories-extras.cmake
[4.298s] -- Up-to-date: /home/madhav/mrt_ws/install/aruco_interfaces/share/aruco_interfaces/cmake/ament_cmake_export_libraries-extras.cmake
[4.298s] -- Up-to-date: /home/madhav/mrt_ws/install/aruco_interfaces/share/aruco_interfaces/cmake/ament_cmake_export_targets-extras.cmake
[4.298s] -- Up-to-date: /home/madhav/mrt_ws/install/aruco_interfaces/share/aruco_interfaces/cmake/rosidl_cmake_export_typesupport_targets-extras.cmake
[4.298s] -- Up-to-date: /home/madhav/mrt_ws/install/aruco_interfaces/share/aruco_interfaces/cmake/rosidl_cmake_export_typesupport_libraries-extras.cmake
[4.298s] -- Up-to-date: /home/madhav/mrt_ws/install/aruco_interfaces/share/aruco_interfaces/cmake/aruco_interfacesConfig.cmake
[4.298s] -- Up-to-date: /home/madhav/mrt_ws/install/aruco_interfaces/share/aruco_interfaces/cmake/aruco_interfacesConfig-version.cmake
[4.298s] -- Up-to-date: /home/madhav/mrt_ws/install/aruco_interfaces/share/aruco_interfaces/package.xml
[4.299s] Invoked command in '/home/madhav/mrt_ws/build/aruco_interfaces' returned '0': CMAKE_PREFIX_PATH=${CMAKE_PREFIX_PATH}:/home/madhav/mrt_ws/install/madhav_agrawal_assn_2:/home/madhav/mrt_ws/install/imgprocess:/home/madhav/mrt_ws/install/imgpprocess:/home/madhav/erc_ws/install/week1_tutorials:/home/madhav/erc_ws/install/week0_tutorials:/home/madhav/erc_ws/install/sherlock:/opt/ros/humble /usr/bin/cmake --install /home/madhav/mrt_ws/build/aruco_interfaces
