/home/madhav/mrt_ws/install/aruco_markers/lib/python3.10/site-packages/aruco_markers/rrtserver.py
/home/madhav/mrt_ws/install/aruco_markers/lib/python3.10/site-packages/aruco_markers/__init__.py
/home/madhav/mrt_ws/install/aruco_markers/lib/python3.10/site-packages/aruco_markers/infoserver.py
/home/madhav/mrt_ws/install/aruco_markers/lib/python3.10/site-packages/aruco_markers/rrt.py
/home/madhav/mrt_ws/install/aruco_markers/lib/python3.10/site-packages/aruco_markers/client.py
/home/madhav/mrt_ws/install/aruco_markers/lib/python3.10/site-packages/aruco_markers/__pycache__/rrtserver.cpython-310.pyc
/home/madhav/mrt_ws/install/aruco_markers/lib/python3.10/site-packages/aruco_markers/__pycache__/__init__.cpython-310.pyc
/home/madhav/mrt_ws/install/aruco_markers/lib/python3.10/site-packages/aruco_markers/__pycache__/infoserver.cpython-310.pyc
/home/madhav/mrt_ws/install/aruco_markers/lib/python3.10/site-packages/aruco_markers/__pycache__/rrt.cpython-310.pyc
/home/madhav/mrt_ws/install/aruco_markers/lib/python3.10/site-packages/aruco_markers/__pycache__/client.cpython-310.pyc
/home/madhav/mrt_ws/install/aruco_markers/share/ament_index/resource_index/packages/aruco_markers
/home/madhav/mrt_ws/install/aruco_markers/share/aruco_markers/package.xml
/home/madhav/mrt_ws/install/aruco_markers/lib/python3.10/site-packages/aruco_markers-0.0.0-py3.10.egg-info/requires.txt
/home/madhav/mrt_ws/install/aruco_markers/lib/python3.10/site-packages/aruco_markers-0.0.0-py3.10.egg-info/SOURCES.txt
/home/madhav/mrt_ws/install/aruco_markers/lib/python3.10/site-packages/aruco_markers-0.0.0-py3.10.egg-info/PKG-INFO
/home/madhav/mrt_ws/install/aruco_markers/lib/python3.10/site-packages/aruco_markers-0.0.0-py3.10.egg-info/entry_points.txt
/home/madhav/mrt_ws/install/aruco_markers/lib/python3.10/site-packages/aruco_markers-0.0.0-py3.10.egg-info/top_level.txt
/home/madhav/mrt_ws/install/aruco_markers/lib/python3.10/site-packages/aruco_markers-0.0.0-py3.10.egg-info/zip-safe
/home/madhav/mrt_ws/install/aruco_markers/lib/python3.10/site-packages/aruco_markers-0.0.0-py3.10.egg-info/dependency_links.txt
/home/madhav/mrt_ws/install/aruco_markers/lib/aruco_markers/client
/home/madhav/mrt_ws/install/aruco_markers/lib/aruco_markers/infoserver
/home/madhav/mrt_ws/install/aruco_markers/lib/aruco_markers/rrtserver
