[0.602s] Invoking command in '/home/madhav/mrt_ws/src/aruco_markers': PYTHONPATH=/home/madhav/mrt_ws/build/aruco_markers/prefix_override:/home/madhav/mrt_ws/install/aruco_markers/lib/python3.10/site-packages:${PYTHONPATH} /usr/bin/python3 setup.py egg_info --egg-base ../../build/aruco_markers build --build-base /home/madhav/mrt_ws/build/aruco_markers/build install --record /home/madhav/mrt_ws/build/aruco_markers/install.log --single-version-externally-managed
[0.730s] running egg_info
[0.730s] writing ../../build/aruco_markers/aruco_markers.egg-info/PKG-INFO
[0.730s] writing dependency_links to ../../build/aruco_markers/aruco_markers.egg-info/dependency_links.txt
[0.730s] writing entry points to ../../build/aruco_markers/aruco_markers.egg-info/entry_points.txt
[0.731s] writing requirements to ../../build/aruco_markers/aruco_markers.egg-info/requires.txt
[0.731s] writing top-level names to ../../build/aruco_markers/aruco_markers.egg-info/top_level.txt
[0.731s] reading manifest file '../../build/aruco_markers/aruco_markers.egg-info/SOURCES.txt'
[0.732s] writing manifest file '../../build/aruco_markers/aruco_markers.egg-info/SOURCES.txt'
[0.732s] running build
[0.732s] running build_py
[0.733s] copying aruco_markers/client.py -> /home/madhav/mrt_ws/build/aruco_markers/build/lib/aruco_markers
[0.733s] running install
[0.733s] /usr/lib/python3/dist-packages/setuptools/command/install.py:34: SetuptoolsDeprecationWarning: setup.py install is deprecated. Use build and pip and other standards-based tools.
[0.733s]   warnings.warn(
[0.733s] running install_lib
[0.733s] copying /home/madhav/mrt_ws/build/aruco_markers/build/lib/aruco_markers/client.py -> /home/madhav/mrt_ws/install/aruco_markers/lib/python3.10/site-packages/aruco_markers
[0.734s] byte-compiling /home/madhav/mrt_ws/install/aruco_markers/lib/python3.10/site-packages/aruco_markers/client.py to client.cpython-310.pyc
[0.735s] running install_data
[0.735s] running install_egg_info
[0.736s] removing '/home/madhav/mrt_ws/install/aruco_markers/lib/python3.10/site-packages/aruco_markers-0.0.0-py3.10.egg-info' (and everything under it)
[0.736s] Copying ../../build/aruco_markers/aruco_markers.egg-info to /home/madhav/mrt_ws/install/aruco_markers/lib/python3.10/site-packages/aruco_markers-0.0.0-py3.10.egg-info
[0.737s] running install_scripts
[0.751s] Installing client script to /home/madhav/mrt_ws/install/aruco_markers/lib/aruco_markers
[0.752s] Installing infoserver script to /home/madhav/mrt_ws/install/aruco_markers/lib/aruco_markers
[0.752s] Installing rrtserver script to /home/madhav/mrt_ws/install/aruco_markers/lib/aruco_markers
[0.752s] writing list of installed files to '/home/madhav/mrt_ws/build/aruco_markers/install.log'
[0.771s] Invoked command in '/home/madhav/mrt_ws/src/aruco_markers' returned '0': PYTHONPATH=/home/madhav/mrt_ws/build/aruco_markers/prefix_override:/home/madhav/mrt_ws/install/aruco_markers/lib/python3.10/site-packages:${PYTHONPATH} /usr/bin/python3 setup.py egg_info --egg-base ../../build/aruco_markers build --build-base /home/madhav/mrt_ws/build/aruco_markers/build install --record /home/madhav/mrt_ws/build/aruco_markers/install.log --single-version-externally-managed
