[0.039s] Invoking command in '/home/madhav/mrt_ws/build/aruco_interfaces': CMAKE_PREFIX_PATH=${CMAKE_PREFIX_PATH}:/home/madhav/mrt_ws/install/madhav_agrawal_assn_2:/home/madhav/mrt_ws/install/imgprocess:/home/madhav/mrt_ws/install/imgpprocess:/home/madhav/erc_ws/install/week1_tutorials:/home/madhav/erc_ws/install/week0_tutorials:/home/madhav/erc_ws/install/sherlock:/opt/ros/humble /usr/bin/cmake /home/madhav/mrt_ws/src/aruco_interfaces -DCMAKE_INSTALL_PREFIX=/home/madhav/mrt_ws/install/aruco_interfaces
[0.077s] -- The C compiler identification is GNU 11.4.0
[0.142s] -- The CXX compiler identification is GNU 11.4.0
[0.152s] -- Detecting C compiler ABI info
[0.240s] -- Detecting C compiler ABI info - done
[0.250s] -- Check for working C compiler: /usr/bin/cc - skipped
[0.250s] -- Detecting C compile features
[0.250s] -- Detecting C compile features - done
[0.254s] -- Detecting CXX compiler ABI info
[0.316s] -- Detecting CXX compiler ABI info - done
[0.327s] -- Check for working CXX compiler: /usr/bin/c++ - skipped
[0.327s] -- Detecting CXX compile features
[0.328s] -- Detecting CXX compile features - done
[0.330s] -- Found ament_cmake: 1.3.6 (/opt/ros/humble/share/ament_cmake/cmake)
[0.453s] -- Found Python3: /usr/bin/python3.10 (found version "3.10.12") found components: Interpreter 
[0.510s] -- Found rosidl_default_generators: 1.2.0 (/opt/ros/humble/share/rosidl_default_generators/cmake)
[0.512s] -- Using all available rosidl_typesupport_c: rosidl_typesupport_fastrtps_c;rosidl_typesupport_introspection_c
[0.516s] -- Found rosidl_adapter: 3.1.5 (/opt/ros/humble/share/rosidl_adapter/cmake)
[0.538s] -- Using all available rosidl_typesupport_cpp: rosidl_typesupport_fastrtps_cpp;rosidl_typesupport_introspection_cpp
[0.557s] -- Found sensor_msgs: 4.2.3 (/opt/ros/humble/share/sensor_msgs/cmake)
[0.919s] [31mCMake Error at /opt/ros/humble/share/rosidl_adapter/cmake/rosidl_adapt_interfaces.cmake:59 (message):
[0.919s]   execute_process(/usr/bin/python3.10 -m rosidl_adapter --package-name
[0.919s]   aruco_interfaces --arguments-file
[0.919s]   /home/madhav/mrt_ws/build/aruco_interfaces/rosidl_adapter__arguments__aruco_interfaces.json
[0.919s]   --output-dir
[0.920s]   /home/madhav/mrt_ws/build/aruco_interfaces/rosidl_adapter/aruco_interfaces
[0.920s]   --output-file
[0.920s]   /home/madhav/mrt_ws/build/aruco_interfaces/rosidl_adapter/aruco_interfaces.idls)
[0.920s]   returned error code 1:
[0.920s] 
[0.920s]   Traceback (most recent call last):
[0.920s] 
[0.920s]     File "/usr/lib/python3.10/runpy.py", line 196, in _run_module_as_main
[0.920s]       return _run_code(code, main_globals, None,
[0.920s]     File "/usr/lib/python3.10/runpy.py", line 86, in _run_code
[0.920s]       exec(code, run_globals)
[0.920s]     File "/opt/ros/humble/local/lib/python3.10/dist-packages/rosidl_adapter/__main__.py", line 19, in <module>
[0.920s]       sys.exit(main())
[0.920s]     File "/opt/ros/humble/local/lib/python3.10/dist-packages/rosidl_adapter/main.py", line 53, in main
[0.920s]       abs_idl_file = convert_to_idl(
[0.921s]     File "/opt/ros/humble/local/lib/python3.10/dist-packages/rosidl_adapter/__init__.py", line 24, in convert_to_idl
[0.921s]       return convert_srv_to_idl(
[0.921s]     File "/opt/ros/humble/local/lib/python3.10/dist-packages/rosidl_adapter/srv/__init__.py", line 28, in convert_srv_to_idl
[0.921s]       srv = parse_service_string(package_name, input_file.stem, content)
[0.921s]     File "/opt/ros/humble/local/lib/python3.10/dist-packages/rosidl_adapter/parser.py", line 859, in parse_service_string
[0.921s]       request_message = parse_message_string(
[0.921s]     File "/opt/ros/humble/local/lib/python3.10/dist-packages/rosidl_adapter/parser.py", line 544, in parse_message_string
[0.921s]       msg = MessageSpecification(pkg_name, msg_name, fields, constants)
[0.921s]     File "/opt/ros/humble/local/lib/python3.10/dist-packages/rosidl_adapter/parser.py", line 388, in __init__
[0.921s]       self.base_type = BaseType(
[0.921s]     File "/opt/ros/humble/local/lib/python3.10/dist-packages/rosidl_adapter/parser.py", line 205, in __init__
[0.921s]       raise InvalidResourceName(
[0.921s] 
[0.922s]   rosidl_adapter.parser.InvalidResourceName: 'tagid_Request' is an invalid
[0.922s]   message name.  It should have the pattern '^[A-Z][A-Za-z0-9]*$'
[0.922s] 
[0.922s] Call Stack (most recent call first):
[0.922s]   /opt/ros/humble/share/rosidl_cmake/cmake/rosidl_generate_interfaces.cmake:130 (rosidl_adapt_interfaces)
[0.922s]   CMakeLists.txt:17 (rosidl_generate_interfaces)
[0.922s] 
[0.922s] [0m
[0.922s] -- Configuring incomplete, errors occurred!
[0.922s] See also "/home/madhav/mrt_ws/build/aruco_interfaces/CMakeFiles/CMakeOutput.log".
[0.927s] Invoked command in '/home/madhav/mrt_ws/build/aruco_interfaces' returned '1': CMAKE_PREFIX_PATH=${CMAKE_PREFIX_PATH}:/home/madhav/mrt_ws/install/madhav_agrawal_assn_2:/home/madhav/mrt_ws/install/imgprocess:/home/madhav/mrt_ws/install/imgpprocess:/home/madhav/erc_ws/install/week1_tutorials:/home/madhav/erc_ws/install/week0_tutorials:/home/madhav/erc_ws/install/sherlock:/opt/ros/humble /usr/bin/cmake /home/madhav/mrt_ws/src/aruco_interfaces -DCMAKE_INSTALL_PREFIX=/home/madhav/mrt_ws/install/aruco_interfaces
