[0.489s] Invoking command in '/home/madhav/mrt_ws/src/aruco_markers': PYTHONPATH=/home/madhav/mrt_ws/build/aruco_markers/prefix_override:/home/madhav/mrt_ws/install/aruco_markers/lib/python3.10/site-packages:${PYTHONPATH} /usr/bin/python3 setup.py egg_info --egg-base ../../build/aruco_markers build --build-base /home/madhav/mrt_ws/build/aruco_markers/build install --record /home/madhav/mrt_ws/build/aruco_markers/install.log --single-version-externally-managed
[0.613s] running egg_info
[0.613s] writing ../../build/aruco_markers/aruco_markers.egg-info/PKG-INFO
[0.613s] writing dependency_links to ../../build/aruco_markers/aruco_markers.egg-info/dependency_links.txt
[0.613s] writing entry points to ../../build/aruco_markers/aruco_markers.egg-info/entry_points.txt
[0.614s] writing requirements to ../../build/aruco_markers/aruco_markers.egg-info/requires.txt
[0.614s] writing top-level names to ../../build/aruco_markers/aruco_markers.egg-info/top_level.txt
[0.615s] reading manifest file '../../build/aruco_markers/aruco_markers.egg-info/SOURCES.txt'
[0.615s] writing manifest file '../../build/aruco_markers/aruco_markers.egg-info/SOURCES.txt'
[0.615s] running build
[0.615s] running build_py
[0.615s] copying aruco_markers/rrtserver.py -> /home/madhav/mrt_ws/build/aruco_markers/build/lib/aruco_markers
[0.616s] copying aruco_markers/__init__.py -> /home/madhav/mrt_ws/build/aruco_markers/build/lib/aruco_markers
[0.616s] running install
[0.616s] running install_lib
[0.616s] /usr/lib/python3/dist-packages/setuptools/command/install.py:34: SetuptoolsDeprecationWarning: setup.py install is deprecated. Use build and pip and other standards-based tools.
[0.616s]   warnings.warn(
[0.616s] copying /home/madhav/mrt_ws/build/aruco_markers/build/lib/aruco_markers/rrtserver.py -> /home/madhav/mrt_ws/install/aruco_markers/lib/python3.10/site-packages/aruco_markers
[0.617s] byte-compiling /home/madhav/mrt_ws/install/aruco_markers/lib/python3.10/site-packages/aruco_markers/rrtserver.py to rrtserver.cpython-310.pyc
[0.618s] running install_data
[0.618s] running install_egg_info
[0.620s] removing '/home/madhav/mrt_ws/install/aruco_markers/lib/python3.10/site-packages/aruco_markers-0.0.0-py3.10.egg-info' (and everything under it)
[0.620s] Copying ../../build/aruco_markers/aruco_markers.egg-info to /home/madhav/mrt_ws/install/aruco_markers/lib/python3.10/site-packages/aruco_markers-0.0.0-py3.10.egg-info
[0.621s] running install_scripts
[0.645s] Installing client script to /home/madhav/mrt_ws/install/aruco_markers/lib/aruco_markers
[0.645s] Installing infoserver script to /home/madhav/mrt_ws/install/aruco_markers/lib/aruco_markers
[0.645s] Installing rrtserver script to /home/madhav/mrt_ws/install/aruco_markers/lib/aruco_markers
[0.645s] writing list of installed files to '/home/madhav/mrt_ws/build/aruco_markers/install.log'
[0.673s] Invoked command in '/home/madhav/mrt_ws/src/aruco_markers' returned '0': PYTHONPATH=/home/madhav/mrt_ws/build/aruco_markers/prefix_override:/home/madhav/mrt_ws/install/aruco_markers/lib/python3.10/site-packages:${PYTHONPATH} /usr/bin/python3 setup.py egg_info --egg-base ../../build/aruco_markers build --build-base /home/madhav/mrt_ws/build/aruco_markers/build install --record /home/madhav/mrt_ws/build/aruco_markers/install.log --single-version-externally-managed
