[0.041s] Invoking command in '/home/madhav/mrt_ws/build/aruco_interfaces': CMAKE_PREFIX_PATH=${CMAKE_PREFIX_PATH}:/home/madhav/mrt_ws/install/madhav_agrawal_assn_2:/home/madhav/mrt_ws/install/imgprocess:/home/madhav/mrt_ws/install/imgpprocess:/home/madhav/erc_ws/install/week1_tutorials:/home/madhav/erc_ws/install/week0_tutorials:/home/madhav/erc_ws/install/sherlock:/opt/ros/humble /usr/bin/cmake /home/madhav/mrt_ws/src/aruco_interfaces -DCMAKE_INSTALL_PREFIX=/home/madhav/mrt_ws/install/aruco_interfaces
[0.048s] -- Found ament_cmake: 1.3.6 (/opt/ros/humble/share/ament_cmake/cmake)
[0.214s] -- Found rosidl_default_generators: 1.2.0 (/opt/ros/humble/share/rosidl_default_generators/cmake)
[0.217s] -- Using all available rosidl_typesupport_c: rosidl_typesupport_fastrtps_c;rosidl_typesupport_introspection_c
[0.220s] -- Found rosidl_adapter: 3.1.5 (/opt/ros/humble/share/rosidl_adapter/cmake)
[0.256s] -- Using all available rosidl_typesupport_cpp: rosidl_typesupport_fastrtps_cpp;rosidl_typesupport_introspection_cpp
[0.286s] -- Found sensor_msgs: 4.2.3 (/opt/ros/humble/share/sensor_msgs/cmake)
[0.610s] [31mCMake Error at /opt/ros/humble/share/rosidl_adapter/cmake/rosidl_adapt_interfaces.cmake:59 (message):
[0.610s]   execute_process(/usr/bin/python3.10 -m rosidl_adapter --package-name
[0.610s]   aruco_interfaces --arguments-file
[0.610s]   /home/madhav/mrt_ws/build/aruco_interfaces/rosidl_adapter__arguments__aruco_interfaces.json
[0.610s]   --output-dir
[0.610s]   /home/madhav/mrt_ws/build/aruco_interfaces/rosidl_adapter/aruco_interfaces
[0.610s]   --output-file
[0.611s]   /home/madhav/mrt_ws/build/aruco_interfaces/rosidl_adapter/aruco_interfaces.idls)
[0.611s]   returned error code 1:
[0.611s] 
[0.611s]   Error processing 'float64[][] info' of 'aruco_interfaces/Tagid_Response':
[0.611s]   ''float64[]' is an invalid message name.  It should have the pattern
[0.611s]   '^[A-Z][A-Za-z0-9]*$''
[0.611s] 
[0.611s]   Traceback (most recent call last):
[0.611s] 
[0.611s]     File "/usr/lib/python3.10/runpy.py", line 196, in _run_module_as_main
[0.611s]       return _run_code(code, main_globals, None,
[0.611s]     File "/usr/lib/python3.10/runpy.py", line 86, in _run_code
[0.611s]       exec(code, run_globals)
[0.611s]     File "/opt/ros/humble/local/lib/python3.10/dist-packages/rosidl_adapter/__main__.py", line 19, in <module>
[0.611s]       sys.exit(main())
[0.612s]     File "/opt/ros/humble/local/lib/python3.10/dist-packages/rosidl_adapter/main.py", line 53, in main
[0.612s]       abs_idl_file = convert_to_idl(
[0.612s]     File "/opt/ros/humble/local/lib/python3.10/dist-packages/rosidl_adapter/__init__.py", line 24, in convert_to_idl
[0.612s]       return convert_srv_to_idl(
[0.612s]     File "/opt/ros/humble/local/lib/python3.10/dist-packages/rosidl_adapter/srv/__init__.py", line 28, in convert_srv_to_idl
[0.612s]       srv = parse_service_string(package_name, input_file.stem, content)
[0.612s]     File "/opt/ros/humble/local/lib/python3.10/dist-packages/rosidl_adapter/parser.py", line 863, in parse_service_string
[0.612s]       response_message = parse_message_string(
[0.612s]     File "/opt/ros/humble/local/lib/python3.10/dist-packages/rosidl_adapter/parser.py", line 520, in parse_message_string
[0.612s]       Type(type_string, context_package_name=pkg_name),
[0.612s]     File "/opt/ros/humble/local/lib/python3.10/dist-packages/rosidl_adapter/parser.py", line 277, in __init__
[0.612s]       super(Type, self).__init__(
[0.612s]     File "/opt/ros/humble/local/lib/python3.10/dist-packages/rosidl_adapter/parser.py", line 205, in __init__
[0.613s]       raise InvalidResourceName(
[0.613s] 
[0.613s]   rosidl_adapter.parser.InvalidResourceName: 'float64[]' is an invalid
[0.613s]   message name.  It should have the pattern '^[A-Z][A-Za-z0-9]*$'
[0.613s] 
[0.613s] Call Stack (most recent call first):
[0.613s]   /opt/ros/humble/share/rosidl_cmake/cmake/rosidl_generate_interfaces.cmake:130 (rosidl_adapt_interfaces)
[0.613s]   CMakeLists.txt:17 (rosidl_generate_interfaces)
[0.613s] 
[0.613s] [0m
[0.613s] -- Configuring incomplete, errors occurred!
[0.614s] See also "/home/madhav/mrt_ws/build/aruco_interfaces/CMakeFiles/CMakeOutput.log".
[0.615s] Invoked command in '/home/madhav/mrt_ws/build/aruco_interfaces' returned '1': CMAKE_PREFIX_PATH=${CMAKE_PREFIX_PATH}:/home/madhav/mrt_ws/install/madhav_agrawal_assn_2:/home/madhav/mrt_ws/install/imgprocess:/home/madhav/mrt_ws/install/imgpprocess:/home/madhav/erc_ws/install/week1_tutorials:/home/madhav/erc_ws/install/week0_tutorials:/home/madhav/erc_ws/install/sherlock:/opt/ros/humble /usr/bin/cmake /home/madhav/mrt_ws/src/aruco_interfaces -DCMAKE_INSTALL_PREFIX=/home/madhav/mrt_ws/install/aruco_interfaces
