In file included from [01m[K/home/madhav/mrt_ws/build/aruco_interfaces/rosidl_generator_c/aruco_interfaces/msg/detail/float64_multi_array__functions.h:19[m[K,
                 from [01m[K/home/madhav/mrt_ws/build/aruco_interfaces/rosidl_generator_c/aruco_interfaces/msg/detail/float64_multi_array__functions.c:4[m[K:
[01m[K/home/madhav/mrt_ws/build/aruco_interfaces/rosidl_generator_c/aruco_interfaces/msg/detail/float64_multi_array__struct.h:22:10:[m[K [01;31m[Kfatal error: [m[Karuco_interfaces/msg/detail/multi_array_layout__struct.h: No such file or directory
   22 | #include [01;31m[K"aruco_interfaces/msg/detail/multi_array_layout__struct.h"[m[K
      |          [01;31m[K^~~~~~~~~~~~~~~~~~~~~~~~~~~~~~~~~~~~~~~~~~~~~~~~~~~~~~~~~~[m[K
compilation terminated.
In file included from [01m[K/home/madhav/mrt_ws/build/aruco_interfaces/rosidl_generator_c/aruco_interfaces/srv/detail/tagid__struct.h:45[m[K,
                 from [01m[K/home/madhav/mrt_ws/build/aruco_interfaces/rosidl_generator_c/aruco_interfaces/srv/detail/tagid__functions.h:19[m[K,
                 from [01m[K/home/madhav/mrt_ws/build/aruco_interfaces/rosidl_generator_c/aruco_interfaces/srv/detail/tagid__functions.c:4[m[K:
[01m[K/home/madhav/mrt_ws/build/aruco_interfaces/rosidl_generator_c/aruco_interfaces/msg/detail/float64_multi_array__struct.h:22:10:[m[K [01;31m[Kfatal error: [m[Karuco_interfaces/msg/detail/multi_array_layout__struct.h: No such file or directory
   22 | #include [01;31m[K"aruco_interfaces/msg/detail/multi_array_layout__struct.h"[m[K
      |          [01;31m[K^~~~~~~~~~~~~~~~~~~~~~~~~~~~~~~~~~~~~~~~~~~~~~~~~~~~~~~~~~[m[K
compilation terminated.
gmake[2]: *** [CMakeFiles/aruco_interfaces__rosidl_generator_c.dir/build.make:256: CMakeFiles/aruco_interfaces__rosidl_generator_c.dir/rosidl_generator_c/aruco_interfaces/msg/detail/float64_multi_array__functions.c.o] Error 1
gmake[2]: *** Waiting for unfinished jobs....
gmake[2]: *** [CMakeFiles/aruco_interfaces__rosidl_generator_c.dir/build.make:284: CMakeFiles/aruco_interfaces__rosidl_generator_c.dir/rosidl_generator_c/aruco_interfaces/srv/detail/tagid__functions.c.o] Error 1
gmake[1]: *** [CMakeFiles/Makefile2:213: CMakeFiles/aruco_interfaces__rosidl_generator_c.dir/all] Error 2
gmake[1]: *** Waiting for unfinished jobs....
In file included from [01m[K/home/madhav/mrt_ws/build/aruco_interfaces/rosidl_typesupport_cpp/aruco_interfaces/msg/float64_multi_array__type_support.cpp:7[m[K:
[01m[K/home/madhav/mrt_ws/build/aruco_interfaces/rosidl_generator_cpp/aruco_interfaces/msg/detail/float64_multi_array__struct.hpp:20:10:[m[K [01;31m[Kfatal error: [m[Karuco_interfaces/msg/detail/multi_array_layout__struct.hpp: No such file or directory
   20 | #include [01;31m[K"aruco_interfaces/msg/detail/multi_array_layout__struct.hpp"[m[K
      |          [01;31m[K^~~~~~~~~~~~~~~~~~~~~~~~~~~~~~~~~~~~~~~~~~~~~~~~~~~~~~~~~~~~[m[K
In file included from [01m[K/home/madhav/mrt_ws/build/aruco_interfaces/rosidl_generator_cpp/aruco_interfaces/srv/detail/tagid__struct.hpp:131[m[K,
                 from [01m[K/home/madhav/mrt_ws/build/aruco_interfaces/rosidl_typesupport_cpp/aruco_interfaces/srv/tagid__type_support.cpp:7[m[K:
[01m[K/home/madhav/mrt_ws/build/aruco_interfaces/rosidl_generator_cpp/aruco_interfaces/msg/detail/float64_multi_array__struct.hpp:20:10:[m[K [01;31m[Kfatal error: [m[Karuco_interfaces/msg/detail/multi_array_layout__struct.hpp: No such file or directory
   20 | #include [01;31m[K"aruco_interfaces/msg/detail/multi_array_layout__struct.hpp"[m[K
      |          [01;31m[K^~~~~~~~~~~~~~~~~~~~~~~~~~~~~~~~~~~~~~~~~~~~~~~~~~~~~~~~~~~~[m[K
compilation terminated.
compilation terminated.
gmake[2]: *** [CMakeFiles/aruco_interfaces__rosidl_typesupport_cpp.dir/build.make:201: CMakeFiles/aruco_interfaces__rosidl_typesupport_cpp.dir/rosidl_typesupport_cpp/aruco_interfaces/msg/float64_multi_array__type_support.cpp.o] Error 1
gmake[2]: *** Waiting for unfinished jobs....
gmake[2]: *** [CMakeFiles/aruco_interfaces__rosidl_typesupport_cpp.dir/build.make:229: CMakeFiles/aruco_interfaces__rosidl_typesupport_cpp.dir/rosidl_typesupport_cpp/aruco_interfaces/srv/tagid__type_support.cpp.o] Error 1
In file included from [01m[K/home/madhav/mrt_ws/build/aruco_interfaces/rosidl_typesupport_introspection_cpp/aruco_interfaces/msg/detail/float64_multi_array__type_support.cpp:12[m[K:
[01m[K/home/madhav/mrt_ws/build/aruco_interfaces/rosidl_generator_cpp/aruco_interfaces/msg/detail/float64_multi_array__struct.hpp:20:10:[m[K [01;31m[Kfatal error: [m[Karuco_interfaces/msg/detail/multi_array_layout__struct.hpp: No such file or directory
   20 | #include [01;31m[K"aruco_interfaces/msg/detail/multi_array_layout__struct.hpp"[m[K
      |          [01;31m[K^~~~~~~~~~~~~~~~~~~~~~~~~~~~~~~~~~~~~~~~~~~~~~~~~~~~~~~~~~~~[m[K
compilation terminated.
gmake[2]: *** [CMakeFiles/aruco_interfaces__rosidl_typesupport_introspection_cpp.dir/build.make:215: CMakeFiles/aruco_interfaces__rosidl_typesupport_introspection_cpp.dir/rosidl_typesupport_introspection_cpp/aruco_interfaces/msg/detail/float64_multi_array__type_support.cpp.o] Error 1
gmake[2]: *** Waiting for unfinished jobs....
In file included from [01m[K/home/madhav/mrt_ws/build/aruco_interfaces/rosidl_generator_cpp/aruco_interfaces/srv/detail/tagid__struct.hpp:131[m[K,
                 from [01m[K/home/madhav/mrt_ws/build/aruco_interfaces/rosidl_typesupport_introspection_cpp/aruco_interfaces/srv/detail/tagid__type_support.cpp:12[m[K:
[01m[K/home/madhav/mrt_ws/build/aruco_interfaces/rosidl_generator_cpp/aruco_interfaces/msg/detail/float64_multi_array__struct.hpp:20:10:[m[K [01;31m[Kfatal error: [m[Karuco_interfaces/msg/detail/multi_array_layout__struct.hpp: No such file or directory
   20 | #include [01;31m[K"aruco_interfaces/msg/detail/multi_array_layout__struct.hpp"[m[K
      |          [01;31m[K^~~~~~~~~~~~~~~~~~~~~~~~~~~~~~~~~~~~~~~~~~~~~~~~~~~~~~~~~~~~[m[K
compilation terminated.
gmake[2]: *** [CMakeFiles/aruco_interfaces__rosidl_typesupport_introspection_cpp.dir/build.make:243: CMakeFiles/aruco_interfaces__rosidl_typesupport_introspection_cpp.dir/rosidl_typesupport_introspection_cpp/aruco_interfaces/srv/detail/tagid__type_support.cpp.o] Error 1
In file included from [01m[K/home/madhav/mrt_ws/build/aruco_interfaces/rosidl_typesupport_fastrtps_cpp/aruco_interfaces/msg/detail/float64_multi_array__rosidl_typesupport_fastrtps_cpp.hpp:11[m[K,
                 from [01m[K/home/madhav/mrt_ws/build/aruco_interfaces/rosidl_typesupport_fastrtps_cpp/aruco_interfaces/msg/detail/dds_fastrtps/float64_multi_array__type_support.cpp:4[m[K:
[01m[K/home/madhav/mrt_ws/build/aruco_interfaces/rosidl_generator_cpp/aruco_interfaces/msg/detail/float64_multi_array__struct.hpp:20:10:[m[K [01;31m[Kfatal error: [m[Karuco_interfaces/msg/detail/multi_array_layout__struct.hpp: No such file or directory
   20 | #include [01;31m[K"aruco_interfaces/msg/detail/multi_array_layout__struct.hpp"[m[K
      |          [01;31m[K^~~~~~~~~~~~~~~~~~~~~~~~~~~~~~~~~~~~~~~~~~~~~~~~~~~~~~~~~~~~[m[K
compilation terminated.
In file included from [01m[K/home/madhav/mrt_ws/build/aruco_interfaces/rosidl_generator_cpp/aruco_interfaces/srv/detail/tagid__struct.hpp:131[m[K,
                 from [01m[K/home/madhav/mrt_ws/build/aruco_interfaces/rosidl_typesupport_fastrtps_cpp/aruco_interfaces/srv/detail/tagid__rosidl_typesupport_fastrtps_cpp.hpp:11[m[K,
                 from [01m[K/home/madhav/mrt_ws/build/aruco_interfaces/rosidl_typesupport_fastrtps_cpp/aruco_interfaces/srv/detail/dds_fastrtps/tagid__type_support.cpp:4[m[K:
[01m[K/home/madhav/mrt_ws/build/aruco_interfaces/rosidl_generator_cpp/aruco_interfaces/msg/detail/float64_multi_array__struct.hpp:20:10:[m[K [01;31m[Kfatal error: [m[Karuco_interfaces/msg/detail/multi_array_layout__struct.hpp: No such file or directory
   20 | #include [01;31m[K"aruco_interfaces/msg/detail/multi_array_layout__struct.hpp"[m[K
      |          [01;31m[K^~~~~~~~~~~~~~~~~~~~~~~~~~~~~~~~~~~~~~~~~~~~~~~~~~~~~~~~~~~~[m[K
compilation terminated.
gmake[2]: *** [CMakeFiles/aruco_interfaces__rosidl_typesupport_fastrtps_cpp.dir/build.make:215: CMakeFiles/aruco_interfaces__rosidl_typesupport_fastrtps_cpp.dir/rosidl_typesupport_fastrtps_cpp/aruco_interfaces/msg/detail/dds_fastrtps/float64_multi_array__type_support.cpp.o] Error 1
gmake[2]: *** Waiting for unfinished jobs....
gmake[2]: *** [CMakeFiles/aruco_interfaces__rosidl_typesupport_fastrtps_cpp.dir/build.make:243: CMakeFiles/aruco_interfaces__rosidl_typesupport_fastrtps_cpp.dir/rosidl_typesupport_fastrtps_cpp/aruco_interfaces/srv/detail/dds_fastrtps/tagid__type_support.cpp.o] Error 1
gmake[1]: *** [CMakeFiles/Makefile2:395: CMakeFiles/aruco_interfaces__rosidl_typesupport_cpp.dir/all] Error 2
gmake[1]: *** [CMakeFiles/Makefile2:369: CMakeFiles/aruco_interfaces__rosidl_typesupport_introspection_cpp.dir/all] Error 2
gmake[1]: *** [CMakeFiles/Makefile2:343: CMakeFiles/aruco_interfaces__rosidl_typesupport_fastrtps_cpp.dir/all] Error 2
gmake: *** [Makefile:146: all] Error 2
