[0.246s] Invoking command in '/home/madhav/mrt_ws/build/aruco_interfaces': CMAKE_PREFIX_PATH=${CMAKE_PREFIX_PATH}:/home/madhav/mrt_ws/install/aruco_markers:/home/madhav/erc_ws/install/week1_tutorials:/home/madhav/erc_ws/install/week0_tutorials:/home/madhav/erc_ws/install/sherlock:/opt/ros/humble /usr/bin/cmake --build /home/madhav/mrt_ws/build/aruco_interfaces -- -j12 -l12
[0.417s] [  1%] Built target aruco_interfaces__cpp
[0.422s] [ 12%] Built target aruco_interfaces__rosidl_generator_c
[0.450s] [ 12%] Built target ament_cmake_python_copy_aruco_interfaces
[0.478s] [ 23%] Built target aruco_interfaces__rosidl_typesupport_cpp
[0.479s] [ 34%] Built target aruco_interfaces__rosidl_typesupport_c
[0.480s] [ 46%] Built target aruco_interfaces__rosidl_typesupport_fastrtps_cpp
[0.483s] [ 57%] Built target aruco_interfaces__rosidl_typesupport_introspection_cpp
[0.489s] [ 68%] Built target aruco_interfaces__rosidl_typesupport_introspection_c
[0.490s] [ 79%] Built target aruco_interfaces__rosidl_typesupport_fastrtps_c
[0.535s] [ 79%] Built target aruco_interfaces
[0.584s] [ 80%] Built target aruco_interfaces__py
[0.635s] [ 90%] Built target aruco_interfaces__rosidl_generator_py
[0.691s] [ 93%] Built target aruco_interfaces__rosidl_typesupport_c__pyext
[0.692s] [ 96%] Built target aruco_interfaces__rosidl_typesupport_fastrtps_c__pyext
[0.696s] [100%] Built target aruco_interfaces__rosidl_typesupport_introspection_c__pyext
[0.918s] running egg_info
[0.920s] writing aruco_interfaces.egg-info/PKG-INFO
[0.921s] writing dependency_links to aruco_interfaces.egg-info/dependency_links.txt
[0.922s] writing top-level names to aruco_interfaces.egg-info/top_level.txt
[0.930s] reading manifest file 'aruco_interfaces.egg-info/SOURCES.txt'
[0.932s] writing manifest file 'aruco_interfaces.egg-info/SOURCES.txt'
[1.010s] [100%] Built target ament_cmake_python_build_aruco_interfaces_egg
[1.035s] Invoked command in '/home/madhav/mrt_ws/build/aruco_interfaces' returned '0': CMAKE_PREFIX_PATH=${CMAKE_PREFIX_PATH}:/home/madhav/mrt_ws/install/aruco_markers:/home/madhav/erc_ws/install/week1_tutorials:/home/madhav/erc_ws/install/week0_tutorials:/home/madhav/erc_ws/install/sherlock:/opt/ros/humble /usr/bin/cmake --build /home/madhav/mrt_ws/build/aruco_interfaces -- -j12 -l12
[1.354s] Invoking command in '/home/madhav/mrt_ws/build/aruco_interfaces': CMAKE_PREFIX_PATH=${CMAKE_PREFIX_PATH}:/home/madhav/mrt_ws/install/aruco_markers:/home/madhav/erc_ws/install/week1_tutorials:/home/madhav/erc_ws/install/week0_tutorials:/home/madhav/erc_ws/install/sherlock:/opt/ros/humble /usr/bin/cmake --install /home/madhav/mrt_ws/build/aruco_interfaces
[1.383s] -- Install configuration: ""
[1.384s] -- Up-to-date: /home/madhav/mrt_ws/install/aruco_interfaces/share/ament_index/resource_index/rosidl_interfaces/aruco_interfaces
[1.384s] -- Up-to-date: /home/madhav/mrt_ws/install/aruco_interfaces/include/aruco_interfaces/aruco_interfaces
[1.385s] -- Up-to-date: /home/madhav/mrt_ws/install/aruco_interfaces/include/aruco_interfaces/aruco_interfaces/msg
[1.386s] -- Up-to-date: /home/madhav/mrt_ws/install/aruco_interfaces/include/aruco_interfaces/aruco_interfaces/msg/image.h
[1.386s] -- Up-to-date: /home/madhav/mrt_ws/install/aruco_interfaces/include/aruco_interfaces/aruco_interfaces/msg/rosidl_generator_c__visibility_control.h
[1.386s] -- Up-to-date: /home/madhav/mrt_ws/install/aruco_interfaces/include/aruco_interfaces/aruco_interfaces/msg/detail
[1.386s] -- Up-to-date: /home/madhav/mrt_ws/install/aruco_interfaces/include/aruco_interfaces/aruco_interfaces/msg/detail/image__functions.c
[1.386s] -- Up-to-date: /home/madhav/mrt_ws/install/aruco_interfaces/include/aruco_interfaces/aruco_interfaces/msg/detail/float64__functions.c
[1.386s] -- Up-to-date: /home/madhav/mrt_ws/install/aruco_interfaces/include/aruco_interfaces/aruco_interfaces/msg/detail/image__functions.h
[1.387s] -- Up-to-date: /home/madhav/mrt_ws/install/aruco_interfaces/include/aruco_interfaces/aruco_interfaces/msg/detail/float64__type_support.h
[1.387s] -- Up-to-date: /home/madhav/mrt_ws/install/aruco_interfaces/include/aruco_interfaces/aruco_interfaces/msg/detail/float64_multi_array__functions.c
[1.387s] -- Up-to-date: /home/madhav/mrt_ws/install/aruco_interfaces/include/aruco_interfaces/aruco_interfaces/msg/detail/float64_multi_array__type_support.h
[1.387s] -- Up-to-date: /home/madhav/mrt_ws/install/aruco_interfaces/include/aruco_interfaces/aruco_interfaces/msg/detail/image__type_support.h
[1.387s] -- Up-to-date: /home/madhav/mrt_ws/install/aruco_interfaces/include/aruco_interfaces/aruco_interfaces/msg/detail/float64__functions.h
[1.387s] -- Up-to-date: /home/madhav/mrt_ws/install/aruco_interfaces/include/aruco_interfaces/aruco_interfaces/msg/detail/image__struct.h
[1.387s] -- Up-to-date: /home/madhav/mrt_ws/install/aruco_interfaces/include/aruco_interfaces/aruco_interfaces/msg/detail/float64__struct.h
[1.388s] -- Up-to-date: /home/madhav/mrt_ws/install/aruco_interfaces/include/aruco_interfaces/aruco_interfaces/msg/detail/float64_multi_array__struct.h
[1.388s] -- Up-to-date: /home/madhav/mrt_ws/install/aruco_interfaces/include/aruco_interfaces/aruco_interfaces/msg/detail/float64_multi_array__functions.h
[1.388s] -- Up-to-date: /home/madhav/mrt_ws/install/aruco_interfaces/include/aruco_interfaces/aruco_interfaces/msg/float64_multi_array.h
[1.388s] -- Up-to-date: /home/madhav/mrt_ws/install/aruco_interfaces/include/aruco_interfaces/aruco_interfaces/msg/float64.h
[1.389s] -- Up-to-date: /home/madhav/mrt_ws/install/aruco_interfaces/include/aruco_interfaces/aruco_interfaces/srv
[1.389s] -- Up-to-date: /home/madhav/mrt_ws/install/aruco_interfaces/include/aruco_interfaces/aruco_interfaces/srv/detail
[1.389s] -- Up-to-date: /home/madhav/mrt_ws/install/aruco_interfaces/include/aruco_interfaces/aruco_interfaces/srv/detail/tagid__functions.h
[1.390s] -- Up-to-date: /home/madhav/mrt_ws/install/aruco_interfaces/include/aruco_interfaces/aruco_interfaces/srv/detail/rrtpath__type_support.h
[1.390s] -- Up-to-date: /home/madhav/mrt_ws/install/aruco_interfaces/include/aruco_interfaces/aruco_interfaces/srv/detail/tagid__struct.h
[1.390s] -- Up-to-date: /home/madhav/mrt_ws/install/aruco_interfaces/include/aruco_interfaces/aruco_interfaces/srv/detail/tagid__functions.c
[1.390s] -- Up-to-date: /home/madhav/mrt_ws/install/aruco_interfaces/include/aruco_interfaces/aruco_interfaces/srv/detail/rrtpath__functions.c
[1.391s] -- Up-to-date: /home/madhav/mrt_ws/install/aruco_interfaces/include/aruco_interfaces/aruco_interfaces/srv/detail/tagid__type_support.h
[1.391s] -- Up-to-date: /home/madhav/mrt_ws/install/aruco_interfaces/include/aruco_interfaces/aruco_interfaces/srv/detail/rrtpath__functions.h
[1.391s] -- Up-to-date: /home/madhav/mrt_ws/install/aruco_interfaces/include/aruco_interfaces/aruco_interfaces/srv/detail/rrtpath__struct.h
[1.391s] -- Up-to-date: /home/madhav/mrt_ws/install/aruco_interfaces/include/aruco_interfaces/aruco_interfaces/srv/tagid.h
[1.391s] -- Up-to-date: /home/madhav/mrt_ws/install/aruco_interfaces/include/aruco_interfaces/aruco_interfaces/srv/rrtpath.h
[1.391s] -- Up-to-date: /home/madhav/mrt_ws/install/aruco_interfaces/share/aruco_interfaces/environment/library_path.sh
[1.391s] -- Up-to-date: /home/madhav/mrt_ws/install/aruco_interfaces/share/aruco_interfaces/environment/library_path.dsv
[1.391s] -- Up-to-date: /home/madhav/mrt_ws/install/aruco_interfaces/lib/libaruco_interfaces__rosidl_generator_c.so
[1.391s] -- Up-to-date: /home/madhav/mrt_ws/install/aruco_interfaces/include/aruco_interfaces/aruco_interfaces
[1.392s] -- Up-to-date: /home/madhav/mrt_ws/install/aruco_interfaces/include/aruco_interfaces/aruco_interfaces/msg
[1.392s] -- Up-to-date: /home/madhav/mrt_ws/install/aruco_interfaces/include/aruco_interfaces/aruco_interfaces/msg/detail
[1.393s] -- Up-to-date: /home/madhav/mrt_ws/install/aruco_interfaces/include/aruco_interfaces/aruco_interfaces/msg/detail/float64__rosidl_typesupport_fastrtps_c.h
[1.393s] -- Up-to-date: /home/madhav/mrt_ws/install/aruco_interfaces/include/aruco_interfaces/aruco_interfaces/msg/detail/float64_multi_array__rosidl_typesupport_fastrtps_c.h
[1.393s] -- Up-to-date: /home/madhav/mrt_ws/install/aruco_interfaces/include/aruco_interfaces/aruco_interfaces/msg/detail/image__rosidl_typesupport_fastrtps_c.h
[1.393s] -- Up-to-date: /home/madhav/mrt_ws/install/aruco_interfaces/include/aruco_interfaces/aruco_interfaces/msg/rosidl_typesupport_fastrtps_c__visibility_control.h
[1.393s] -- Up-to-date: /home/madhav/mrt_ws/install/aruco_interfaces/include/aruco_interfaces/aruco_interfaces/srv
[1.393s] -- Up-to-date: /home/madhav/mrt_ws/install/aruco_interfaces/include/aruco_interfaces/aruco_interfaces/srv/detail
[1.393s] -- Up-to-date: /home/madhav/mrt_ws/install/aruco_interfaces/include/aruco_interfaces/aruco_interfaces/srv/detail/tagid__rosidl_typesupport_fastrtps_c.h
[1.393s] -- Up-to-date: /home/madhav/mrt_ws/install/aruco_interfaces/include/aruco_interfaces/aruco_interfaces/srv/detail/rrtpath__rosidl_typesupport_fastrtps_c.h
[1.394s] -- Up-to-date: /home/madhav/mrt_ws/install/aruco_interfaces/lib/libaruco_interfaces__rosidl_typesupport_fastrtps_c.so
[1.394s] -- Up-to-date: /home/madhav/mrt_ws/install/aruco_interfaces/include/aruco_interfaces/aruco_interfaces
[1.394s] -- Up-to-date: /home/madhav/mrt_ws/install/aruco_interfaces/include/aruco_interfaces/aruco_interfaces/msg
[1.394s] -- Up-to-date: /home/madhav/mrt_ws/install/aruco_interfaces/include/aruco_interfaces/aruco_interfaces/msg/detail
[1.394s] -- Up-to-date: /home/madhav/mrt_ws/install/aruco_interfaces/include/aruco_interfaces/aruco_interfaces/msg/detail/float64_multi_array__rosidl_typesupport_introspection_c.h
[1.395s] -- Up-to-date: /home/madhav/mrt_ws/install/aruco_interfaces/include/aruco_interfaces/aruco_interfaces/msg/detail/float64__type_support.c
[1.395s] -- Up-to-date: /home/madhav/mrt_ws/install/aruco_interfaces/include/aruco_interfaces/aruco_interfaces/msg/detail/image__rosidl_typesupport_introspection_c.h
[1.395s] -- Up-to-date: /home/madhav/mrt_ws/install/aruco_interfaces/include/aruco_interfaces/aruco_interfaces/msg/detail/image__type_support.c
[1.395s] -- Up-to-date: /home/madhav/mrt_ws/install/aruco_interfaces/include/aruco_interfaces/aruco_interfaces/msg/detail/float64__rosidl_typesupport_introspection_c.h
[1.395s] -- Up-to-date: /home/madhav/mrt_ws/install/aruco_interfaces/include/aruco_interfaces/aruco_interfaces/msg/detail/float64_multi_array__type_support.c
[1.395s] -- Up-to-date: /home/madhav/mrt_ws/install/aruco_interfaces/include/aruco_interfaces/aruco_interfaces/msg/rosidl_typesupport_introspection_c__visibility_control.h
[1.396s] -- Up-to-date: /home/madhav/mrt_ws/install/aruco_interfaces/include/aruco_interfaces/aruco_interfaces/srv
[1.396s] -- Up-to-date: /home/madhav/mrt_ws/install/aruco_interfaces/include/aruco_interfaces/aruco_interfaces/srv/detail
[1.396s] -- Up-to-date: /home/madhav/mrt_ws/install/aruco_interfaces/include/aruco_interfaces/aruco_interfaces/srv/detail/rrtpath__type_support.c
[1.396s] -- Up-to-date: /home/madhav/mrt_ws/install/aruco_interfaces/include/aruco_interfaces/aruco_interfaces/srv/detail/tagid__rosidl_typesupport_introspection_c.h
[1.396s] -- Up-to-date: /home/madhav/mrt_ws/install/aruco_interfaces/include/aruco_interfaces/aruco_interfaces/srv/detail/rrtpath__rosidl_typesupport_introspection_c.h
[1.396s] -- Up-to-date: /home/madhav/mrt_ws/install/aruco_interfaces/include/aruco_interfaces/aruco_interfaces/srv/detail/tagid__type_support.c
[1.397s] -- Up-to-date: /home/madhav/mrt_ws/install/aruco_interfaces/lib/libaruco_interfaces__rosidl_typesupport_introspection_c.so
[1.397s] -- Up-to-date: /home/madhav/mrt_ws/install/aruco_interfaces/lib/libaruco_interfaces__rosidl_typesupport_c.so
[1.397s] -- Up-to-date: /home/madhav/mrt_ws/install/aruco_interfaces/include/aruco_interfaces/aruco_interfaces
[1.397s] -- Up-to-date: /home/madhav/mrt_ws/install/aruco_interfaces/include/aruco_interfaces/aruco_interfaces/msg
[1.397s] -- Up-to-date: /home/madhav/mrt_ws/install/aruco_interfaces/include/aruco_interfaces/aruco_interfaces/msg/detail
[1.398s] -- Up-to-date: /home/madhav/mrt_ws/install/aruco_interfaces/include/aruco_interfaces/aruco_interfaces/msg/detail/float64_multi_array__builder.hpp
[1.398s] -- Up-to-date: /home/madhav/mrt_ws/install/aruco_interfaces/include/aruco_interfaces/aruco_interfaces/msg/detail/image__builder.hpp
[1.398s] -- Up-to-date: /home/madhav/mrt_ws/install/aruco_interfaces/include/aruco_interfaces/aruco_interfaces/msg/detail/image__traits.hpp
[1.398s] -- Up-to-date: /home/madhav/mrt_ws/install/aruco_interfaces/include/aruco_interfaces/aruco_interfaces/msg/detail/float64_multi_array__struct.hpp
[1.398s] -- Up-to-date: /home/madhav/mrt_ws/install/aruco_interfaces/include/aruco_interfaces/aruco_interfaces/msg/detail/float64__builder.hpp
[1.398s] -- Up-to-date: /home/madhav/mrt_ws/install/aruco_interfaces/include/aruco_interfaces/aruco_interfaces/msg/detail/float64_multi_array__traits.hpp
[1.398s] -- Up-to-date: /home/madhav/mrt_ws/install/aruco_interfaces/include/aruco_interfaces/aruco_interfaces/msg/detail/float64__struct.hpp
[1.399s] -- Up-to-date: /home/madhav/mrt_ws/install/aruco_interfaces/include/aruco_interfaces/aruco_interfaces/msg/detail/image__struct.hpp
[1.400s] -- Up-to-date: /home/madhav/mrt_ws/install/aruco_interfaces/include/aruco_interfaces/aruco_interfaces/msg/detail/float64__traits.hpp
[1.400s] -- Up-to-date: /home/madhav/mrt_ws/install/aruco_interfaces/include/aruco_interfaces/aruco_interfaces/msg/float64_multi_array.hpp
[1.400s] -- Up-to-date: /home/madhav/mrt_ws/install/aruco_interfaces/include/aruco_interfaces/aruco_interfaces/msg/float64.hpp
[1.400s] -- Up-to-date: /home/madhav/mrt_ws/install/aruco_interfaces/include/aruco_interfaces/aruco_interfaces/msg/image.hpp
[1.401s] -- Up-to-date: /home/madhav/mrt_ws/install/aruco_interfaces/include/aruco_interfaces/aruco_interfaces/srv
[1.401s] -- Up-to-date: /home/madhav/mrt_ws/install/aruco_interfaces/include/aruco_interfaces/aruco_interfaces/srv/tagid.hpp
[1.401s] -- Up-to-date: /home/madhav/mrt_ws/install/aruco_interfaces/include/aruco_interfaces/aruco_interfaces/srv/rrtpath.hpp
[1.401s] -- Up-to-date: /home/madhav/mrt_ws/install/aruco_interfaces/include/aruco_interfaces/aruco_interfaces/srv/detail
[1.401s] -- Up-to-date: /home/madhav/mrt_ws/install/aruco_interfaces/include/aruco_interfaces/aruco_interfaces/srv/detail/tagid__struct.hpp
[1.402s] -- Up-to-date: /home/madhav/mrt_ws/install/aruco_interfaces/include/aruco_interfaces/aruco_interfaces/srv/detail/rrtpath__traits.hpp
[1.402s] -- Up-to-date: /home/madhav/mrt_ws/install/aruco_interfaces/include/aruco_interfaces/aruco_interfaces/srv/detail/rrtpath__struct.hpp
[1.402s] -- Up-to-date: /home/madhav/mrt_ws/install/aruco_interfaces/include/aruco_interfaces/aruco_interfaces/srv/detail/rrtpath__builder.hpp
[1.402s] -- Up-to-date: /home/madhav/mrt_ws/install/aruco_interfaces/include/aruco_interfaces/aruco_interfaces/srv/detail/tagid__traits.hpp
[1.402s] -- Up-to-date: /home/madhav/mrt_ws/install/aruco_interfaces/include/aruco_interfaces/aruco_interfaces/srv/detail/tagid__builder.hpp
[1.403s] -- Up-to-date: /home/madhav/mrt_ws/install/aruco_interfaces/include/aruco_interfaces/aruco_interfaces
[1.403s] -- Up-to-date: /home/madhav/mrt_ws/install/aruco_interfaces/include/aruco_interfaces/aruco_interfaces/msg
[1.403s] -- Up-to-date: /home/madhav/mrt_ws/install/aruco_interfaces/include/aruco_interfaces/aruco_interfaces/msg/detail
[1.403s] -- Up-to-date: /home/madhav/mrt_ws/install/aruco_interfaces/include/aruco_interfaces/aruco_interfaces/msg/detail/dds_fastrtps
[1.403s] -- Up-to-date: /home/madhav/mrt_ws/install/aruco_interfaces/include/aruco_interfaces/aruco_interfaces/msg/detail/image__rosidl_typesupport_fastrtps_cpp.hpp
[1.403s] -- Up-to-date: /home/madhav/mrt_ws/install/aruco_interfaces/include/aruco_interfaces/aruco_interfaces/msg/detail/float64__rosidl_typesupport_fastrtps_cpp.hpp
[1.404s] -- Up-to-date: /home/madhav/mrt_ws/install/aruco_interfaces/include/aruco_interfaces/aruco_interfaces/msg/detail/float64_multi_array__rosidl_typesupport_fastrtps_cpp.hpp
[1.404s] -- Up-to-date: /home/madhav/mrt_ws/install/aruco_interfaces/include/aruco_interfaces/aruco_interfaces/msg/rosidl_typesupport_fastrtps_cpp__visibility_control.h
[1.404s] -- Up-to-date: /home/madhav/mrt_ws/install/aruco_interfaces/include/aruco_interfaces/aruco_interfaces/srv
[1.404s] -- Up-to-date: /home/madhav/mrt_ws/install/aruco_interfaces/include/aruco_interfaces/aruco_interfaces/srv/detail
[1.405s] -- Up-to-date: /home/madhav/mrt_ws/install/aruco_interfaces/include/aruco_interfaces/aruco_interfaces/srv/detail/dds_fastrtps
[1.405s] -- Up-to-date: /home/madhav/mrt_ws/install/aruco_interfaces/include/aruco_interfaces/aruco_interfaces/srv/detail/tagid__rosidl_typesupport_fastrtps_cpp.hpp
[1.405s] -- Up-to-date: /home/madhav/mrt_ws/install/aruco_interfaces/include/aruco_interfaces/aruco_interfaces/srv/detail/rrtpath__rosidl_typesupport_fastrtps_cpp.hpp
[1.405s] -- Up-to-date: /home/madhav/mrt_ws/install/aruco_interfaces/lib/libaruco_interfaces__rosidl_typesupport_fastrtps_cpp.so
[1.405s] -- Up-to-date: /home/madhav/mrt_ws/install/aruco_interfaces/include/aruco_interfaces/aruco_interfaces
[1.405s] -- Up-to-date: /home/madhav/mrt_ws/install/aruco_interfaces/include/aruco_interfaces/aruco_interfaces/msg
[1.406s] -- Up-to-date: /home/madhav/mrt_ws/install/aruco_interfaces/include/aruco_interfaces/aruco_interfaces/msg/detail
[1.406s] -- Up-to-date: /home/madhav/mrt_ws/install/aruco_interfaces/include/aruco_interfaces/aruco_interfaces/msg/detail/image__type_support.cpp
[1.406s] -- Up-to-date: /home/madhav/mrt_ws/install/aruco_interfaces/include/aruco_interfaces/aruco_interfaces/msg/detail/float64__rosidl_typesupport_introspection_cpp.hpp
[1.406s] -- Up-to-date: /home/madhav/mrt_ws/install/aruco_interfaces/include/aruco_interfaces/aruco_interfaces/msg/detail/image__rosidl_typesupport_introspection_cpp.hpp
[1.406s] -- Up-to-date: /home/madhav/mrt_ws/install/aruco_interfaces/include/aruco_interfaces/aruco_interfaces/msg/detail/float64_multi_array__type_support.cpp
[1.406s] -- Up-to-date: /home/madhav/mrt_ws/install/aruco_interfaces/include/aruco_interfaces/aruco_interfaces/msg/detail/float64_multi_array__rosidl_typesupport_introspection_cpp.hpp
[1.407s] -- Up-to-date: /home/madhav/mrt_ws/install/aruco_interfaces/include/aruco_interfaces/aruco_interfaces/msg/detail/float64__type_support.cpp
[1.407s] -- Up-to-date: /home/madhav/mrt_ws/install/aruco_interfaces/include/aruco_interfaces/aruco_interfaces/srv
[1.407s] -- Up-to-date: /home/madhav/mrt_ws/install/aruco_interfaces/include/aruco_interfaces/aruco_interfaces/srv/detail
[1.407s] -- Up-to-date: /home/madhav/mrt_ws/install/aruco_interfaces/include/aruco_interfaces/aruco_interfaces/srv/detail/rrtpath__type_support.cpp
[1.407s] -- Up-to-date: /home/madhav/mrt_ws/install/aruco_interfaces/include/aruco_interfaces/aruco_interfaces/srv/detail/tagid__rosidl_typesupport_introspection_cpp.hpp
[1.408s] -- Up-to-date: /home/madhav/mrt_ws/install/aruco_interfaces/include/aruco_interfaces/aruco_interfaces/srv/detail/tagid__type_support.cpp
[1.408s] -- Up-to-date: /home/madhav/mrt_ws/install/aruco_interfaces/include/aruco_interfaces/aruco_interfaces/srv/detail/rrtpath__rosidl_typesupport_introspection_cpp.hpp
[1.408s] -- Up-to-date: /home/madhav/mrt_ws/install/aruco_interfaces/lib/libaruco_interfaces__rosidl_typesupport_introspection_cpp.so
[1.408s] -- Up-to-date: /home/madhav/mrt_ws/install/aruco_interfaces/lib/libaruco_interfaces__rosidl_typesupport_cpp.so
[1.408s] -- Up-to-date: /home/madhav/mrt_ws/install/aruco_interfaces/share/aruco_interfaces/environment/pythonpath.sh
[1.408s] -- Up-to-date: /home/madhav/mrt_ws/install/aruco_interfaces/share/aruco_interfaces/environment/pythonpath.dsv
[1.409s] -- Up-to-date: /home/madhav/mrt_ws/install/aruco_interfaces/local/lib/python3.10/dist-packages/aruco_interfaces-0.0.0-py3.10.egg-info
[1.409s] -- Installing: /home/madhav/mrt_ws/install/aruco_interfaces/local/lib/python3.10/dist-packages/aruco_interfaces-0.0.0-py3.10.egg-info/SOURCES.txt
[1.409s] -- Installing: /home/madhav/mrt_ws/install/aruco_interfaces/local/lib/python3.10/dist-packages/aruco_interfaces-0.0.0-py3.10.egg-info/PKG-INFO
[1.409s] -- Installing: /home/madhav/mrt_ws/install/aruco_interfaces/local/lib/python3.10/dist-packages/aruco_interfaces-0.0.0-py3.10.egg-info/top_level.txt
[1.409s] -- Installing: /home/madhav/mrt_ws/install/aruco_interfaces/local/lib/python3.10/dist-packages/aruco_interfaces-0.0.0-py3.10.egg-info/dependency_links.txt
[1.409s] -- Up-to-date: /home/madhav/mrt_ws/install/aruco_interfaces/local/lib/python3.10/dist-packages/aruco_interfaces
[1.410s] -- Up-to-date: /home/madhav/mrt_ws/install/aruco_interfaces/local/lib/python3.10/dist-packages/aruco_interfaces/_aruco_interfaces_s.ep.rosidl_typesupport_introspection_c.c
[1.410s] -- Up-to-date: /home/madhav/mrt_ws/install/aruco_interfaces/local/lib/python3.10/dist-packages/aruco_interfaces/libaruco_interfaces__rosidl_generator_py.so
[1.410s] -- Up-to-date: /home/madhav/mrt_ws/install/aruco_interfaces/local/lib/python3.10/dist-packages/aruco_interfaces/msg
[1.410s] -- Up-to-date: /home/madhav/mrt_ws/install/aruco_interfaces/local/lib/python3.10/dist-packages/aruco_interfaces/msg/_image.py
[1.410s] -- Up-to-date: /home/madhav/mrt_ws/install/aruco_interfaces/local/lib/python3.10/dist-packages/aruco_interfaces/msg/_float64_s.c
[1.411s] -- Up-to-date: /home/madhav/mrt_ws/install/aruco_interfaces/local/lib/python3.10/dist-packages/aruco_interfaces/msg/__init__.py
[1.411s] -- Up-to-date: /home/madhav/mrt_ws/install/aruco_interfaces/local/lib/python3.10/dist-packages/aruco_interfaces/msg/_image_s.c
[1.411s] -- Up-to-date: /home/madhav/mrt_ws/install/aruco_interfaces/local/lib/python3.10/dist-packages/aruco_interfaces/msg/_float64_multi_array.py
[1.411s] -- Up-to-date: /home/madhav/mrt_ws/install/aruco_interfaces/local/lib/python3.10/dist-packages/aruco_interfaces/msg/_float64.py
[1.411s] -- Up-to-date: /home/madhav/mrt_ws/install/aruco_interfaces/local/lib/python3.10/dist-packages/aruco_interfaces/msg/_float64_multi_array_s.c
[1.411s] -- Up-to-date: /home/madhav/mrt_ws/install/aruco_interfaces/local/lib/python3.10/dist-packages/aruco_interfaces/aruco_interfaces_s__rosidl_typesupport_c.cpython-310-x86_64-linux-gnu.so
[1.411s] -- Up-to-date: /home/madhav/mrt_ws/install/aruco_interfaces/local/lib/python3.10/dist-packages/aruco_interfaces/_aruco_interfaces_s.ep.rosidl_typesupport_fastrtps_c.c
[1.412s] -- Up-to-date: /home/madhav/mrt_ws/install/aruco_interfaces/local/lib/python3.10/dist-packages/aruco_interfaces/__init__.py
[1.413s] -- Up-to-date: /home/madhav/mrt_ws/install/aruco_interfaces/local/lib/python3.10/dist-packages/aruco_interfaces/srv
[1.413s] -- Up-to-date: /home/madhav/mrt_ws/install/aruco_interfaces/local/lib/python3.10/dist-packages/aruco_interfaces/srv/__init__.py
[1.413s] -- Up-to-date: /home/madhav/mrt_ws/install/aruco_interfaces/local/lib/python3.10/dist-packages/aruco_interfaces/srv/_tagid.py
[1.413s] -- Up-to-date: /home/madhav/mrt_ws/install/aruco_interfaces/local/lib/python3.10/dist-packages/aruco_interfaces/srv/_rrtpath_s.c
[1.413s] -- Up-to-date: /home/madhav/mrt_ws/install/aruco_interfaces/local/lib/python3.10/dist-packages/aruco_interfaces/srv/_tagid_s.c
[1.414s] -- Up-to-date: /home/madhav/mrt_ws/install/aruco_interfaces/local/lib/python3.10/dist-packages/aruco_interfaces/srv/_rrtpath.py
[1.414s] -- Up-to-date: /home/madhav/mrt_ws/install/aruco_interfaces/local/lib/python3.10/dist-packages/aruco_interfaces/_aruco_interfaces_s.ep.rosidl_typesupport_c.c
[1.414s] -- Up-to-date: /home/madhav/mrt_ws/install/aruco_interfaces/local/lib/python3.10/dist-packages/aruco_interfaces/aruco_interfaces_s__rosidl_typesupport_fastrtps_c.cpython-310-x86_64-linux-gnu.so
[1.414s] -- Up-to-date: /home/madhav/mrt_ws/install/aruco_interfaces/local/lib/python3.10/dist-packages/aruco_interfaces/aruco_interfaces_s__rosidl_typesupport_introspection_c.cpython-310-x86_64-linux-gnu.so
[1.492s] Listing '/home/madhav/mrt_ws/install/aruco_interfaces/local/lib/python3.10/dist-packages/aruco_interfaces'...
[1.492s] Listing '/home/madhav/mrt_ws/install/aruco_interfaces/local/lib/python3.10/dist-packages/aruco_interfaces/msg'...
[1.492s] Listing '/home/madhav/mrt_ws/install/aruco_interfaces/local/lib/python3.10/dist-packages/aruco_interfaces/srv'...
[1.503s] -- Up-to-date: /home/madhav/mrt_ws/install/aruco_interfaces/local/lib/python3.10/dist-packages/aruco_interfaces/aruco_interfaces_s__rosidl_typesupport_fastrtps_c.cpython-310-x86_64-linux-gnu.so
[1.504s] -- Up-to-date: /home/madhav/mrt_ws/install/aruco_interfaces/local/lib/python3.10/dist-packages/aruco_interfaces/aruco_interfaces_s__rosidl_typesupport_introspection_c.cpython-310-x86_64-linux-gnu.so
[1.504s] -- Up-to-date: /home/madhav/mrt_ws/install/aruco_interfaces/local/lib/python3.10/dist-packages/aruco_interfaces/aruco_interfaces_s__rosidl_typesupport_c.cpython-310-x86_64-linux-gnu.so
[1.505s] -- Up-to-date: /home/madhav/mrt_ws/install/aruco_interfaces/lib/libaruco_interfaces__rosidl_generator_py.so
[1.505s] -- Up-to-date: /home/madhav/mrt_ws/install/aruco_interfaces/share/aruco_interfaces/msg/Float64.idl
[1.506s] -- Up-to-date: /home/madhav/mrt_ws/install/aruco_interfaces/share/aruco_interfaces/msg/Float64MultiArray.idl
[1.506s] -- Up-to-date: /home/madhav/mrt_ws/install/aruco_interfaces/share/aruco_interfaces/msg/Image.idl
[1.506s] -- Up-to-date: /home/madhav/mrt_ws/install/aruco_interfaces/share/aruco_interfaces/srv/Tagid.idl
[1.507s] -- Up-to-date: /home/madhav/mrt_ws/install/aruco_interfaces/share/aruco_interfaces/srv/Rrtpath.idl
[1.507s] -- Up-to-date: /home/madhav/mrt_ws/install/aruco_interfaces/share/aruco_interfaces/msg/Float64.msg
[1.507s] -- Up-to-date: /home/madhav/mrt_ws/install/aruco_interfaces/share/aruco_interfaces/msg/Float64MultiArray.msg
[1.507s] -- Up-to-date: /home/madhav/mrt_ws/install/aruco_interfaces/share/aruco_interfaces/msg/Image.msg
[1.507s] -- Up-to-date: /home/madhav/mrt_ws/install/aruco_interfaces/share/aruco_interfaces/srv/Tagid.srv
[1.507s] -- Up-to-date: /home/madhav/mrt_ws/install/aruco_interfaces/share/aruco_interfaces/srv/Tagid_Request.msg
[1.508s] -- Up-to-date: /home/madhav/mrt_ws/install/aruco_interfaces/share/aruco_interfaces/srv/Tagid_Response.msg
[1.508s] -- Up-to-date: /home/madhav/mrt_ws/install/aruco_interfaces/share/aruco_interfaces/srv/Rrtpath.srv
[1.508s] -- Up-to-date: /home/madhav/mrt_ws/install/aruco_interfaces/share/aruco_interfaces/srv/Rrtpath_Request.msg
[1.508s] -- Up-to-date: /home/madhav/mrt_ws/install/aruco_interfaces/share/aruco_interfaces/srv/Rrtpath_Response.msg
[1.508s] -- Up-to-date: /home/madhav/mrt_ws/install/aruco_interfaces/share/ament_index/resource_index/package_run_dependencies/aruco_interfaces
[1.508s] -- Up-to-date: /home/madhav/mrt_ws/install/aruco_interfaces/share/ament_index/resource_index/parent_prefix_path/aruco_interfaces
[1.508s] -- Up-to-date: /home/madhav/mrt_ws/install/aruco_interfaces/share/aruco_interfaces/environment/ament_prefix_path.sh
[1.508s] -- Up-to-date: /home/madhav/mrt_ws/install/aruco_interfaces/share/aruco_interfaces/environment/ament_prefix_path.dsv
[1.509s] -- Up-to-date: /home/madhav/mrt_ws/install/aruco_interfaces/share/aruco_interfaces/environment/path.sh
[1.509s] -- Up-to-date: /home/madhav/mrt_ws/install/aruco_interfaces/share/aruco_interfaces/environment/path.dsv
[1.509s] -- Up-to-date: /home/madhav/mrt_ws/install/aruco_interfaces/share/aruco_interfaces/local_setup.bash
[1.509s] -- Up-to-date: /home/madhav/mrt_ws/install/aruco_interfaces/share/aruco_interfaces/local_setup.sh
[1.509s] -- Up-to-date: /home/madhav/mrt_ws/install/aruco_interfaces/share/aruco_interfaces/local_setup.zsh
[1.509s] -- Up-to-date: /home/madhav/mrt_ws/install/aruco_interfaces/share/aruco_interfaces/local_setup.dsv
[1.509s] -- Installing: /home/madhav/mrt_ws/install/aruco_interfaces/share/aruco_interfaces/package.dsv
[1.509s] -- Up-to-date: /home/madhav/mrt_ws/install/aruco_interfaces/share/ament_index/resource_index/packages/aruco_interfaces
[1.509s] -- Up-to-date: /home/madhav/mrt_ws/install/aruco_interfaces/share/aruco_interfaces/cmake/export_aruco_interfaces__rosidl_generator_cExport.cmake
[1.509s] -- Up-to-date: /home/madhav/mrt_ws/install/aruco_interfaces/share/aruco_interfaces/cmake/export_aruco_interfaces__rosidl_generator_cExport-noconfig.cmake
[1.510s] -- Up-to-date: /home/madhav/mrt_ws/install/aruco_interfaces/share/aruco_interfaces/cmake/export_aruco_interfaces__rosidl_typesupport_fastrtps_cExport.cmake
[1.510s] -- Up-to-date: /home/madhav/mrt_ws/install/aruco_interfaces/share/aruco_interfaces/cmake/export_aruco_interfaces__rosidl_typesupport_fastrtps_cExport-noconfig.cmake
[1.511s] -- Up-to-date: /home/madhav/mrt_ws/install/aruco_interfaces/share/aruco_interfaces/cmake/aruco_interfaces__rosidl_typesupport_introspection_cExport.cmake
[1.511s] -- Up-to-date: /home/madhav/mrt_ws/install/aruco_interfaces/share/aruco_interfaces/cmake/aruco_interfaces__rosidl_typesupport_introspection_cExport-noconfig.cmake
[1.512s] -- Up-to-date: /home/madhav/mrt_ws/install/aruco_interfaces/share/aruco_interfaces/cmake/aruco_interfaces__rosidl_typesupport_cExport.cmake
[1.512s] -- Up-to-date: /home/madhav/mrt_ws/install/aruco_interfaces/share/aruco_interfaces/cmake/aruco_interfaces__rosidl_typesupport_cExport-noconfig.cmake
[1.512s] -- Up-to-date: /home/madhav/mrt_ws/install/aruco_interfaces/share/aruco_interfaces/cmake/export_aruco_interfaces__rosidl_generator_cppExport.cmake
[1.513s] -- Up-to-date: /home/madhav/mrt_ws/install/aruco_interfaces/share/aruco_interfaces/cmake/export_aruco_interfaces__rosidl_typesupport_fastrtps_cppExport.cmake
[1.513s] -- Up-to-date: /home/madhav/mrt_ws/install/aruco_interfaces/share/aruco_interfaces/cmake/export_aruco_interfaces__rosidl_typesupport_fastrtps_cppExport-noconfig.cmake
[1.513s] -- Up-to-date: /home/madhav/mrt_ws/install/aruco_interfaces/share/aruco_interfaces/cmake/aruco_interfaces__rosidl_typesupport_introspection_cppExport.cmake
[1.513s] -- Up-to-date: /home/madhav/mrt_ws/install/aruco_interfaces/share/aruco_interfaces/cmake/aruco_interfaces__rosidl_typesupport_introspection_cppExport-noconfig.cmake
[1.513s] -- Up-to-date: /home/madhav/mrt_ws/install/aruco_interfaces/share/aruco_interfaces/cmake/aruco_interfaces__rosidl_typesupport_cppExport.cmake
[1.514s] -- Up-to-date: /home/madhav/mrt_ws/install/aruco_interfaces/share/aruco_interfaces/cmake/aruco_interfaces__rosidl_typesupport_cppExport-noconfig.cmake
[1.514s] -- Up-to-date: /home/madhav/mrt_ws/install/aruco_interfaces/share/aruco_interfaces/cmake/export_aruco_interfaces__rosidl_generator_pyExport.cmake
[1.514s] -- Up-to-date: /home/madhav/mrt_ws/install/aruco_interfaces/share/aruco_interfaces/cmake/export_aruco_interfaces__rosidl_generator_pyExport-noconfig.cmake
[1.514s] -- Up-to-date: /home/madhav/mrt_ws/install/aruco_interfaces/share/aruco_interfaces/cmake/rosidl_cmake-extras.cmake
[1.514s] -- Up-to-date: /home/madhav/mrt_ws/install/aruco_interfaces/share/aruco_interfaces/cmake/ament_cmake_export_dependencies-extras.cmake
[1.515s] -- Up-to-date: /home/madhav/mrt_ws/install/aruco_interfaces/share/aruco_interfaces/cmake/ament_cmake_export_include_directories-extras.cmake
[1.515s] -- Up-to-date: /home/madhav/mrt_ws/install/aruco_interfaces/share/aruco_interfaces/cmake/ament_cmake_export_libraries-extras.cmake
[1.515s] -- Up-to-date: /home/madhav/mrt_ws/install/aruco_interfaces/share/aruco_interfaces/cmake/ament_cmake_export_targets-extras.cmake
[1.515s] -- Up-to-date: /home/madhav/mrt_ws/install/aruco_interfaces/share/aruco_interfaces/cmake/rosidl_cmake_export_typesupport_targets-extras.cmake
[1.515s] -- Up-to-date: /home/madhav/mrt_ws/install/aruco_interfaces/share/aruco_interfaces/cmake/rosidl_cmake_export_typesupport_libraries-extras.cmake
[1.515s] -- Up-to-date: /home/madhav/mrt_ws/install/aruco_interfaces/share/aruco_interfaces/cmake/aruco_interfacesConfig.cmake
[1.516s] -- Up-to-date: /home/madhav/mrt_ws/install/aruco_interfaces/share/aruco_interfaces/cmake/aruco_interfacesConfig-version.cmake
[1.516s] -- Up-to-date: /home/madhav/mrt_ws/install/aruco_interfaces/share/aruco_interfaces/package.xml
[1.521s] Invoked command in '/home/madhav/mrt_ws/build/aruco_interfaces' returned '0': CMAKE_PREFIX_PATH=${CMAKE_PREFIX_PATH}:/home/madhav/mrt_ws/install/aruco_markers:/home/madhav/erc_ws/install/week1_tutorials:/home/madhav/erc_ws/install/week0_tutorials:/home/madhav/erc_ws/install/sherlock:/opt/ros/humble /usr/bin/cmake --install /home/madhav/mrt_ws/build/aruco_interfaces
