[0.480s] DEBUG:colcon:Command line arguments: ['/usr/bin/colcon', 'build']
[0.480s] DEBUG:colcon:Parsed command line arguments: Namespace(log_base=None, log_level=None, verb_name='build', build_base='build', install_base='install', merge_install=False, symlink_install=False, test_result_base=None, continue_on_error=False, executor='parallel', parallel_workers=12, event_handlers=None, ignore_user_meta=False, metas=['./colcon.meta'], base_paths=['.'], packages_ignore=None, packages_ignore_regex=None, paths=None, packages_up_to=None, packages_up_to_regex=None, packages_above=None, packages_above_and_dependencies=None, packages_above_depth=None, packages_select_by_dep=None, packages_skip_by_dep=None, packages_skip_up_to=None, packages_select_build_failed=False, packages_skip_build_finished=False, packages_select_test_failures=False, packages_skip_test_passed=False, packages_select=None, packages_skip=None, packages_select_regex=None, packages_skip_regex=None, packages_start=None, packages_end=None, allow_overriding=[], cmake_args=None, cmake_target=None, cmake_target_skip_unavailable=False, cmake_clean_cache=False, cmake_clean_first=False, cmake_force_configure=False, ament_cmake_args=None, catkin_cmake_args=None, catkin_skip_building_tests=False, verb_parser=<colcon_defaults.argument_parser.defaults.DefaultArgumentsDecorator object at 0x7fa474463610>, verb_extension=<colcon_core.verb.build.BuildVerb object at 0x7fa47474c1f0>, main=<bound method BuildVerb.main of <colcon_core.verb.build.BuildVerb object at 0x7fa47474c1f0>>)
[0.502s] Level 1:colcon.colcon_core.package_discovery:discover_packages(colcon_meta) check parameters
[0.503s] Level 1:colcon.colcon_core.package_discovery:discover_packages(recursive) check parameters
[0.503s] Level 1:colcon.colcon_core.package_discovery:discover_packages(ignore) check parameters
[0.503s] Level 1:colcon.colcon_core.package_discovery:discover_packages(path) check parameters
[0.503s] Level 1:colcon.colcon_core.package_discovery:discover_packages(colcon_meta) discover
[0.503s] Level 1:colcon.colcon_core.package_discovery:discover_packages(recursive) discover
[0.503s] INFO:colcon.colcon_core.package_discovery:Crawling recursively for packages in '/home/madhav/mrt_ws'
[0.503s] Level 1:colcon.colcon_core.package_identification:_identify(.) by extensions ['ignore', 'ignore_ament_install']
[0.503s] Level 1:colcon.colcon_core.package_identification:_identify(.) by extension 'ignore'
[0.503s] Level 1:colcon.colcon_core.package_identification:_identify(.) by extension 'ignore_ament_install'
[0.503s] Level 1:colcon.colcon_core.package_identification:_identify(.) by extensions ['colcon_pkg']
[0.503s] Level 1:colcon.colcon_core.package_identification:_identify(.) by extension 'colcon_pkg'
[0.503s] Level 1:colcon.colcon_core.package_identification:_identify(.) by extensions ['colcon_meta']
[0.503s] Level 1:colcon.colcon_core.package_identification:_identify(.) by extension 'colcon_meta'
[0.503s] Level 1:colcon.colcon_core.package_identification:_identify(.) by extensions ['ros']
[0.503s] Level 1:colcon.colcon_core.package_identification:_identify(.) by extension 'ros'
[0.510s] Level 1:colcon.colcon_core.package_identification:_identify(.) by extensions ['cmake', 'python']
[0.510s] Level 1:colcon.colcon_core.package_identification:_identify(.) by extension 'cmake'
[0.510s] Level 1:colcon.colcon_core.package_identification:_identify(.) by extension 'python'
[0.510s] Level 1:colcon.colcon_core.package_identification:_identify(.) by extensions ['python_setup_py']
[0.510s] Level 1:colcon.colcon_core.package_identification:_identify(.) by extension 'python_setup_py'
[0.510s] Level 1:colcon.colcon_core.package_identification:_identify(build) by extensions ['ignore', 'ignore_ament_install']
[0.510s] Level 1:colcon.colcon_core.package_identification:_identify(build) by extension 'ignore'
[0.510s] Level 1:colcon.colcon_core.package_identification:_identify(build) ignored
[0.510s] Level 1:colcon.colcon_core.package_identification:_identify(install) by extensions ['ignore', 'ignore_ament_install']
[0.510s] Level 1:colcon.colcon_core.package_identification:_identify(install) by extension 'ignore'
[0.510s] Level 1:colcon.colcon_core.package_identification:_identify(install) ignored
[0.510s] Level 1:colcon.colcon_core.package_identification:_identify(log) by extensions ['ignore', 'ignore_ament_install']
[0.510s] Level 1:colcon.colcon_core.package_identification:_identify(log) by extension 'ignore'
[0.510s] Level 1:colcon.colcon_core.package_identification:_identify(log) ignored
[0.510s] Level 1:colcon.colcon_core.package_identification:_identify(src) by extensions ['ignore', 'ignore_ament_install']
[0.510s] Level 1:colcon.colcon_core.package_identification:_identify(src) by extension 'ignore'
[0.510s] Level 1:colcon.colcon_core.package_identification:_identify(src) by extension 'ignore_ament_install'
[0.510s] Level 1:colcon.colcon_core.package_identification:_identify(src) by extensions ['colcon_pkg']
[0.510s] Level 1:colcon.colcon_core.package_identification:_identify(src) by extension 'colcon_pkg'
[0.510s] Level 1:colcon.colcon_core.package_identification:_identify(src) by extensions ['colcon_meta']
[0.510s] Level 1:colcon.colcon_core.package_identification:_identify(src) by extension 'colcon_meta'
[0.510s] Level 1:colcon.colcon_core.package_identification:_identify(src) by extensions ['ros']
[0.510s] Level 1:colcon.colcon_core.package_identification:_identify(src) by extension 'ros'
[0.510s] Level 1:colcon.colcon_core.package_identification:_identify(src) by extensions ['cmake', 'python']
[0.510s] Level 1:colcon.colcon_core.package_identification:_identify(src) by extension 'cmake'
[0.510s] Level 1:colcon.colcon_core.package_identification:_identify(src) by extension 'python'
[0.510s] Level 1:colcon.colcon_core.package_identification:_identify(src) by extensions ['python_setup_py']
[0.510s] Level 1:colcon.colcon_core.package_identification:_identify(src) by extension 'python_setup_py'
[0.511s] Level 1:colcon.colcon_core.package_identification:_identify(src/aruco_interfaces) by extensions ['ignore', 'ignore_ament_install']
[0.511s] Level 1:colcon.colcon_core.package_identification:_identify(src/aruco_interfaces) by extension 'ignore'
[0.511s] Level 1:colcon.colcon_core.package_identification:_identify(src/aruco_interfaces) by extension 'ignore_ament_install'
[0.511s] Level 1:colcon.colcon_core.package_identification:_identify(src/aruco_interfaces) by extensions ['colcon_pkg']
[0.511s] Level 1:colcon.colcon_core.package_identification:_identify(src/aruco_interfaces) by extension 'colcon_pkg'
[0.511s] Level 1:colcon.colcon_core.package_identification:_identify(src/aruco_interfaces) by extensions ['colcon_meta']
[0.511s] Level 1:colcon.colcon_core.package_identification:_identify(src/aruco_interfaces) by extension 'colcon_meta'
[0.511s] Level 1:colcon.colcon_core.package_identification:_identify(src/aruco_interfaces) by extensions ['ros']
[0.511s] Level 1:colcon.colcon_core.package_identification:_identify(src/aruco_interfaces) by extension 'ros'
[0.512s] DEBUG:colcon.colcon_core.package_identification:Package 'src/aruco_interfaces' with type 'ros.ament_cmake' and name 'aruco_interfaces'
[0.513s] Level 1:colcon.colcon_core.package_identification:_identify(src/aruco_markers) by extensions ['ignore', 'ignore_ament_install']
[0.513s] Level 1:colcon.colcon_core.package_identification:_identify(src/aruco_markers) by extension 'ignore'
[0.513s] Level 1:colcon.colcon_core.package_identification:_identify(src/aruco_markers) by extension 'ignore_ament_install'
[0.513s] Level 1:colcon.colcon_core.package_identification:_identify(src/aruco_markers) by extensions ['colcon_pkg']
[0.513s] Level 1:colcon.colcon_core.package_identification:_identify(src/aruco_markers) by extension 'colcon_pkg'
[0.513s] Level 1:colcon.colcon_core.package_identification:_identify(src/aruco_markers) by extensions ['colcon_meta']
[0.513s] Level 1:colcon.colcon_core.package_identification:_identify(src/aruco_markers) by extension 'colcon_meta'
[0.513s] Level 1:colcon.colcon_core.package_identification:_identify(src/aruco_markers) by extensions ['ros']
[0.513s] Level 1:colcon.colcon_core.package_identification:_identify(src/aruco_markers) by extension 'ros'
[0.513s] DEBUG:colcon.colcon_core.package_identification:Package 'src/aruco_markers' with type 'ros.ament_python' and name 'aruco_markers'
[0.513s] Level 1:colcon.colcon_core.package_discovery:discover_packages(recursive) using defaults
[0.513s] Level 1:colcon.colcon_core.package_discovery:discover_packages(ignore) discover
[0.513s] Level 1:colcon.colcon_core.package_discovery:discover_packages(ignore) using defaults
[0.513s] Level 1:colcon.colcon_core.package_discovery:discover_packages(path) discover
[0.513s] Level 1:colcon.colcon_core.package_discovery:discover_packages(path) using defaults
[0.556s] Level 1:colcon.colcon_core.package_discovery:discover_packages(prefix_path) check parameters
[0.557s] Level 1:colcon.colcon_core.package_discovery:discover_packages(prefix_path) discover
[0.570s] DEBUG:colcon.colcon_installed_package_information.package_discovery:Found 2 installed packages in /home/madhav/mrt_ws/install
[0.576s] DEBUG:colcon.colcon_installed_package_information.package_discovery:Found 3 installed packages in /home/madhav/erc_ws/install
[0.583s] DEBUG:colcon.colcon_installed_package_information.package_discovery:Found 270 installed packages in /opt/ros/humble
[0.583s] Level 1:colcon.colcon_core.package_discovery:discover_packages(prefix_path) using defaults
[0.627s] Level 5:colcon.colcon_core.verb:set package 'aruco_interfaces' build argument 'cmake_args' from command line to 'None'
[0.627s] Level 5:colcon.colcon_core.verb:set package 'aruco_interfaces' build argument 'cmake_target' from command line to 'None'
[0.627s] Level 5:colcon.colcon_core.verb:set package 'aruco_interfaces' build argument 'cmake_target_skip_unavailable' from command line to 'False'
[0.627s] Level 5:colcon.colcon_core.verb:set package 'aruco_interfaces' build argument 'cmake_clean_cache' from command line to 'False'
[0.627s] Level 5:colcon.colcon_core.verb:set package 'aruco_interfaces' build argument 'cmake_clean_first' from command line to 'False'
[0.627s] Level 5:colcon.colcon_core.verb:set package 'aruco_interfaces' build argument 'cmake_force_configure' from command line to 'False'
[0.627s] Level 5:colcon.colcon_core.verb:set package 'aruco_interfaces' build argument 'ament_cmake_args' from command line to 'None'
[0.627s] Level 5:colcon.colcon_core.verb:set package 'aruco_interfaces' build argument 'catkin_cmake_args' from command line to 'None'
[0.627s] Level 5:colcon.colcon_core.verb:set package 'aruco_interfaces' build argument 'catkin_skip_building_tests' from command line to 'False'
[0.627s] DEBUG:colcon.colcon_core.verb:Building package 'aruco_interfaces' with the following arguments: {'ament_cmake_args': None, 'build_base': '/home/madhav/mrt_ws/build/aruco_interfaces', 'catkin_cmake_args': None, 'catkin_skip_building_tests': False, 'cmake_args': None, 'cmake_clean_cache': False, 'cmake_clean_first': False, 'cmake_force_configure': False, 'cmake_target': None, 'cmake_target_skip_unavailable': False, 'install_base': '/home/madhav/mrt_ws/install/aruco_interfaces', 'merge_install': False, 'path': '/home/madhav/mrt_ws/src/aruco_interfaces', 'symlink_install': False, 'test_result_base': None}
[0.633s] Level 5:colcon.colcon_core.verb:set package 'aruco_markers' build argument 'cmake_args' from command line to 'None'
[0.634s] Level 5:colcon.colcon_core.verb:set package 'aruco_markers' build argument 'cmake_target' from command line to 'None'
[0.634s] Level 5:colcon.colcon_core.verb:set package 'aruco_markers' build argument 'cmake_target_skip_unavailable' from command line to 'False'
[0.634s] Level 5:colcon.colcon_core.verb:set package 'aruco_markers' build argument 'cmake_clean_cache' from command line to 'False'
[0.634s] Level 5:colcon.colcon_core.verb:set package 'aruco_markers' build argument 'cmake_clean_first' from command line to 'False'
[0.634s] Level 5:colcon.colcon_core.verb:set package 'aruco_markers' build argument 'cmake_force_configure' from command line to 'False'
[0.634s] Level 5:colcon.colcon_core.verb:set package 'aruco_markers' build argument 'ament_cmake_args' from command line to 'None'
[0.634s] Level 5:colcon.colcon_core.verb:set package 'aruco_markers' build argument 'catkin_cmake_args' from command line to 'None'
[0.634s] Level 5:colcon.colcon_core.verb:set package 'aruco_markers' build argument 'catkin_skip_building_tests' from command line to 'False'
[0.634s] DEBUG:colcon.colcon_core.verb:Building package 'aruco_markers' with the following arguments: {'ament_cmake_args': None, 'build_base': '/home/madhav/mrt_ws/build/aruco_markers', 'catkin_cmake_args': None, 'catkin_skip_building_tests': False, 'cmake_args': None, 'cmake_clean_cache': False, 'cmake_clean_first': False, 'cmake_force_configure': False, 'cmake_target': None, 'cmake_target_skip_unavailable': False, 'install_base': '/home/madhav/mrt_ws/install/aruco_markers', 'merge_install': False, 'path': '/home/madhav/mrt_ws/src/aruco_markers', 'symlink_install': False, 'test_result_base': None}
[0.640s] INFO:colcon.colcon_core.executor:Executing jobs using 'parallel' executor
[0.646s] DEBUG:colcon.colcon_parallel_executor.executor.parallel:run_until_complete
[0.647s] INFO:colcon.colcon_ros.task.ament_cmake.build:Building ROS package in '/home/madhav/mrt_ws/src/aruco_interfaces' with build type 'ament_cmake'
[0.647s] INFO:colcon.colcon_cmake.task.cmake.build:Building CMake package in '/home/madhav/mrt_ws/src/aruco_interfaces'
[0.654s] INFO:colcon.colcon_core.plugin_system:Skipping extension 'colcon_core.shell.bat': Not used on non-Windows systems
[0.655s] INFO:colcon.colcon_core.shell:Skip shell extension 'powershell' for command environment: Not usable outside of PowerShell
[0.655s] DEBUG:colcon.colcon_core.shell:Skip shell extension 'dsv' for command environment
[0.696s] DEBUG:colcon.colcon_core.event_handler.log_command:Invoking command in '/home/madhav/mrt_ws/build/aruco_interfaces': CMAKE_PREFIX_PATH=${CMAKE_PREFIX_PATH}:/home/madhav/mrt_ws/install/aruco_markers:/home/madhav/erc_ws/install/week1_tutorials:/home/madhav/erc_ws/install/week0_tutorials:/home/madhav/erc_ws/install/sherlock:/opt/ros/humble /usr/bin/cmake --build /home/madhav/mrt_ws/build/aruco_interfaces -- -j12 -l12
[5.354s] DEBUG:colcon.colcon_core.event_handler.log_command:Invoked command in '/home/madhav/mrt_ws/build/aruco_interfaces' returned '0': CMAKE_PREFIX_PATH=${CMAKE_PREFIX_PATH}:/home/madhav/mrt_ws/install/aruco_markers:/home/madhav/erc_ws/install/week1_tutorials:/home/madhav/erc_ws/install/week0_tutorials:/home/madhav/erc_ws/install/sherlock:/opt/ros/humble /usr/bin/cmake --build /home/madhav/mrt_ws/build/aruco_interfaces -- -j12 -l12
[5.444s] DEBUG:colcon.colcon_core.event_handler.log_command:Invoking command in '/home/madhav/mrt_ws/build/aruco_interfaces': CMAKE_PREFIX_PATH=${CMAKE_PREFIX_PATH}:/home/madhav/mrt_ws/install/aruco_markers:/home/madhav/erc_ws/install/week1_tutorials:/home/madhav/erc_ws/install/week0_tutorials:/home/madhav/erc_ws/install/sherlock:/opt/ros/humble /usr/bin/cmake --install /home/madhav/mrt_ws/build/aruco_interfaces
[5.544s] Level 1:colcon.colcon_core.environment:create_environment_scripts_only(aruco_interfaces)
[5.547s] DEBUG:colcon.colcon_core.event_handler.log_command:Invoked command in '/home/madhav/mrt_ws/build/aruco_interfaces' returned '0': CMAKE_PREFIX_PATH=${CMAKE_PREFIX_PATH}:/home/madhav/mrt_ws/install/aruco_markers:/home/madhav/erc_ws/install/week1_tutorials:/home/madhav/erc_ws/install/week0_tutorials:/home/madhav/erc_ws/install/sherlock:/opt/ros/humble /usr/bin/cmake --install /home/madhav/mrt_ws/build/aruco_interfaces
[5.560s] Level 1:colcon.colcon_core.environment:checking '/home/madhav/mrt_ws/install/aruco_interfaces' for CMake module files
[5.561s] Level 1:colcon.colcon_core.environment:checking '/home/madhav/mrt_ws/install/aruco_interfaces' for CMake config files
[5.561s] Level 1:colcon.colcon_core.shell:create_environment_hook('aruco_interfaces', 'cmake_prefix_path')
[5.568s] INFO:colcon.colcon_core.shell:Creating environment hook '/home/madhav/mrt_ws/install/aruco_interfaces/share/aruco_interfaces/hook/cmake_prefix_path.ps1'
[5.568s] INFO:colcon.colcon_core.shell:Creating environment descriptor '/home/madhav/mrt_ws/install/aruco_interfaces/share/aruco_interfaces/hook/cmake_prefix_path.dsv'
[5.569s] INFO:colcon.colcon_core.shell:Creating environment hook '/home/madhav/mrt_ws/install/aruco_interfaces/share/aruco_interfaces/hook/cmake_prefix_path.sh'
[5.569s] Level 1:colcon.colcon_core.environment:checking '/home/madhav/mrt_ws/install/aruco_interfaces/lib'
[5.569s] Level 1:colcon.colcon_core.shell:create_environment_hook('aruco_interfaces', 'ld_library_path_lib')
[5.577s] INFO:colcon.colcon_core.shell:Creating environment hook '/home/madhav/mrt_ws/install/aruco_interfaces/share/aruco_interfaces/hook/ld_library_path_lib.ps1'
[5.577s] INFO:colcon.colcon_core.shell:Creating environment descriptor '/home/madhav/mrt_ws/install/aruco_interfaces/share/aruco_interfaces/hook/ld_library_path_lib.dsv'
[5.577s] INFO:colcon.colcon_core.shell:Creating environment hook '/home/madhav/mrt_ws/install/aruco_interfaces/share/aruco_interfaces/hook/ld_library_path_lib.sh'
[5.577s] Level 1:colcon.colcon_core.environment:checking '/home/madhav/mrt_ws/install/aruco_interfaces/bin'
[5.577s] Level 1:colcon.colcon_core.environment:checking '/home/madhav/mrt_ws/install/aruco_interfaces/lib/pkgconfig/aruco_interfaces.pc'
[5.578s] Level 1:colcon.colcon_core.environment:checking '/home/madhav/mrt_ws/install/aruco_interfaces/lib/python3.10/site-packages'
[5.578s] Level 1:colcon.colcon_core.environment:checking '/home/madhav/mrt_ws/install/aruco_interfaces/bin'
[5.585s] INFO:colcon.colcon_core.shell:Creating package script '/home/madhav/mrt_ws/install/aruco_interfaces/share/aruco_interfaces/package.ps1'
[5.585s] INFO:colcon.colcon_core.shell:Creating package descriptor '/home/madhav/mrt_ws/install/aruco_interfaces/share/aruco_interfaces/package.dsv'
[5.586s] INFO:colcon.colcon_core.shell:Creating package script '/home/madhav/mrt_ws/install/aruco_interfaces/share/aruco_interfaces/package.sh'
[5.586s] INFO:colcon.colcon_core.shell:Creating package script '/home/madhav/mrt_ws/install/aruco_interfaces/share/aruco_interfaces/package.bash'
[5.586s] INFO:colcon.colcon_core.shell:Creating package script '/home/madhav/mrt_ws/install/aruco_interfaces/share/aruco_interfaces/package.zsh'
[5.587s] Level 1:colcon.colcon_core.environment:create_file_with_runtime_dependencies(/home/madhav/mrt_ws/install/aruco_interfaces/share/colcon-core/packages/aruco_interfaces)
[5.707s] Level 1:colcon.colcon_core.environment:create_environment_scripts_only(aruco_interfaces)
[5.721s] Level 1:colcon.colcon_core.environment:checking '/home/madhav/mrt_ws/install/aruco_interfaces' for CMake module files
[5.721s] Level 1:colcon.colcon_core.environment:checking '/home/madhav/mrt_ws/install/aruco_interfaces' for CMake config files
[5.721s] Level 1:colcon.colcon_core.shell:create_environment_hook('aruco_interfaces', 'cmake_prefix_path')
[5.734s] INFO:colcon.colcon_core.shell:Creating environment hook '/home/madhav/mrt_ws/install/aruco_interfaces/share/aruco_interfaces/hook/cmake_prefix_path.ps1'
[5.735s] INFO:colcon.colcon_core.shell:Creating environment descriptor '/home/madhav/mrt_ws/install/aruco_interfaces/share/aruco_interfaces/hook/cmake_prefix_path.dsv'
[5.735s] INFO:colcon.colcon_core.shell:Creating environment hook '/home/madhav/mrt_ws/install/aruco_interfaces/share/aruco_interfaces/hook/cmake_prefix_path.sh'
[5.736s] Level 1:colcon.colcon_core.environment:checking '/home/madhav/mrt_ws/install/aruco_interfaces/lib'
[5.736s] Level 1:colcon.colcon_core.shell:create_environment_hook('aruco_interfaces', 'ld_library_path_lib')
[5.751s] INFO:colcon.colcon_core.shell:Creating environment hook '/home/madhav/mrt_ws/install/aruco_interfaces/share/aruco_interfaces/hook/ld_library_path_lib.ps1'
[5.752s] INFO:colcon.colcon_core.shell:Creating environment descriptor '/home/madhav/mrt_ws/install/aruco_interfaces/share/aruco_interfaces/hook/ld_library_path_lib.dsv'
[5.752s] INFO:colcon.colcon_core.shell:Creating environment hook '/home/madhav/mrt_ws/install/aruco_interfaces/share/aruco_interfaces/hook/ld_library_path_lib.sh'
[5.752s] Level 1:colcon.colcon_core.environment:checking '/home/madhav/mrt_ws/install/aruco_interfaces/bin'
[5.752s] Level 1:colcon.colcon_core.environment:checking '/home/madhav/mrt_ws/install/aruco_interfaces/lib/pkgconfig/aruco_interfaces.pc'
[5.753s] Level 1:colcon.colcon_core.environment:checking '/home/madhav/mrt_ws/install/aruco_interfaces/lib/python3.10/site-packages'
[5.753s] Level 1:colcon.colcon_core.environment:checking '/home/madhav/mrt_ws/install/aruco_interfaces/bin'
[5.767s] INFO:colcon.colcon_core.shell:Creating package script '/home/madhav/mrt_ws/install/aruco_interfaces/share/aruco_interfaces/package.ps1'
[5.768s] INFO:colcon.colcon_core.shell:Creating package descriptor '/home/madhav/mrt_ws/install/aruco_interfaces/share/aruco_interfaces/package.dsv'
[5.768s] INFO:colcon.colcon_core.shell:Creating package script '/home/madhav/mrt_ws/install/aruco_interfaces/share/aruco_interfaces/package.sh'
[5.768s] INFO:colcon.colcon_core.shell:Creating package script '/home/madhav/mrt_ws/install/aruco_interfaces/share/aruco_interfaces/package.bash'
[5.769s] INFO:colcon.colcon_core.shell:Creating package script '/home/madhav/mrt_ws/install/aruco_interfaces/share/aruco_interfaces/package.zsh'
[5.769s] Level 1:colcon.colcon_core.environment:create_file_with_runtime_dependencies(/home/madhav/mrt_ws/install/aruco_interfaces/share/colcon-core/packages/aruco_interfaces)
[5.769s] INFO:colcon.colcon_ros.task.ament_python.build:Building ROS package in '/home/madhav/mrt_ws/src/aruco_markers' with build type 'ament_python'
[5.770s] Level 1:colcon.colcon_core.shell:create_environment_hook('aruco_markers', 'ament_prefix_path')
[5.783s] INFO:colcon.colcon_core.shell:Creating environment hook '/home/madhav/mrt_ws/install/aruco_markers/share/aruco_markers/hook/ament_prefix_path.ps1'
[5.784s] INFO:colcon.colcon_core.shell:Creating environment descriptor '/home/madhav/mrt_ws/install/aruco_markers/share/aruco_markers/hook/ament_prefix_path.dsv'
[5.784s] INFO:colcon.colcon_core.shell:Creating environment hook '/home/madhav/mrt_ws/install/aruco_markers/share/aruco_markers/hook/ament_prefix_path.sh'
[5.795s] INFO:colcon.colcon_core.shell:Skip shell extension 'powershell' for command environment: Not usable outside of PowerShell
[5.795s] DEBUG:colcon.colcon_core.shell:Skip shell extension 'dsv' for command environment
[5.979s] INFO:colcon.colcon_core.task.python.build:Building Python package in '/home/madhav/mrt_ws/src/aruco_markers'
[5.991s] INFO:colcon.colcon_core.shell:Skip shell extension 'powershell' for command environment: Not usable outside of PowerShell
[5.991s] DEBUG:colcon.colcon_core.shell:Skip shell extension 'dsv' for command environment
[6.297s] DEBUG:colcon.colcon_core.event_handler.log_command:Invoking command in '/home/madhav/mrt_ws/src/aruco_markers': PYTHONPATH=/home/madhav/mrt_ws/build/aruco_markers/prefix_override:/home/madhav/mrt_ws/install/aruco_markers/lib/python3.10/site-packages:${PYTHONPATH} /usr/bin/python3 setup.py egg_info --egg-base ../../build/aruco_markers build --build-base /home/madhav/mrt_ws/build/aruco_markers/build install --record /home/madhav/mrt_ws/build/aruco_markers/install.log --single-version-externally-managed
[6.485s] DEBUG:colcon.colcon_core.event_handler.log_command:Invoked command in '/home/madhav/mrt_ws/src/aruco_markers' returned '0': PYTHONPATH=/home/madhav/mrt_ws/build/aruco_markers/prefix_override:/home/madhav/mrt_ws/install/aruco_markers/lib/python3.10/site-packages:${PYTHONPATH} /usr/bin/python3 setup.py egg_info --egg-base ../../build/aruco_markers build --build-base /home/madhav/mrt_ws/build/aruco_markers/build install --record /home/madhav/mrt_ws/build/aruco_markers/install.log --single-version-externally-managed
[6.503s] Level 1:colcon.colcon_core.environment:checking '/home/madhav/mrt_ws/install/aruco_markers' for CMake module files
[6.504s] Level 1:colcon.colcon_core.environment:checking '/home/madhav/mrt_ws/install/aruco_markers' for CMake config files
[6.504s] Level 1:colcon.colcon_core.environment:checking '/home/madhav/mrt_ws/install/aruco_markers/lib'
[6.504s] Level 1:colcon.colcon_core.environment:checking '/home/madhav/mrt_ws/install/aruco_markers/bin'
[6.504s] Level 1:colcon.colcon_core.environment:checking '/home/madhav/mrt_ws/install/aruco_markers/lib/pkgconfig/aruco_markers.pc'
[6.505s] Level 1:colcon.colcon_core.environment:checking '/home/madhav/mrt_ws/install/aruco_markers/lib/python3.10/site-packages'
[6.505s] Level 1:colcon.colcon_core.shell:create_environment_hook('aruco_markers', 'pythonpath')
[6.519s] INFO:colcon.colcon_core.shell:Creating environment hook '/home/madhav/mrt_ws/install/aruco_markers/share/aruco_markers/hook/pythonpath.ps1'
[6.519s] INFO:colcon.colcon_core.shell:Creating environment descriptor '/home/madhav/mrt_ws/install/aruco_markers/share/aruco_markers/hook/pythonpath.dsv'
[6.520s] INFO:colcon.colcon_core.shell:Creating environment hook '/home/madhav/mrt_ws/install/aruco_markers/share/aruco_markers/hook/pythonpath.sh'
[6.520s] Level 1:colcon.colcon_core.environment:checking '/home/madhav/mrt_ws/install/aruco_markers/bin'
[6.520s] Level 1:colcon.colcon_core.environment:create_environment_scripts_only(aruco_markers)
[6.533s] INFO:colcon.colcon_core.shell:Creating package script '/home/madhav/mrt_ws/install/aruco_markers/share/aruco_markers/package.ps1'
[6.534s] INFO:colcon.colcon_core.shell:Creating package descriptor '/home/madhav/mrt_ws/install/aruco_markers/share/aruco_markers/package.dsv'
[6.534s] INFO:colcon.colcon_core.shell:Creating package script '/home/madhav/mrt_ws/install/aruco_markers/share/aruco_markers/package.sh'
[6.534s] INFO:colcon.colcon_core.shell:Creating package script '/home/madhav/mrt_ws/install/aruco_markers/share/aruco_markers/package.bash'
[6.535s] INFO:colcon.colcon_core.shell:Creating package script '/home/madhav/mrt_ws/install/aruco_markers/share/aruco_markers/package.zsh'
[6.535s] Level 1:colcon.colcon_core.environment:create_file_with_runtime_dependencies(/home/madhav/mrt_ws/install/aruco_markers/share/colcon-core/packages/aruco_markers)
[6.535s] DEBUG:colcon.colcon_parallel_executor.executor.parallel:closing loop
[6.536s] DEBUG:colcon.colcon_parallel_executor.executor.parallel:loop closed
[6.536s] DEBUG:colcon.colcon_parallel_executor.executor.parallel:run_until_complete finished with '0'
[6.536s] DEBUG:colcon.colcon_core.event_reactor:joining thread
[6.557s] INFO:colcon.colcon_core.plugin_system:Skipping extension 'colcon_notification.desktop_notification.terminal_notifier': Not used on non-Darwin systems
[6.557s] INFO:colcon.colcon_core.plugin_system:Skipping extension 'colcon_notification.desktop_notification.win32': Not used on non-Windows systems
[6.557s] INFO:colcon.colcon_notification.desktop_notification:Sending desktop notification using 'notify2'
[6.572s] DEBUG:colcon.colcon_core.event_reactor:joined thread
[6.587s] INFO:colcon.colcon_core.shell:Creating prefix script '/home/madhav/mrt_ws/install/local_setup.ps1'
[6.589s] INFO:colcon.colcon_core.shell:Creating prefix util module '/home/madhav/mrt_ws/install/_local_setup_util_ps1.py'
[6.590s] INFO:colcon.colcon_core.shell:Creating prefix chain script '/home/madhav/mrt_ws/install/setup.ps1'
[6.605s] INFO:colcon.colcon_core.shell:Creating prefix script '/home/madhav/mrt_ws/install/local_setup.sh'
[6.606s] INFO:colcon.colcon_core.shell:Creating prefix util module '/home/madhav/mrt_ws/install/_local_setup_util_sh.py'
[6.606s] INFO:colcon.colcon_core.shell:Creating prefix chain script '/home/madhav/mrt_ws/install/setup.sh'
[6.622s] INFO:colcon.colcon_core.shell:Creating prefix script '/home/madhav/mrt_ws/install/local_setup.bash'
[6.622s] INFO:colcon.colcon_core.shell:Creating prefix chain script '/home/madhav/mrt_ws/install/setup.bash'
[6.637s] INFO:colcon.colcon_core.shell:Creating prefix script '/home/madhav/mrt_ws/install/local_setup.zsh'
[6.637s] INFO:colcon.colcon_core.shell:Creating prefix chain script '/home/madhav/mrt_ws/install/setup.zsh'
