[0.814s] Invoking command in '/home/madhav/mrt_ws/src/aruco_markers': PYTHONPATH=/home/madhav/mrt_ws/build/aruco_markers/prefix_override:/home/madhav/mrt_ws/install/aruco_markers/lib/python3.10/site-packages:${PYTHONPATH} /usr/bin/python3 setup.py egg_info --egg-base ../../build/aruco_markers build --build-base /home/madhav/mrt_ws/build/aruco_markers/build install --record /home/madhav/mrt_ws/build/aruco_markers/install.log --single-version-externally-managed
[1.023s] running egg_info
[1.024s] writing ../../build/aruco_markers/aruco_markers.egg-info/PKG-INFO
[1.024s] writing dependency_links to ../../build/aruco_markers/aruco_markers.egg-info/dependency_links.txt
[1.024s] writing entry points to ../../build/aruco_markers/aruco_markers.egg-info/entry_points.txt
[1.024s] writing requirements to ../../build/aruco_markers/aruco_markers.egg-info/requires.txt
[1.024s] writing top-level names to ../../build/aruco_markers/aruco_markers.egg-info/top_level.txt
[1.026s] reading manifest file '../../build/aruco_markers/aruco_markers.egg-info/SOURCES.txt'
[1.027s] writing manifest file '../../build/aruco_markers/aruco_markers.egg-info/SOURCES.txt'
[1.027s] running build
[1.027s] running build_py
[1.027s] copying aruco_markers/rrtserver.py -> /home/madhav/mrt_ws/build/aruco_markers/build/lib/aruco_markers
[1.028s] copying aruco_markers/__init__.py -> /home/madhav/mrt_ws/build/aruco_markers/build/lib/aruco_markers
[1.028s] copying aruco_markers/rrt.py -> /home/madhav/mrt_ws/build/aruco_markers/build/lib/aruco_markers
[1.028s] copying aruco_markers/client.py -> /home/madhav/mrt_ws/build/aruco_markers/build/lib/aruco_markers
[1.028s] running install
[1.028s] /usr/lib/python3/dist-packages/setuptools/command/install.py:34: SetuptoolsDeprecationWarning: setup.py install is deprecated. Use build and pip and other standards-based tools.
[1.028s]   warnings.warn(
[1.028s] running install_lib
[1.029s] copying /home/madhav/mrt_ws/build/aruco_markers/build/lib/aruco_markers/rrtserver.py -> /home/madhav/mrt_ws/install/aruco_markers/lib/python3.10/site-packages/aruco_markers
[1.029s] copying /home/madhav/mrt_ws/build/aruco_markers/build/lib/aruco_markers/__init__.py -> /home/madhav/mrt_ws/install/aruco_markers/lib/python3.10/site-packages/aruco_markers
[1.029s] copying /home/madhav/mrt_ws/build/aruco_markers/build/lib/aruco_markers/rrt.py -> /home/madhav/mrt_ws/install/aruco_markers/lib/python3.10/site-packages/aruco_markers
[1.029s] copying /home/madhav/mrt_ws/build/aruco_markers/build/lib/aruco_markers/client.py -> /home/madhav/mrt_ws/install/aruco_markers/lib/python3.10/site-packages/aruco_markers
[1.030s] byte-compiling /home/madhav/mrt_ws/install/aruco_markers/lib/python3.10/site-packages/aruco_markers/rrtserver.py to rrtserver.cpython-310.pyc
[1.031s] byte-compiling /home/madhav/mrt_ws/install/aruco_markers/lib/python3.10/site-packages/aruco_markers/__init__.py to __init__.cpython-310.pyc
[1.031s] byte-compiling /home/madhav/mrt_ws/install/aruco_markers/lib/python3.10/site-packages/aruco_markers/rrt.py to rrt.cpython-310.pyc
[1.033s] byte-compiling /home/madhav/mrt_ws/install/aruco_markers/lib/python3.10/site-packages/aruco_markers/client.py to client.cpython-310.pyc
[1.034s] running install_data
[1.035s] running install_egg_info
[1.036s] removing '/home/madhav/mrt_ws/install/aruco_markers/lib/python3.10/site-packages/aruco_markers-0.0.0-py3.10.egg-info' (and everything under it)
[1.036s] Copying ../../build/aruco_markers/aruco_markers.egg-info to /home/madhav/mrt_ws/install/aruco_markers/lib/python3.10/site-packages/aruco_markers-0.0.0-py3.10.egg-info
[1.037s] running install_scripts
[1.061s] Installing client script to /home/madhav/mrt_ws/install/aruco_markers/lib/aruco_markers
[1.061s] Installing infoserver script to /home/madhav/mrt_ws/install/aruco_markers/lib/aruco_markers
[1.061s] Installing rrtserver script to /home/madhav/mrt_ws/install/aruco_markers/lib/aruco_markers
[1.062s] writing list of installed files to '/home/madhav/mrt_ws/build/aruco_markers/install.log'
[1.090s] Invoked command in '/home/madhav/mrt_ws/src/aruco_markers' returned '0': PYTHONPATH=/home/madhav/mrt_ws/build/aruco_markers/prefix_override:/home/madhav/mrt_ws/install/aruco_markers/lib/python3.10/site-packages:${PYTHONPATH} /usr/bin/python3 setup.py egg_info --egg-base ../../build/aruco_markers build --build-base /home/madhav/mrt_ws/build/aruco_markers/build install --record /home/madhav/mrt_ws/build/aruco_markers/install.log --single-version-externally-managed
