[0.569s] Invoking command in '/home/madhav/mrt_ws/src/aruco_markers': AMENT_PREFIX_PATH=/home/madhav/mrt_ws/install/aruco_interfaces:${AMENT_PREFIX_PATH} CMAKE_PREFIX_PATH=/home/madhav/mrt_ws/install/aruco_interfaces:${CMAKE_PREFIX_PATH} LD_LIBRARY_PATH=/home/madhav/mrt_ws/install/aruco_interfaces/lib:${LD_LIBRARY_PATH} PYTHONPATH=/home/madhav/mrt_ws/build/aruco_markers/prefix_override:/home/madhav/mrt_ws/install/aruco_markers/lib/python3.10/site-packages:/home/madhav/mrt_ws/install/aruco_interfaces/local/lib/python3.10/dist-packages:${PYTHONPATH} /usr/bin/python3 setup.py egg_info --egg-base ../../build/aruco_markers build --build-base /home/madhav/mrt_ws/build/aruco_markers/build install --record /home/madhav/mrt_ws/build/aruco_markers/install.log --single-version-externally-managed
[0.695s] running egg_info
[0.695s] creating ../../build/aruco_markers/aruco_markers.egg-info
[0.696s] writing ../../build/aruco_markers/aruco_markers.egg-info/PKG-INFO
[0.696s] writing dependency_links to ../../build/aruco_markers/aruco_markers.egg-info/dependency_links.txt
[0.696s] writing entry points to ../../build/aruco_markers/aruco_markers.egg-info/entry_points.txt
[0.696s] writing requirements to ../../build/aruco_markers/aruco_markers.egg-info/requires.txt
[0.696s] writing top-level names to ../../build/aruco_markers/aruco_markers.egg-info/top_level.txt
[0.696s] writing manifest file '../../build/aruco_markers/aruco_markers.egg-info/SOURCES.txt'
[0.697s] reading manifest file '../../build/aruco_markers/aruco_markers.egg-info/SOURCES.txt'
[0.697s] writing manifest file '../../build/aruco_markers/aruco_markers.egg-info/SOURCES.txt'
[0.697s] running build
[0.697s] running build_py
[0.697s] creating /home/madhav/mrt_ws/build/aruco_markers/build
[0.698s] creating /home/madhav/mrt_ws/build/aruco_markers/build/lib
[0.698s] creating /home/madhav/mrt_ws/build/aruco_markers/build/lib/aruco_markers
[0.698s] copying aruco_markers/__init__.py -> /home/madhav/mrt_ws/build/aruco_markers/build/lib/aruco_markers
[0.698s] copying aruco_markers/infoserver.py -> /home/madhav/mrt_ws/build/aruco_markers/build/lib/aruco_markers
[0.698s] copying aruco_markers/client.py -> /home/madhav/mrt_ws/build/aruco_markers/build/lib/aruco_markers
[0.698s] running install
[0.707s] /usr/lib/python3/dist-packages/setuptools/command/install.py:34: SetuptoolsDeprecationWarning: setup.py install is deprecated. Use build and pip and other standards-based tools.
[0.707s]   warnings.warn(
[0.708s] running install_lib
[0.708s] creating /home/madhav/mrt_ws/install/aruco_markers/lib/python3.10/site-packages/aruco_markers
[0.709s] copying /home/madhav/mrt_ws/build/aruco_markers/build/lib/aruco_markers/__init__.py -> /home/madhav/mrt_ws/install/aruco_markers/lib/python3.10/site-packages/aruco_markers
[0.709s] copying /home/madhav/mrt_ws/build/aruco_markers/build/lib/aruco_markers/infoserver.py -> /home/madhav/mrt_ws/install/aruco_markers/lib/python3.10/site-packages/aruco_markers
[0.709s] copying /home/madhav/mrt_ws/build/aruco_markers/build/lib/aruco_markers/client.py -> /home/madhav/mrt_ws/install/aruco_markers/lib/python3.10/site-packages/aruco_markers
[0.709s] byte-compiling /home/madhav/mrt_ws/install/aruco_markers/lib/python3.10/site-packages/aruco_markers/__init__.py to __init__.cpython-310.pyc
[0.709s] byte-compiling /home/madhav/mrt_ws/install/aruco_markers/lib/python3.10/site-packages/aruco_markers/infoserver.py to infoserver.cpython-310.pyc
[0.710s] byte-compiling /home/madhav/mrt_ws/install/aruco_markers/lib/python3.10/site-packages/aruco_markers/client.py to client.cpython-310.pyc
[0.710s] running install_data
[0.711s] creating /home/madhav/mrt_ws/install/aruco_markers/share/ament_index
[0.711s] creating /home/madhav/mrt_ws/install/aruco_markers/share/ament_index/resource_index
[0.711s] creating /home/madhav/mrt_ws/install/aruco_markers/share/ament_index/resource_index/packages
[0.711s] copying resource/aruco_markers -> /home/madhav/mrt_ws/install/aruco_markers/share/ament_index/resource_index/packages
[0.712s] copying package.xml -> /home/madhav/mrt_ws/install/aruco_markers/share/aruco_markers
[0.712s] running install_egg_info
[0.714s] Copying ../../build/aruco_markers/aruco_markers.egg-info to /home/madhav/mrt_ws/install/aruco_markers/lib/python3.10/site-packages/aruco_markers-0.0.0-py3.10.egg-info
[0.715s] running install_scripts
[0.732s] Installing client script to /home/madhav/mrt_ws/install/aruco_markers/lib/aruco_markers
[0.732s] Installing infoserver script to /home/madhav/mrt_ws/install/aruco_markers/lib/aruco_markers
[0.732s] writing list of installed files to '/home/madhav/mrt_ws/build/aruco_markers/install.log'
[0.747s] Invoked command in '/home/madhav/mrt_ws/src/aruco_markers' returned '0': AMENT_PREFIX_PATH=/home/madhav/mrt_ws/install/aruco_interfaces:${AMENT_PREFIX_PATH} CMAKE_PREFIX_PATH=/home/madhav/mrt_ws/install/aruco_interfaces:${CMAKE_PREFIX_PATH} LD_LIBRARY_PATH=/home/madhav/mrt_ws/install/aruco_interfaces/lib:${LD_LIBRARY_PATH} PYTHONPATH=/home/madhav/mrt_ws/build/aruco_markers/prefix_override:/home/madhav/mrt_ws/install/aruco_markers/lib/python3.10/site-packages:/home/madhav/mrt_ws/install/aruco_interfaces/local/lib/python3.10/dist-packages:${PYTHONPATH} /usr/bin/python3 setup.py egg_info --egg-base ../../build/aruco_markers build --build-base /home/madhav/mrt_ws/build/aruco_markers/build install --record /home/madhav/mrt_ws/build/aruco_markers/install.log --single-version-externally-managed
