[0.523s] DEBUG:colcon:Command line arguments: ['/usr/bin/colcon', 'build']
[0.523s] DEBUG:colcon:Parsed command line arguments: Namespace(log_base=None, log_level=None, verb_name='build', build_base='build', install_base='install', merge_install=False, symlink_install=False, test_result_base=None, continue_on_error=False, executor='parallel', parallel_workers=12, event_handlers=None, ignore_user_meta=False, metas=['./colcon.meta'], base_paths=['.'], packages_ignore=None, packages_ignore_regex=None, paths=None, packages_up_to=None, packages_up_to_regex=None, packages_above=None, packages_above_and_dependencies=None, packages_above_depth=None, packages_select_by_dep=None, packages_skip_by_dep=None, packages_skip_up_to=None, packages_select_build_failed=False, packages_skip_build_finished=False, packages_select_test_failures=False, packages_skip_test_passed=False, packages_select=None, packages_skip=None, packages_select_regex=None, packages_skip_regex=None, packages_start=None, packages_end=None, allow_overriding=[], cmake_args=None, cmake_target=None, cmake_target_skip_unavailable=False, cmake_clean_cache=False, cmake_clean_first=False, cmake_force_configure=False, ament_cmake_args=None, catkin_cmake_args=None, catkin_skip_building_tests=False, verb_parser=<colcon_defaults.argument_parser.defaults.DefaultArgumentsDecorator object at 0x7f36ee7534f0>, verb_extension=<colcon_core.verb.build.BuildVerb object at 0x7f36eea31510>, main=<bound method BuildVerb.main of <colcon_core.verb.build.BuildVerb object at 0x7f36eea31510>>)
[0.550s] Level 1:colcon.colcon_core.package_discovery:discover_packages(colcon_meta) check parameters
[0.550s] Level 1:colcon.colcon_core.package_discovery:discover_packages(recursive) check parameters
[0.550s] Level 1:colcon.colcon_core.package_discovery:discover_packages(ignore) check parameters
[0.550s] Level 1:colcon.colcon_core.package_discovery:discover_packages(path) check parameters
[0.550s] Level 1:colcon.colcon_core.package_discovery:discover_packages(colcon_meta) discover
[0.550s] Level 1:colcon.colcon_core.package_discovery:discover_packages(recursive) discover
[0.550s] INFO:colcon.colcon_core.package_discovery:Crawling recursively for packages in '/home/madhav/mrt_ws'
[0.550s] Level 1:colcon.colcon_core.package_identification:_identify(.) by extensions ['ignore', 'ignore_ament_install']
[0.550s] Level 1:colcon.colcon_core.package_identification:_identify(.) by extension 'ignore'
[0.550s] Level 1:colcon.colcon_core.package_identification:_identify(.) by extension 'ignore_ament_install'
[0.550s] Level 1:colcon.colcon_core.package_identification:_identify(.) by extensions ['colcon_pkg']
[0.550s] Level 1:colcon.colcon_core.package_identification:_identify(.) by extension 'colcon_pkg'
[0.550s] Level 1:colcon.colcon_core.package_identification:_identify(.) by extensions ['colcon_meta']
[0.550s] Level 1:colcon.colcon_core.package_identification:_identify(.) by extension 'colcon_meta'
[0.550s] Level 1:colcon.colcon_core.package_identification:_identify(.) by extensions ['ros']
[0.550s] Level 1:colcon.colcon_core.package_identification:_identify(.) by extension 'ros'
[0.557s] Level 1:colcon.colcon_core.package_identification:_identify(.) by extensions ['cmake', 'python']
[0.557s] Level 1:colcon.colcon_core.package_identification:_identify(.) by extension 'cmake'
[0.557s] Level 1:colcon.colcon_core.package_identification:_identify(.) by extension 'python'
[0.557s] Level 1:colcon.colcon_core.package_identification:_identify(.) by extensions ['python_setup_py']
[0.557s] Level 1:colcon.colcon_core.package_identification:_identify(.) by extension 'python_setup_py'
[0.557s] Level 1:colcon.colcon_core.package_identification:_identify(build) by extensions ['ignore', 'ignore_ament_install']
[0.557s] Level 1:colcon.colcon_core.package_identification:_identify(build) by extension 'ignore'
[0.557s] Level 1:colcon.colcon_core.package_identification:_identify(build) ignored
[0.557s] Level 1:colcon.colcon_core.package_identification:_identify(install) by extensions ['ignore', 'ignore_ament_install']
[0.557s] Level 1:colcon.colcon_core.package_identification:_identify(install) by extension 'ignore'
[0.557s] Level 1:colcon.colcon_core.package_identification:_identify(install) ignored
[0.557s] Level 1:colcon.colcon_core.package_identification:_identify(log) by extensions ['ignore', 'ignore_ament_install']
[0.557s] Level 1:colcon.colcon_core.package_identification:_identify(log) by extension 'ignore'
[0.557s] Level 1:colcon.colcon_core.package_identification:_identify(log) ignored
[0.557s] Level 1:colcon.colcon_core.package_identification:_identify(src) by extensions ['ignore', 'ignore_ament_install']
[0.557s] Level 1:colcon.colcon_core.package_identification:_identify(src) by extension 'ignore'
[0.557s] Level 1:colcon.colcon_core.package_identification:_identify(src) by extension 'ignore_ament_install'
[0.557s] Level 1:colcon.colcon_core.package_identification:_identify(src) by extensions ['colcon_pkg']
[0.557s] Level 1:colcon.colcon_core.package_identification:_identify(src) by extension 'colcon_pkg'
[0.557s] Level 1:colcon.colcon_core.package_identification:_identify(src) by extensions ['colcon_meta']
[0.557s] Level 1:colcon.colcon_core.package_identification:_identify(src) by extension 'colcon_meta'
[0.557s] Level 1:colcon.colcon_core.package_identification:_identify(src) by extensions ['ros']
[0.557s] Level 1:colcon.colcon_core.package_identification:_identify(src) by extension 'ros'
[0.557s] Level 1:colcon.colcon_core.package_identification:_identify(src) by extensions ['cmake', 'python']
[0.557s] Level 1:colcon.colcon_core.package_identification:_identify(src) by extension 'cmake'
[0.557s] Level 1:colcon.colcon_core.package_identification:_identify(src) by extension 'python'
[0.557s] Level 1:colcon.colcon_core.package_identification:_identify(src) by extensions ['python_setup_py']
[0.557s] Level 1:colcon.colcon_core.package_identification:_identify(src) by extension 'python_setup_py'
[0.557s] Level 1:colcon.colcon_core.package_identification:_identify(src/aruco_interfaces) by extensions ['ignore', 'ignore_ament_install']
[0.557s] Level 1:colcon.colcon_core.package_identification:_identify(src/aruco_interfaces) by extension 'ignore'
[0.558s] Level 1:colcon.colcon_core.package_identification:_identify(src/aruco_interfaces) by extension 'ignore_ament_install'
[0.558s] Level 1:colcon.colcon_core.package_identification:_identify(src/aruco_interfaces) by extensions ['colcon_pkg']
[0.558s] Level 1:colcon.colcon_core.package_identification:_identify(src/aruco_interfaces) by extension 'colcon_pkg'
[0.558s] Level 1:colcon.colcon_core.package_identification:_identify(src/aruco_interfaces) by extensions ['colcon_meta']
[0.558s] Level 1:colcon.colcon_core.package_identification:_identify(src/aruco_interfaces) by extension 'colcon_meta'
[0.558s] Level 1:colcon.colcon_core.package_identification:_identify(src/aruco_interfaces) by extensions ['ros']
[0.558s] Level 1:colcon.colcon_core.package_identification:_identify(src/aruco_interfaces) by extension 'ros'
[0.559s] DEBUG:colcon.colcon_core.package_identification:Package 'src/aruco_interfaces' with type 'ros.ament_cmake' and name 'aruco_interfaces'
[0.560s] Level 1:colcon.colcon_core.package_identification:_identify(src/aruco_markers) by extensions ['ignore', 'ignore_ament_install']
[0.560s] Level 1:colcon.colcon_core.package_identification:_identify(src/aruco_markers) by extension 'ignore'
[0.560s] Level 1:colcon.colcon_core.package_identification:_identify(src/aruco_markers) by extension 'ignore_ament_install'
[0.560s] Level 1:colcon.colcon_core.package_identification:_identify(src/aruco_markers) by extensions ['colcon_pkg']
[0.560s] Level 1:colcon.colcon_core.package_identification:_identify(src/aruco_markers) by extension 'colcon_pkg'
[0.560s] Level 1:colcon.colcon_core.package_identification:_identify(src/aruco_markers) by extensions ['colcon_meta']
[0.560s] Level 1:colcon.colcon_core.package_identification:_identify(src/aruco_markers) by extension 'colcon_meta'
[0.560s] Level 1:colcon.colcon_core.package_identification:_identify(src/aruco_markers) by extensions ['ros']
[0.560s] Level 1:colcon.colcon_core.package_identification:_identify(src/aruco_markers) by extension 'ros'
[0.560s] DEBUG:colcon.colcon_core.package_identification:Package 'src/aruco_markers' with type 'ros.ament_python' and name 'aruco_markers'
[0.560s] Level 1:colcon.colcon_core.package_discovery:discover_packages(recursive) using defaults
[0.560s] Level 1:colcon.colcon_core.package_discovery:discover_packages(ignore) discover
[0.560s] Level 1:colcon.colcon_core.package_discovery:discover_packages(ignore) using defaults
[0.560s] Level 1:colcon.colcon_core.package_discovery:discover_packages(path) discover
[0.560s] Level 1:colcon.colcon_core.package_discovery:discover_packages(path) using defaults
[0.606s] Level 1:colcon.colcon_core.package_discovery:discover_packages(prefix_path) check parameters
[0.606s] Level 1:colcon.colcon_core.package_discovery:discover_packages(prefix_path) discover
[0.614s] WARNING:colcon.colcon_ros.prefix_path.ament:The path '/home/madhav/mrt_ws/install/aruco_markers' in the environment variable AMENT_PREFIX_PATH doesn't exist
[0.614s] WARNING:colcon.colcon_ros.prefix_path.ament:The path '/home/madhav/mrt_ws/install/aruco_interfaces' in the environment variable AMENT_PREFIX_PATH doesn't exist
[0.614s] WARNING:colcon.colcon_ros.prefix_path.catkin:The path '/home/madhav/mrt_ws/install/aruco_interfaces' in the environment variable CMAKE_PREFIX_PATH doesn't exist
[0.621s] DEBUG:colcon.colcon_installed_package_information.package_discovery:Found 0 installed packages in /home/madhav/mrt_ws/install
[0.629s] DEBUG:colcon.colcon_installed_package_information.package_discovery:Found 3 installed packages in /home/madhav/erc_ws/install
[0.638s] DEBUG:colcon.colcon_installed_package_information.package_discovery:Found 270 installed packages in /opt/ros/humble
[0.639s] Level 1:colcon.colcon_core.package_discovery:discover_packages(prefix_path) using defaults
[0.696s] Level 5:colcon.colcon_core.verb:set package 'aruco_interfaces' build argument 'cmake_args' from command line to 'None'
[0.696s] Level 5:colcon.colcon_core.verb:set package 'aruco_interfaces' build argument 'cmake_target' from command line to 'None'
[0.696s] Level 5:colcon.colcon_core.verb:set package 'aruco_interfaces' build argument 'cmake_target_skip_unavailable' from command line to 'False'
[0.696s] Level 5:colcon.colcon_core.verb:set package 'aruco_interfaces' build argument 'cmake_clean_cache' from command line to 'False'
[0.696s] Level 5:colcon.colcon_core.verb:set package 'aruco_interfaces' build argument 'cmake_clean_first' from command line to 'False'
[0.696s] Level 5:colcon.colcon_core.verb:set package 'aruco_interfaces' build argument 'cmake_force_configure' from command line to 'False'
[0.696s] Level 5:colcon.colcon_core.verb:set package 'aruco_interfaces' build argument 'ament_cmake_args' from command line to 'None'
[0.696s] Level 5:colcon.colcon_core.verb:set package 'aruco_interfaces' build argument 'catkin_cmake_args' from command line to 'None'
[0.696s] Level 5:colcon.colcon_core.verb:set package 'aruco_interfaces' build argument 'catkin_skip_building_tests' from command line to 'False'
[0.696s] DEBUG:colcon.colcon_core.verb:Building package 'aruco_interfaces' with the following arguments: {'ament_cmake_args': None, 'build_base': '/home/madhav/mrt_ws/build/aruco_interfaces', 'catkin_cmake_args': None, 'catkin_skip_building_tests': False, 'cmake_args': None, 'cmake_clean_cache': False, 'cmake_clean_first': False, 'cmake_force_configure': False, 'cmake_target': None, 'cmake_target_skip_unavailable': False, 'install_base': '/home/madhav/mrt_ws/install/aruco_interfaces', 'merge_install': False, 'path': '/home/madhav/mrt_ws/src/aruco_interfaces', 'symlink_install': False, 'test_result_base': None}
[0.702s] Level 5:colcon.colcon_core.verb:set package 'aruco_markers' build argument 'cmake_args' from command line to 'None'
[0.703s] Level 5:colcon.colcon_core.verb:set package 'aruco_markers' build argument 'cmake_target' from command line to 'None'
[0.703s] Level 5:colcon.colcon_core.verb:set package 'aruco_markers' build argument 'cmake_target_skip_unavailable' from command line to 'False'
[0.703s] Level 5:colcon.colcon_core.verb:set package 'aruco_markers' build argument 'cmake_clean_cache' from command line to 'False'
[0.703s] Level 5:colcon.colcon_core.verb:set package 'aruco_markers' build argument 'cmake_clean_first' from command line to 'False'
[0.703s] Level 5:colcon.colcon_core.verb:set package 'aruco_markers' build argument 'cmake_force_configure' from command line to 'False'
[0.703s] Level 5:colcon.colcon_core.verb:set package 'aruco_markers' build argument 'ament_cmake_args' from command line to 'None'
[0.703s] Level 5:colcon.colcon_core.verb:set package 'aruco_markers' build argument 'catkin_cmake_args' from command line to 'None'
[0.703s] Level 5:colcon.colcon_core.verb:set package 'aruco_markers' build argument 'catkin_skip_building_tests' from command line to 'False'
[0.703s] DEBUG:colcon.colcon_core.verb:Building package 'aruco_markers' with the following arguments: {'ament_cmake_args': None, 'build_base': '/home/madhav/mrt_ws/build/aruco_markers', 'catkin_cmake_args': None, 'catkin_skip_building_tests': False, 'cmake_args': None, 'cmake_clean_cache': False, 'cmake_clean_first': False, 'cmake_force_configure': False, 'cmake_target': None, 'cmake_target_skip_unavailable': False, 'install_base': '/home/madhav/mrt_ws/install/aruco_markers', 'merge_install': False, 'path': '/home/madhav/mrt_ws/src/aruco_markers', 'symlink_install': False, 'test_result_base': None}
[0.709s] INFO:colcon.colcon_core.executor:Executing jobs using 'parallel' executor
[0.716s] DEBUG:colcon.colcon_parallel_executor.executor.parallel:run_until_complete
[0.716s] INFO:colcon.colcon_ros.task.ament_cmake.build:Building ROS package in '/home/madhav/mrt_ws/src/aruco_interfaces' with build type 'ament_cmake'
[0.716s] INFO:colcon.colcon_cmake.task.cmake.build:Building CMake package in '/home/madhav/mrt_ws/src/aruco_interfaces'
[0.724s] INFO:colcon.colcon_core.plugin_system:Skipping extension 'colcon_core.shell.bat': Not used on non-Windows systems
[0.724s] INFO:colcon.colcon_core.shell:Skip shell extension 'powershell' for command environment: Not usable outside of PowerShell
[0.724s] DEBUG:colcon.colcon_core.shell:Skip shell extension 'dsv' for command environment
[0.778s] DEBUG:colcon.colcon_core.event_handler.log_command:Invoking command in '/home/madhav/mrt_ws/build/aruco_interfaces': CMAKE_PREFIX_PATH=${CMAKE_PREFIX_PATH}:/home/madhav/mrt_ws/install/aruco_markers:/home/madhav/erc_ws/install/week1_tutorials:/home/madhav/erc_ws/install/week0_tutorials:/home/madhav/erc_ws/install/sherlock:/opt/ros/humble /usr/bin/cmake --build /home/madhav/mrt_ws/build/aruco_interfaces -- -j12 -l12
[1.162s] DEBUG:colcon.colcon_core.event_handler.log_command:Invoked command in '/home/madhav/mrt_ws/build/aruco_interfaces' returned '0': CMAKE_PREFIX_PATH=${CMAKE_PREFIX_PATH}:/home/madhav/mrt_ws/install/aruco_markers:/home/madhav/erc_ws/install/week1_tutorials:/home/madhav/erc_ws/install/week0_tutorials:/home/madhav/erc_ws/install/sherlock:/opt/ros/humble /usr/bin/cmake --build /home/madhav/mrt_ws/build/aruco_interfaces -- -j12 -l12
[1.274s] DEBUG:colcon.colcon_core.event_handler.log_command:Invoking command in '/home/madhav/mrt_ws/build/aruco_interfaces': CMAKE_PREFIX_PATH=${CMAKE_PREFIX_PATH}:/home/madhav/mrt_ws/install/aruco_markers:/home/madhav/erc_ws/install/week1_tutorials:/home/madhav/erc_ws/install/week0_tutorials:/home/madhav/erc_ws/install/sherlock:/opt/ros/humble /usr/bin/cmake --install /home/madhav/mrt_ws/build/aruco_interfaces
[1.412s] Level 1:colcon.colcon_core.environment:create_environment_scripts_only(aruco_interfaces)
[1.413s] DEBUG:colcon.colcon_core.event_handler.log_command:Invoked command in '/home/madhav/mrt_ws/build/aruco_interfaces' returned '0': CMAKE_PREFIX_PATH=${CMAKE_PREFIX_PATH}:/home/madhav/mrt_ws/install/aruco_markers:/home/madhav/erc_ws/install/week1_tutorials:/home/madhav/erc_ws/install/week0_tutorials:/home/madhav/erc_ws/install/sherlock:/opt/ros/humble /usr/bin/cmake --install /home/madhav/mrt_ws/build/aruco_interfaces
[1.432s] Level 1:colcon.colcon_core.environment:checking '/home/madhav/mrt_ws/install/aruco_interfaces' for CMake module files
[1.432s] Level 1:colcon.colcon_core.environment:checking '/home/madhav/mrt_ws/install/aruco_interfaces' for CMake config files
[1.433s] Level 1:colcon.colcon_core.shell:create_environment_hook('aruco_interfaces', 'cmake_prefix_path')
[1.447s] INFO:colcon.colcon_core.shell:Creating environment hook '/home/madhav/mrt_ws/install/aruco_interfaces/share/aruco_interfaces/hook/cmake_prefix_path.ps1'
[1.447s] INFO:colcon.colcon_core.shell:Creating environment descriptor '/home/madhav/mrt_ws/install/aruco_interfaces/share/aruco_interfaces/hook/cmake_prefix_path.dsv'
[1.448s] INFO:colcon.colcon_core.shell:Creating environment hook '/home/madhav/mrt_ws/install/aruco_interfaces/share/aruco_interfaces/hook/cmake_prefix_path.sh'
[1.449s] Level 1:colcon.colcon_core.environment:checking '/home/madhav/mrt_ws/install/aruco_interfaces/lib'
[1.449s] Level 1:colcon.colcon_core.shell:create_environment_hook('aruco_interfaces', 'ld_library_path_lib')
[1.463s] INFO:colcon.colcon_core.shell:Creating environment hook '/home/madhav/mrt_ws/install/aruco_interfaces/share/aruco_interfaces/hook/ld_library_path_lib.ps1'
[1.463s] INFO:colcon.colcon_core.shell:Creating environment descriptor '/home/madhav/mrt_ws/install/aruco_interfaces/share/aruco_interfaces/hook/ld_library_path_lib.dsv'
[1.464s] INFO:colcon.colcon_core.shell:Creating environment hook '/home/madhav/mrt_ws/install/aruco_interfaces/share/aruco_interfaces/hook/ld_library_path_lib.sh'
[1.464s] Level 1:colcon.colcon_core.environment:checking '/home/madhav/mrt_ws/install/aruco_interfaces/bin'
[1.464s] Level 1:colcon.colcon_core.environment:checking '/home/madhav/mrt_ws/install/aruco_interfaces/lib/pkgconfig/aruco_interfaces.pc'
[1.464s] Level 1:colcon.colcon_core.environment:checking '/home/madhav/mrt_ws/install/aruco_interfaces/lib/python3.10/site-packages'
[1.465s] Level 1:colcon.colcon_core.environment:checking '/home/madhav/mrt_ws/install/aruco_interfaces/bin'
[1.478s] INFO:colcon.colcon_core.shell:Creating package script '/home/madhav/mrt_ws/install/aruco_interfaces/share/aruco_interfaces/package.ps1'
[1.478s] INFO:colcon.colcon_core.shell:Creating package descriptor '/home/madhav/mrt_ws/install/aruco_interfaces/share/aruco_interfaces/package.dsv'
[1.479s] INFO:colcon.colcon_core.shell:Creating package script '/home/madhav/mrt_ws/install/aruco_interfaces/share/aruco_interfaces/package.sh'
[1.480s] INFO:colcon.colcon_core.shell:Creating package script '/home/madhav/mrt_ws/install/aruco_interfaces/share/aruco_interfaces/package.bash'
[1.480s] INFO:colcon.colcon_core.shell:Creating package script '/home/madhav/mrt_ws/install/aruco_interfaces/share/aruco_interfaces/package.zsh'
[1.481s] Level 1:colcon.colcon_core.environment:create_file_with_runtime_dependencies(/home/madhav/mrt_ws/install/aruco_interfaces/share/colcon-core/packages/aruco_interfaces)
[1.616s] Level 1:colcon.colcon_core.environment:create_environment_scripts_only(aruco_interfaces)
[1.629s] Level 1:colcon.colcon_core.environment:checking '/home/madhav/mrt_ws/install/aruco_interfaces' for CMake module files
[1.630s] Level 1:colcon.colcon_core.environment:checking '/home/madhav/mrt_ws/install/aruco_interfaces' for CMake config files
[1.630s] Level 1:colcon.colcon_core.shell:create_environment_hook('aruco_interfaces', 'cmake_prefix_path')
[1.644s] INFO:colcon.colcon_core.shell:Creating environment hook '/home/madhav/mrt_ws/install/aruco_interfaces/share/aruco_interfaces/hook/cmake_prefix_path.ps1'
[1.644s] INFO:colcon.colcon_core.shell:Creating environment descriptor '/home/madhav/mrt_ws/install/aruco_interfaces/share/aruco_interfaces/hook/cmake_prefix_path.dsv'
[1.644s] INFO:colcon.colcon_core.shell:Creating environment hook '/home/madhav/mrt_ws/install/aruco_interfaces/share/aruco_interfaces/hook/cmake_prefix_path.sh'
[1.645s] Level 1:colcon.colcon_core.environment:checking '/home/madhav/mrt_ws/install/aruco_interfaces/lib'
[1.645s] Level 1:colcon.colcon_core.shell:create_environment_hook('aruco_interfaces', 'ld_library_path_lib')
[1.659s] INFO:colcon.colcon_core.shell:Creating environment hook '/home/madhav/mrt_ws/install/aruco_interfaces/share/aruco_interfaces/hook/ld_library_path_lib.ps1'
[1.660s] INFO:colcon.colcon_core.shell:Creating environment descriptor '/home/madhav/mrt_ws/install/aruco_interfaces/share/aruco_interfaces/hook/ld_library_path_lib.dsv'
[1.660s] INFO:colcon.colcon_core.shell:Creating environment hook '/home/madhav/mrt_ws/install/aruco_interfaces/share/aruco_interfaces/hook/ld_library_path_lib.sh'
[1.661s] Level 1:colcon.colcon_core.environment:checking '/home/madhav/mrt_ws/install/aruco_interfaces/bin'
[1.661s] Level 1:colcon.colcon_core.environment:checking '/home/madhav/mrt_ws/install/aruco_interfaces/lib/pkgconfig/aruco_interfaces.pc'
[1.661s] Level 1:colcon.colcon_core.environment:checking '/home/madhav/mrt_ws/install/aruco_interfaces/lib/python3.10/site-packages'
[1.661s] Level 1:colcon.colcon_core.environment:checking '/home/madhav/mrt_ws/install/aruco_interfaces/bin'
[1.675s] INFO:colcon.colcon_core.shell:Creating package script '/home/madhav/mrt_ws/install/aruco_interfaces/share/aruco_interfaces/package.ps1'
[1.675s] INFO:colcon.colcon_core.shell:Creating package descriptor '/home/madhav/mrt_ws/install/aruco_interfaces/share/aruco_interfaces/package.dsv'
[1.676s] INFO:colcon.colcon_core.shell:Creating package script '/home/madhav/mrt_ws/install/aruco_interfaces/share/aruco_interfaces/package.sh'
[1.676s] INFO:colcon.colcon_core.shell:Creating package script '/home/madhav/mrt_ws/install/aruco_interfaces/share/aruco_interfaces/package.bash'
[1.677s] INFO:colcon.colcon_core.shell:Creating package script '/home/madhav/mrt_ws/install/aruco_interfaces/share/aruco_interfaces/package.zsh'
[1.677s] Level 1:colcon.colcon_core.environment:create_file_with_runtime_dependencies(/home/madhav/mrt_ws/install/aruco_interfaces/share/colcon-core/packages/aruco_interfaces)
[1.677s] INFO:colcon.colcon_ros.task.ament_python.build:Building ROS package in '/home/madhav/mrt_ws/src/aruco_markers' with build type 'ament_python'
[1.677s] Level 1:colcon.colcon_core.shell:create_environment_hook('aruco_markers', 'ament_prefix_path')
[1.691s] INFO:colcon.colcon_core.shell:Creating environment hook '/home/madhav/mrt_ws/install/aruco_markers/share/aruco_markers/hook/ament_prefix_path.ps1'
[1.692s] INFO:colcon.colcon_core.shell:Creating environment descriptor '/home/madhav/mrt_ws/install/aruco_markers/share/aruco_markers/hook/ament_prefix_path.dsv'
[1.692s] INFO:colcon.colcon_core.shell:Creating environment hook '/home/madhav/mrt_ws/install/aruco_markers/share/aruco_markers/hook/ament_prefix_path.sh'
[1.708s] INFO:colcon.colcon_core.shell:Skip shell extension 'powershell' for command environment: Not usable outside of PowerShell
[1.708s] DEBUG:colcon.colcon_core.shell:Skip shell extension 'dsv' for command environment
[1.943s] INFO:colcon.colcon_core.task.python.build:Building Python package in '/home/madhav/mrt_ws/src/aruco_markers'
[1.950s] INFO:colcon.colcon_core.shell:Skip shell extension 'powershell' for command environment: Not usable outside of PowerShell
[1.950s] DEBUG:colcon.colcon_core.shell:Skip shell extension 'dsv' for command environment
[2.329s] DEBUG:colcon.colcon_core.event_handler.log_command:Invoking command in '/home/madhav/mrt_ws/src/aruco_markers': PYTHONPATH=/home/madhav/mrt_ws/build/aruco_markers/prefix_override:/home/madhav/mrt_ws/install/aruco_markers/lib/python3.10/site-packages:${PYTHONPATH} /usr/bin/python3 setup.py egg_info --egg-base ../../build/aruco_markers build --build-base /home/madhav/mrt_ws/build/aruco_markers/build install --record /home/madhav/mrt_ws/build/aruco_markers/install.log --single-version-externally-managed
[2.606s] DEBUG:colcon.colcon_core.event_handler.log_command:Invoked command in '/home/madhav/mrt_ws/src/aruco_markers' returned '0': PYTHONPATH=/home/madhav/mrt_ws/build/aruco_markers/prefix_override:/home/madhav/mrt_ws/install/aruco_markers/lib/python3.10/site-packages:${PYTHONPATH} /usr/bin/python3 setup.py egg_info --egg-base ../../build/aruco_markers build --build-base /home/madhav/mrt_ws/build/aruco_markers/build install --record /home/madhav/mrt_ws/build/aruco_markers/install.log --single-version-externally-managed
[2.628s] Level 1:colcon.colcon_core.environment:checking '/home/madhav/mrt_ws/install/aruco_markers' for CMake module files
[2.628s] Level 1:colcon.colcon_core.environment:checking '/home/madhav/mrt_ws/install/aruco_markers' for CMake config files
[2.629s] Level 1:colcon.colcon_core.environment:checking '/home/madhav/mrt_ws/install/aruco_markers/lib'
[2.629s] Level 1:colcon.colcon_core.environment:checking '/home/madhav/mrt_ws/install/aruco_markers/bin'
[2.629s] Level 1:colcon.colcon_core.environment:checking '/home/madhav/mrt_ws/install/aruco_markers/lib/pkgconfig/aruco_markers.pc'
[2.630s] Level 1:colcon.colcon_core.environment:checking '/home/madhav/mrt_ws/install/aruco_markers/lib/python3.10/site-packages'
[2.630s] Level 1:colcon.colcon_core.shell:create_environment_hook('aruco_markers', 'pythonpath')
[2.644s] INFO:colcon.colcon_core.shell:Creating environment hook '/home/madhav/mrt_ws/install/aruco_markers/share/aruco_markers/hook/pythonpath.ps1'
[2.644s] INFO:colcon.colcon_core.shell:Creating environment descriptor '/home/madhav/mrt_ws/install/aruco_markers/share/aruco_markers/hook/pythonpath.dsv'
[2.645s] INFO:colcon.colcon_core.shell:Creating environment hook '/home/madhav/mrt_ws/install/aruco_markers/share/aruco_markers/hook/pythonpath.sh'
[2.645s] Level 1:colcon.colcon_core.environment:checking '/home/madhav/mrt_ws/install/aruco_markers/bin'
[2.645s] Level 1:colcon.colcon_core.environment:create_environment_scripts_only(aruco_markers)
[2.660s] INFO:colcon.colcon_core.shell:Creating package script '/home/madhav/mrt_ws/install/aruco_markers/share/aruco_markers/package.ps1'
[2.661s] INFO:colcon.colcon_core.shell:Creating package descriptor '/home/madhav/mrt_ws/install/aruco_markers/share/aruco_markers/package.dsv'
[2.661s] INFO:colcon.colcon_core.shell:Creating package script '/home/madhav/mrt_ws/install/aruco_markers/share/aruco_markers/package.sh'
[2.662s] INFO:colcon.colcon_core.shell:Creating package script '/home/madhav/mrt_ws/install/aruco_markers/share/aruco_markers/package.bash'
[2.662s] INFO:colcon.colcon_core.shell:Creating package script '/home/madhav/mrt_ws/install/aruco_markers/share/aruco_markers/package.zsh'
[2.662s] Level 1:colcon.colcon_core.environment:create_file_with_runtime_dependencies(/home/madhav/mrt_ws/install/aruco_markers/share/colcon-core/packages/aruco_markers)
[2.662s] DEBUG:colcon.colcon_parallel_executor.executor.parallel:closing loop
[2.663s] DEBUG:colcon.colcon_parallel_executor.executor.parallel:loop closed
[2.663s] DEBUG:colcon.colcon_parallel_executor.executor.parallel:run_until_complete finished with '0'
[2.663s] DEBUG:colcon.colcon_core.event_reactor:joining thread
[2.682s] INFO:colcon.colcon_core.plugin_system:Skipping extension 'colcon_notification.desktop_notification.terminal_notifier': Not used on non-Darwin systems
[2.682s] INFO:colcon.colcon_core.plugin_system:Skipping extension 'colcon_notification.desktop_notification.win32': Not used on non-Windows systems
[2.683s] INFO:colcon.colcon_notification.desktop_notification:Sending desktop notification using 'notify2'
[2.698s] DEBUG:colcon.colcon_core.event_reactor:joined thread
[2.717s] INFO:colcon.colcon_core.shell:Creating prefix script '/home/madhav/mrt_ws/install/local_setup.ps1'
[2.718s] INFO:colcon.colcon_core.shell:Creating prefix util module '/home/madhav/mrt_ws/install/_local_setup_util_ps1.py'
[2.720s] INFO:colcon.colcon_core.shell:Creating prefix chain script '/home/madhav/mrt_ws/install/setup.ps1'
[2.736s] INFO:colcon.colcon_core.shell:Creating prefix script '/home/madhav/mrt_ws/install/local_setup.sh'
[2.737s] INFO:colcon.colcon_core.shell:Creating prefix util module '/home/madhav/mrt_ws/install/_local_setup_util_sh.py'
[2.737s] INFO:colcon.colcon_core.shell:Creating prefix chain script '/home/madhav/mrt_ws/install/setup.sh'
[2.753s] INFO:colcon.colcon_core.shell:Creating prefix script '/home/madhav/mrt_ws/install/local_setup.bash'
[2.754s] INFO:colcon.colcon_core.shell:Creating prefix chain script '/home/madhav/mrt_ws/install/setup.bash'
[2.770s] INFO:colcon.colcon_core.shell:Creating prefix script '/home/madhav/mrt_ws/install/local_setup.zsh'
[2.771s] INFO:colcon.colcon_core.shell:Creating prefix chain script '/home/madhav/mrt_ws/install/setup.zsh'
